#***************************************************************************

#sjplacer

#Version:            1.1

#Build Date:         Apr 25 2016 12:55:34

#File Generated:     Dec 8 2019 16:24:17

#Purpose:            

#Copyright (C) 2010-2011 by Softjin Technologies Pvt Ltd. All rights reserved.

#***************************************************************************

Executing : F:\Apps\PSoC Creator\3.3\PSoC Creator\bin/sjplacer.exe --proj-name Design01 --netlist-vh2 Design01_p.vh2 --arch-file F:\Apps\PSoC Creator\3.3\PSoC Creator\dev/arch/p35_udb4x6.ark --rrg-file F:\Apps\PSoC Creator\3.3\PSoC Creator\dev/psoc5/psoc5lp/route_arch-rrg.cydata --irq-file F:\Apps\PSoC Creator\3.3\PSoC Creator\dev/psoc5/psoc5lp/irqconn.cydata --drq-file F:\Apps\PSoC Creator\3.3\PSoC Creator\dev/psoc5/psoc5lp/dmaconn.cydata --dsi-conn-file F:\Apps\PSoC Creator\3.3\PSoC Creator\dev/psoc5/psoc5lp/dsiconn.cydata --pins-file pins_68-QFN.xml --lib-file Design01_p.lib --sdc-file Design01.sdc --io-pcf Design01.pci --outdir .

		Softjin Techologies Placer, Version 1.1

Build Date : Apr 25 2016	12:53:53

D2004: Option and Settings Summary
=============================================================
Netlist vh2 file          - Design01_p.vh2
Architecture file         - F:\Apps\PSoC Creator\3.3\PSoC Creator\dev/arch/p35_udb4x6.ark
Package                   - 
Defparam file             - 
SDC file                  - Design01.sdc
Output directory          - .
Timing library            - Design01_p.lib
IO Placement file         - Design01.pci

D2050: Starting reading inputs for placer
=============================================================
D2065: Reading netlist file : "Design01_p.vh2"
D2065: Reading arch file : "F:\Apps\PSoC Creator\3.3\PSoC Creator\dev/arch/p35_udb4x6.ark"
D2051: Reading of inputs for placer completed successfully

D2053: Starting placement of the design
=============================================================

Phase 2
Phase 3

Design Statistics after Packing
    Number of Combinational MCs 	:	8
    Number of Sequential MCs    	:	54
    Number of DPs               	:	16
    Number of Controls          	:	8
    Number of Status            	:	8
    Number of SyncCells         	:	0
    Number of count7cells       	:	0

Device Utilization Summary after Packing
    Macrocells                  :	62/192
    UDBS                        :	16/24
    IOs                         :	14/72


D2088: Phase 3, elapsed time : 0.0 (sec)

Phase 4
D2088: Phase 4, elapsed time : 0.0 (sec)

Phase 5
D2088: Phase 5, elapsed time : 0.0 (sec)

Phase 6

######################################################################
Placement Timing Summary

The timing summary is based on estimated routing delays after
placement. For final timing report, please carry out the timing
analysis after routing.
======================================================================

######################################################################
                     Clock Summary 
======================================================================
Number of clocks: 13
Clock: Clock_1              | Frequency:  59.7 MHz | Target:   0.3 MHz
Clock: Clock_2              | Frequency:  59.7 MHz | Target:   0.3 MHz
Clock: Clock_3              | Frequency:  59.7 MHz | Target:   0.3 MHz
Clock: Clock_4              | Frequency:  59.7 MHz | Target:   0.3 MHz
Clock: Clock_5              | Frequency:  59.7 MHz | Target:   0.3 MHz
Clock: Clock_6              | Frequency:  59.7 MHz | Target:   0.3 MHz
Clock: Clock_7              | Frequency:  59.7 MHz | Target:   0.3 MHz
Clock: Clock_8              | Frequency:  59.7 MHz | Target:   0.3 MHz
Clock: CyBUS_CLK            | Frequency: N/A       | Target:  24.0 MHz
Clock: CyILO                | Frequency: N/A       | Target:   0.0 MHz
Clock: CyIMO                | Frequency: N/A       | Target:   3.0 MHz
Clock: CyMASTER_CLK         | Frequency: N/A       | Target:  24.0 MHz
Clock: CyPLL_OUT            | Frequency: N/A       | Target:  24.0 MHz

======================================================================
                     End of Clock Summary
######################################################################

D2088: Phase 6, elapsed time : 0.1 (sec)

Phase 7
######################################################################
                     Clock Summary 
======================================================================
Number of clocks: 13
Clock: Clock_1              | Frequency:  59.7 MHz | Target:   0.3 MHz
Clock: Clock_2              | Frequency:  59.7 MHz | Target:   0.3 MHz
Clock: Clock_3              | Frequency:  59.7 MHz | Target:   0.3 MHz
Clock: Clock_4              | Frequency:  59.7 MHz | Target:   0.3 MHz
Clock: Clock_5              | Frequency:  59.7 MHz | Target:   0.3 MHz
Clock: Clock_6              | Frequency:  59.7 MHz | Target:   0.3 MHz
Clock: Clock_7              | Frequency:  59.7 MHz | Target:   0.3 MHz
Clock: Clock_8              | Frequency:  59.7 MHz | Target:   0.3 MHz
Clock: CyBUS_CLK            | Frequency: N/A       | Target:  24.0 MHz
Clock: CyILO                | Frequency: N/A       | Target:   0.0 MHz
Clock: CyIMO                | Frequency: N/A       | Target:   3.0 MHz
Clock: CyMASTER_CLK         | Frequency: N/A       | Target:  24.0 MHz
Clock: CyPLL_OUT            | Frequency: N/A       | Target:  24.0 MHz

======================================================================
                     End of Clock Summary
######################################################################
D2088: Phase 7, elapsed time : 0.5 (sec)

Final Design Statistics
    Number of Combinational MCs 	:	8
    Number of Sequential MCs    	:	54
    Number of DPs               	:	16
    Number of Controls          	:	8
    Number of Status            	:	8
    Number of SyncCells         	:	0
    Number of count7cells       	:	0
    Number of IOs       	:	14

Device Utilization Summary
    Macrocells                  :	62/192
    IOs                         :	14/72



######################################################################
Placement Timing Summary

The timing summary is based on estimated routing delays after
placement. For final timing report, please carry out the timing
analysis after routing.
======================================================================


######################################################################
                     Clock Summary 
======================================================================
Number of clocks: 13
Clock: Clock_1              | Frequency:  59.7 MHz | Target:   0.4 MHz
Clock: Clock_2              | Frequency:  59.7 MHz | Target:   0.4 MHz
Clock: Clock_3              | Frequency:  59.7 MHz | Target:   0.4 MHz
Clock: Clock_4              | Frequency:  59.7 MHz | Target:   0.4 MHz
Clock: Clock_5              | Frequency:  59.7 MHz | Target:   0.4 MHz
Clock: Clock_6              | Frequency:  59.7 MHz | Target:   0.4 MHz
Clock: Clock_7              | Frequency:  59.7 MHz | Target:   0.4 MHz
Clock: Clock_8              | Frequency:  59.7 MHz | Target:   0.4 MHz
Clock: CyBUS_CLK            | Frequency: N/A       | Target:  24.0 MHz
Clock: CyILO                | Frequency: N/A       | Target:   0.0 MHz
Clock: CyIMO                | Frequency: N/A       | Target:   3.0 MHz
Clock: CyMASTER_CLK         | Frequency: N/A       | Target:  24.0 MHz
Clock: CyPLL_OUT            | Frequency: N/A       | Target:  24.0 MHz

======================================================================
                     End of Clock Summary
######################################################################

Phase 6

######################################################################
Placement Timing Summary

The timing summary is based on estimated routing delays after
placement. For final timing report, please carry out the timing
analysis after routing.
======================================================================

######################################################################
                     Clock Summary 
======================================================================
Number of clocks: 13
Clock: Clock_1              | Frequency:  59.7 MHz | Target:   0.4 MHz
Clock: Clock_2              | Frequency:  59.7 MHz | Target:   0.4 MHz
Clock: Clock_3              | Frequency:  59.7 MHz | Target:   0.4 MHz
Clock: Clock_4              | Frequency:  59.7 MHz | Target:   0.4 MHz
Clock: Clock_5              | Frequency:  59.7 MHz | Target:   0.4 MHz
Clock: Clock_6              | Frequency:  59.7 MHz | Target:   0.4 MHz
Clock: Clock_7              | Frequency:  59.7 MHz | Target:   0.4 MHz
Clock: Clock_8              | Frequency:  59.7 MHz | Target:   0.4 MHz
Clock: CyBUS_CLK            | Frequency: N/A       | Target:  24.0 MHz
Clock: CyILO                | Frequency: N/A       | Target:   0.0 MHz
Clock: CyIMO                | Frequency: N/A       | Target:   3.0 MHz
Clock: CyMASTER_CLK         | Frequency: N/A       | Target:  24.0 MHz
Clock: CyPLL_OUT            | Frequency: N/A       | Target:  24.0 MHz

======================================================================
                     End of Clock Summary
######################################################################

D2088: Phase 6, elapsed time : 0.1 (sec)

Phase 7
######################################################################
                     Clock Summary 
======================================================================
Number of clocks: 13
Clock: Clock_1              | Frequency:  59.7 MHz | Target:   0.4 MHz
Clock: Clock_2              | Frequency:  59.7 MHz | Target:   0.4 MHz
Clock: Clock_3              | Frequency:  59.7 MHz | Target:   0.4 MHz
Clock: Clock_4              | Frequency:  59.7 MHz | Target:   0.4 MHz
Clock: Clock_5              | Frequency:  59.7 MHz | Target:   0.4 MHz
Clock: Clock_6              | Frequency:  59.7 MHz | Target:   0.4 MHz
Clock: Clock_7              | Frequency:  59.7 MHz | Target:   0.4 MHz
Clock: Clock_8              | Frequency:  59.7 MHz | Target:   0.4 MHz
Clock: CyBUS_CLK            | Frequency: N/A       | Target:  24.0 MHz
Clock: CyILO                | Frequency: N/A       | Target:   0.0 MHz
Clock: CyIMO                | Frequency: N/A       | Target:   3.0 MHz
Clock: CyMASTER_CLK         | Frequency: N/A       | Target:  24.0 MHz
Clock: CyPLL_OUT            | Frequency: N/A       | Target:  24.0 MHz

======================================================================
                     End of Clock Summary
######################################################################
D2088: Phase 7, elapsed time : 0.9 (sec)

Final Design Statistics
    Number of Combinational MCs 	:	8
    Number of Sequential MCs    	:	54
    Number of DPs               	:	16
    Number of Controls          	:	8
    Number of Status            	:	8
    Number of SyncCells         	:	0
    Number of count7cells       	:	0
    Number of IOs       	:	14

Device Utilization Summary
    Macrocells                  :	62/192
    IOs                         :	14/72



######################################################################
Placement Timing Summary

The timing summary is based on estimated routing delays after
placement. For final timing report, please carry out the timing
analysis after routing.
======================================================================


######################################################################
                     Clock Summary 
======================================================================
Number of clocks: 13
Clock: Clock_1              | Frequency:  59.7 MHz | Target:   0.4 MHz
Clock: Clock_2              | Frequency:  59.7 MHz | Target:   0.4 MHz
Clock: Clock_3              | Frequency:  59.7 MHz | Target:   0.4 MHz
Clock: Clock_4              | Frequency:  59.7 MHz | Target:   0.4 MHz
Clock: Clock_5              | Frequency:  59.7 MHz | Target:   0.4 MHz
Clock: Clock_6              | Frequency:  59.7 MHz | Target:   0.4 MHz
Clock: Clock_7              | Frequency:  59.7 MHz | Target:   0.4 MHz
Clock: Clock_8              | Frequency:  59.7 MHz | Target:   0.4 MHz
Clock: CyBUS_CLK            | Frequency: N/A       | Target:  24.0 MHz
Clock: CyILO                | Frequency: N/A       | Target:   0.0 MHz
Clock: CyIMO                | Frequency: N/A       | Target:   3.0 MHz
Clock: CyMASTER_CLK         | Frequency: N/A       | Target:  24.0 MHz
Clock: CyPLL_OUT            | Frequency: N/A       | Target:  24.0 MHz

======================================================================
                     End of Clock Summary
######################################################################

Phase 8
D2088: Phase 8, elapsed time : 0.0 (sec)

D2054: Placement of the design completed successfully

I2076: Total run-time: 2.9 sec.

