ARM GAS  C:\Users\SANDEE~1\AppData\Local\Temp\ccEyU2fF.s 			page 1


   1              		.syntax unified
   2              		.cpu cortex-m3
   3              		.fpu softvfp
   4              		.eabi_attribute 20, 1
   5              		.eabi_attribute 21, 1
   6              		.eabi_attribute 23, 3
   7              		.eabi_attribute 24, 1
   8              		.eabi_attribute 25, 1
   9              		.eabi_attribute 26, 1
  10              		.eabi_attribute 30, 1
  11              		.eabi_attribute 34, 1
  12              		.eabi_attribute 18, 4
  13              		.thumb
  14              		.syntax unified
  15              		.file	"cymetadata.c"
  16              		.text
  17              	.Ltext0:
  18              		.cfi_sections	.debug_frame
  19              		.global	cy_metadata
  20              		.global	cy_meta_flashprotect
  21              		.global	cy_meta_wonvl
  22              		.global	cy_meta_custnvl
  23              		.global	cy_meta_configecc
  24              		.section	.cyconfigecc,"a",%progbits
  25              		.align	2
  26              		.type	cy_meta_configecc, %object
  27              		.size	cy_meta_configecc, 1964
  28              	cy_meta_configecc:
  29 0000 06       		.byte	6
  30 0001 52       		.byte	82
  31 0002 00       		.byte	0
  32 0003 40       		.byte	64
  33 0004 04       		.byte	4
  34 0005 64       		.byte	100
  35 0006 00       		.byte	0
  36 0007 40       		.byte	64
  37 0008 04       		.byte	4
  38 0009 65       		.byte	101
  39 000a 00       		.byte	0
  40 000b 40       		.byte	64
  41 000c 45       		.byte	69
  42 000d 04       		.byte	4
  43 000e 01       		.byte	1
  44 000f 40       		.byte	64
  45 0010 22       		.byte	34
  46 0011 05       		.byte	5
  47 0012 01       		.byte	1
  48 0013 40       		.byte	64
  49 0014 44       		.byte	68
  50 0015 06       		.byte	6
  51 0016 01       		.byte	1
  52 0017 40       		.byte	64
  53 0018 23       		.byte	35
  54 0019 07       		.byte	7
  55 001a 01       		.byte	1
  56 001b 40       		.byte	64
  57 001c 44       		.byte	68
ARM GAS  C:\Users\SANDEE~1\AppData\Local\Temp\ccEyU2fF.s 			page 2


  58 001d 08       		.byte	8
  59 001e 01       		.byte	1
  60 001f 40       		.byte	64
  61 0020 24       		.byte	36
  62 0021 09       		.byte	9
  63 0022 01       		.byte	1
  64 0023 40       		.byte	64
  65 0024 42       		.byte	66
  66 0025 0A       		.byte	10
  67 0026 01       		.byte	1
  68 0027 40       		.byte	64
  69 0028 21       		.byte	33
  70 0029 0B       		.byte	11
  71 002a 01       		.byte	1
  72 002b 40       		.byte	64
  73 002c 45       		.byte	69
  74 002d 14       		.byte	20
  75 002e 01       		.byte	1
  76 002f 40       		.byte	64
  77 0030 23       		.byte	35
  78 0031 15       		.byte	21
  79 0032 01       		.byte	1
  80 0033 40       		.byte	64
  81 0034 44       		.byte	68
  82 0035 16       		.byte	22
  83 0036 01       		.byte	1
  84 0037 40       		.byte	64
  85 0038 1F       		.byte	31
  86 0039 17       		.byte	23
  87 003a 01       		.byte	1
  88 003b 40       		.byte	64
  89 003c 44       		.byte	68
  90 003d 18       		.byte	24
  91 003e 01       		.byte	1
  92 003f 40       		.byte	64
  93 0040 20       		.byte	32
  94 0041 19       		.byte	25
  95 0042 01       		.byte	1
  96 0043 40       		.byte	64
  97 0044 45       		.byte	69
  98 0045 1A       		.byte	26
  99 0046 01       		.byte	1
 100 0047 40       		.byte	64
 101 0048 26       		.byte	38
 102 0049 1B       		.byte	27
 103 004a 01       		.byte	1
 104 004b 40       		.byte	64
 105 004c 0B       		.byte	11
 106 004d 41       		.byte	65
 107 004e 01       		.byte	1
 108 004f 40       		.byte	64
 109 0050 0A       		.byte	10
 110 0051 42       		.byte	66
 111 0052 01       		.byte	1
 112 0053 40       		.byte	64
 113 0054 08       		.byte	8
 114 0055 43       		.byte	67
ARM GAS  C:\Users\SANDEE~1\AppData\Local\Temp\ccEyU2fF.s 			page 3


 115 0056 01       		.byte	1
 116 0057 40       		.byte	64
 117 0058 04       		.byte	4
 118 0059 45       		.byte	69
 119 005a 01       		.byte	1
 120 005b 40       		.byte	64
 121 005c 02       		.byte	2
 122 005d 46       		.byte	70
 123 005e 01       		.byte	1
 124 005f 40       		.byte	64
 125 0060 08       		.byte	8
 126 0061 47       		.byte	71
 127 0062 01       		.byte	1
 128 0063 40       		.byte	64
 129 0064 04       		.byte	4
 130 0065 48       		.byte	72
 131 0066 01       		.byte	1
 132 0067 40       		.byte	64
 133 0068 05       		.byte	5
 134 0069 49       		.byte	73
 135 006a 01       		.byte	1
 136 006b 40       		.byte	64
 137 006c 0E       		.byte	14
 138 006d 4C       		.byte	76
 139 006e 01       		.byte	1
 140 006f 40       		.byte	64
 141 0070 05       		.byte	5
 142 0071 4D       		.byte	77
 143 0072 01       		.byte	1
 144 0073 40       		.byte	64
 145 0074 06       		.byte	6
 146 0075 50       		.byte	80
 147 0076 01       		.byte	1
 148 0077 40       		.byte	64
 149 0078 00       		.byte	0
 150 0079 55       		.byte	85
 151 007a 01       		.byte	1
 152 007b 93       		.byte	-109
 153 007c 08       		.byte	8
 154 007d A0       		.byte	-96
 155 007e 09       		.byte	9
 156 007f 90       		.byte	-112
 157 0080 10       		.byte	16
 158 0081 02       		.byte	2
 159 0082 11       		.byte	17
 160 0083 04       		.byte	4
 161 0084 85       		.byte	-123
 162 0085 0F       		.byte	15
 163 0086 87       		.byte	-121
 164 0087 0F       		.byte	15
 165 0088 89       		.byte	-119
 166 0089 0F       		.byte	15
 167 008a 8B       		.byte	-117
 168 008b 0F       		.byte	15
 169 008c 85       		.byte	-123
 170 008d 0F       		.byte	15
 171 008e 87       		.byte	-121
ARM GAS  C:\Users\SANDEE~1\AppData\Local\Temp\ccEyU2fF.s 			page 4


 172 008f 0F       		.byte	15
 173 0090 89       		.byte	-119
 174 0091 0F       		.byte	15
 175 0092 8B       		.byte	-117
 176 0093 0F       		.byte	15
 177 0094 40       		.byte	64
 178 0095 30       		.byte	48
 179 0096 41       		.byte	65
 180 0097 02       		.byte	2
 181 0098 49       		.byte	73
 182 0099 FF       		.byte	-1
 183 009a 4A       		.byte	74
 184 009b FF       		.byte	-1
 185 009c 4B       		.byte	75
 186 009d FF       		.byte	-1
 187 009e 4D       		.byte	77
 188 009f A0       		.byte	-96
 189 00a0 4F       		.byte	79
 190 00a1 04       		.byte	4
 191 00a2 50       		.byte	80
 192 00a3 18       		.byte	24
 193 00a4 5A       		.byte	90
 194 00a5 04       		.byte	4
 195 00a6 5D       		.byte	93
 196 00a7 05       		.byte	5
 197 00a8 5F       		.byte	95
 198 00a9 01       		.byte	1
 199 00aa 60       		.byte	96
 200 00ab 40       		.byte	64
 201 00ac 62       		.byte	98
 202 00ad C0       		.byte	-64
 203 00ae 64       		.byte	100
 204 00af 40       		.byte	64
 205 00b0 65       		.byte	101
 206 00b1 40       		.byte	64
 207 00b2 66       		.byte	102
 208 00b3 C0       		.byte	-64
 209 00b4 68       		.byte	104
 210 00b5 C0       		.byte	-64
 211 00b6 6A       		.byte	106
 212 00b7 C0       		.byte	-64
 213 00b8 6C       		.byte	108
 214 00b9 C0       		.byte	-64
 215 00ba 6E       		.byte	110
 216 00bb C0       		.byte	-64
 217 00bc 83       		.byte	-125
 218 00bd 0C       		.byte	12
 219 00be 87       		.byte	-121
 220 00bf 03       		.byte	3
 221 00c0 8A       		.byte	-118
 222 00c1 0E       		.byte	14
 223 00c2 91       		.byte	-111
 224 00c3 02       		.byte	2
 225 00c4 96       		.byte	-106
 226 00c5 02       		.byte	2
 227 00c6 99       		.byte	-103
 228 00c7 08       		.byte	8
ARM GAS  C:\Users\SANDEE~1\AppData\Local\Temp\ccEyU2fF.s 			page 5


 229 00c8 9E       		.byte	-98
 230 00c9 08       		.byte	8
 231 00ca AA       		.byte	-86
 232 00cb 04       		.byte	4
 233 00cc AE       		.byte	-82
 234 00cd 01       		.byte	1
 235 00ce B0       		.byte	-80
 236 00cf 04       		.byte	4
 237 00d0 B1       		.byte	-79
 238 00d1 02       		.byte	2
 239 00d2 B2       		.byte	-78
 240 00d3 01       		.byte	1
 241 00d4 B3       		.byte	-77
 242 00d5 08       		.byte	8
 243 00d6 B4       		.byte	-76
 244 00d7 02       		.byte	2
 245 00d8 B5       		.byte	-75
 246 00d9 04       		.byte	4
 247 00da B6       		.byte	-74
 248 00db 08       		.byte	8
 249 00dc B7       		.byte	-73
 250 00dd 01       		.byte	1
 251 00de BE       		.byte	-66
 252 00df 10       		.byte	16
 253 00e0 C0       		.byte	-64
 254 00e1 30       		.byte	48
 255 00e2 C1       		.byte	-63
 256 00e3 02       		.byte	2
 257 00e4 C5       		.byte	-59
 258 00e5 D0       		.byte	-48
 259 00e6 C6       		.byte	-58
 260 00e7 20       		.byte	32
 261 00e8 C7       		.byte	-57
 262 00e9 51       		.byte	81
 263 00ea C8       		.byte	-56
 264 00eb 3A       		.byte	58
 265 00ec C9       		.byte	-55
 266 00ed FF       		.byte	-1
 267 00ee CA       		.byte	-54
 268 00ef FF       		.byte	-1
 269 00f0 CB       		.byte	-53
 270 00f1 FF       		.byte	-1
 271 00f2 CD       		.byte	-51
 272 00f3 AF       		.byte	-81
 273 00f4 CE       		.byte	-50
 274 00f5 0F       		.byte	15
 275 00f6 CF       		.byte	-49
 276 00f7 04       		.byte	4
 277 00f8 D0       		.byte	-48
 278 00f9 18       		.byte	24
 279 00fa D2       		.byte	-46
 280 00fb 80       		.byte	-128
 281 00fc D4       		.byte	-44
 282 00fd 07       		.byte	7
 283 00fe D8       		.byte	-40
 284 00ff 04       		.byte	4
 285 0100 D9       		.byte	-39
ARM GAS  C:\Users\SANDEE~1\AppData\Local\Temp\ccEyU2fF.s 			page 6


 286 0101 04       		.byte	4
 287 0102 DA       		.byte	-38
 288 0103 04       		.byte	4
 289 0104 DB       		.byte	-37
 290 0105 04       		.byte	4
 291 0106 DC       		.byte	-36
 292 0107 55       		.byte	85
 293 0108 DD       		.byte	-35
 294 0109 55       		.byte	85
 295 010a DF       		.byte	-33
 296 010b 01       		.byte	1
 297 010c E0       		.byte	-32
 298 010d 40       		.byte	64
 299 010e E2       		.byte	-30
 300 010f C0       		.byte	-64
 301 0110 E4       		.byte	-28
 302 0111 40       		.byte	64
 303 0112 E5       		.byte	-27
 304 0113 40       		.byte	64
 305 0114 E6       		.byte	-26
 306 0115 C0       		.byte	-64
 307 0116 E8       		.byte	-24
 308 0117 C0       		.byte	-64
 309 0118 EA       		.byte	-22
 310 0119 C0       		.byte	-64
 311 011a EC       		.byte	-20
 312 011b C0       		.byte	-64
 313 011c EE       		.byte	-18
 314 011d C0       		.byte	-64
 315 011e 04       		.byte	4
 316 011f 10       		.byte	16
 317 0120 0F       		.byte	15
 318 0121 22       		.byte	34
 319 0122 16       		.byte	22
 320 0123 08       		.byte	8
 321 0124 17       		.byte	23
 322 0125 40       		.byte	64
 323 0126 1C       		.byte	28
 324 0127 10       		.byte	16
 325 0128 1D       		.byte	29
 326 0129 08       		.byte	8
 327 012a 1E       		.byte	30
 328 012b 89       		.byte	-119
 329 012c 24       		.byte	36
 330 012d 40       		.byte	64
 331 012e 26       		.byte	38
 332 012f 20       		.byte	32
 333 0130 27       		.byte	39
 334 0131 22       		.byte	34
 335 0132 36       		.byte	54
 336 0133 20       		.byte	32
 337 0134 37       		.byte	55
 338 0135 02       		.byte	2
 339 0136 3E       		.byte	62
 340 0137 08       		.byte	8
 341 0138 3F       		.byte	63
 342 0139 02       		.byte	2
ARM GAS  C:\Users\SANDEE~1\AppData\Local\Temp\ccEyU2fF.s 			page 7


 343 013a 40       		.byte	64
 344 013b 10       		.byte	16
 345 013c 41       		.byte	65
 346 013d 20       		.byte	32
 347 013e 45       		.byte	69
 348 013f 28       		.byte	40
 349 0140 4F       		.byte	79
 350 0141 01       		.byte	1
 351 0142 55       		.byte	85
 352 0143 20       		.byte	32
 353 0144 56       		.byte	86
 354 0145 08       		.byte	8
 355 0146 57       		.byte	87
 356 0147 11       		.byte	17
 357 0148 5C       		.byte	92
 358 0149 40       		.byte	64
 359 014a 5E       		.byte	94
 360 014b 08       		.byte	8
 361 014c 5F       		.byte	95
 362 014d 21       		.byte	33
 363 014e 77       		.byte	119
 364 014f 40       		.byte	64
 365 0150 80       		.byte	-128
 366 0151 01       		.byte	1
 367 0152 87       		.byte	-121
 368 0153 02       		.byte	2
 369 0154 C0       		.byte	-64
 370 0155 40       		.byte	64
 371 0156 C2       		.byte	-62
 372 0157 A0       		.byte	-96
 373 0158 C4       		.byte	-60
 374 0159 C0       		.byte	-64
 375 015a CC       		.byte	-52
 376 015b A0       		.byte	-96
 377 015c CE       		.byte	-50
 378 015d C0       		.byte	-64
 379 015e D0       		.byte	-48
 380 015f 66       		.byte	102
 381 0160 D6       		.byte	-42
 382 0161 F0       		.byte	-16
 383 0162 40       		.byte	64
 384 0163 60       		.byte	96
 385 0164 41       		.byte	65
 386 0165 05       		.byte	5
 387 0166 49       		.byte	73
 388 0167 FF       		.byte	-1
 389 0168 4A       		.byte	74
 390 0169 FF       		.byte	-1
 391 016a 4B       		.byte	75
 392 016b FF       		.byte	-1
 393 016c 4D       		.byte	77
 394 016d A0       		.byte	-96
 395 016e 4F       		.byte	79
 396 016f 04       		.byte	4
 397 0170 50       		.byte	80
 398 0171 18       		.byte	24
 399 0172 5A       		.byte	90
ARM GAS  C:\Users\SANDEE~1\AppData\Local\Temp\ccEyU2fF.s 			page 8


 400 0173 04       		.byte	4
 401 0174 5D       		.byte	93
 402 0175 06       		.byte	6
 403 0176 5F       		.byte	95
 404 0177 01       		.byte	1
 405 0178 60       		.byte	96
 406 0179 40       		.byte	64
 407 017a 62       		.byte	98
 408 017b C0       		.byte	-64
 409 017c 64       		.byte	100
 410 017d 40       		.byte	64
 411 017e 65       		.byte	101
 412 017f 40       		.byte	64
 413 0180 66       		.byte	102
 414 0181 C0       		.byte	-64
 415 0182 68       		.byte	104
 416 0183 C0       		.byte	-64
 417 0184 6A       		.byte	106
 418 0185 C0       		.byte	-64
 419 0186 6C       		.byte	108
 420 0187 C0       		.byte	-64
 421 0188 6E       		.byte	110
 422 0189 C0       		.byte	-64
 423 018a 89       		.byte	-119
 424 018b 02       		.byte	2
 425 018c 8D       		.byte	-115
 426 018d 08       		.byte	8
 427 018e 8E       		.byte	-114
 428 018f 02       		.byte	2
 429 0190 92       		.byte	-110
 430 0191 01       		.byte	1
 431 0192 97       		.byte	-105
 432 0193 03       		.byte	3
 433 0194 9A       		.byte	-102
 434 0195 0E       		.byte	14
 435 0196 9B       		.byte	-101
 436 0197 0C       		.byte	12
 437 0198 A6       		.byte	-90
 438 0199 08       		.byte	8
 439 019a AA       		.byte	-86
 440 019b 04       		.byte	4
 441 019c B0       		.byte	-80
 442 019d 04       		.byte	4
 443 019e B1       		.byte	-79
 444 019f 04       		.byte	4
 445 01a0 B2       		.byte	-78
 446 01a1 02       		.byte	2
 447 01a2 B3       		.byte	-77
 448 01a3 01       		.byte	1
 449 01a4 B4       		.byte	-76
 450 01a5 01       		.byte	1
 451 01a6 B5       		.byte	-75
 452 01a7 08       		.byte	8
 453 01a8 B6       		.byte	-74
 454 01a9 08       		.byte	8
 455 01aa B7       		.byte	-73
 456 01ab 02       		.byte	2
ARM GAS  C:\Users\SANDEE~1\AppData\Local\Temp\ccEyU2fF.s 			page 9


 457 01ac BE       		.byte	-66
 458 01ad 04       		.byte	4
 459 01ae C0       		.byte	-64
 460 01af 20       		.byte	32
 461 01b0 C1       		.byte	-63
 462 01b1 05       		.byte	5
 463 01b2 C5       		.byte	-59
 464 01b3 D5       		.byte	-43
 465 01b4 C7       		.byte	-57
 466 01b5 21       		.byte	33
 467 01b6 C8       		.byte	-56
 468 01b7 33       		.byte	51
 469 01b8 C9       		.byte	-55
 470 01b9 FF       		.byte	-1
 471 01ba CA       		.byte	-54
 472 01bb FF       		.byte	-1
 473 01bc CB       		.byte	-53
 474 01bd FF       		.byte	-1
 475 01be CD       		.byte	-51
 476 01bf AF       		.byte	-81
 477 01c0 CE       		.byte	-50
 478 01c1 0F       		.byte	15
 479 01c2 CF       		.byte	-49
 480 01c3 04       		.byte	4
 481 01c4 D0       		.byte	-48
 482 01c5 18       		.byte	24
 483 01c6 D2       		.byte	-46
 484 01c7 80       		.byte	-128
 485 01c8 D4       		.byte	-44
 486 01c9 07       		.byte	7
 487 01ca D8       		.byte	-40
 488 01cb 04       		.byte	4
 489 01cc D9       		.byte	-39
 490 01cd 04       		.byte	4
 491 01ce DA       		.byte	-38
 492 01cf 04       		.byte	4
 493 01d0 DB       		.byte	-37
 494 01d1 04       		.byte	4
 495 01d2 DC       		.byte	-36
 496 01d3 66       		.byte	102
 497 01d4 DD       		.byte	-35
 498 01d5 66       		.byte	102
 499 01d6 DF       		.byte	-33
 500 01d7 01       		.byte	1
 501 01d8 E0       		.byte	-32
 502 01d9 40       		.byte	64
 503 01da E2       		.byte	-30
 504 01db C0       		.byte	-64
 505 01dc E4       		.byte	-28
 506 01dd 40       		.byte	64
 507 01de E5       		.byte	-27
 508 01df 40       		.byte	64
 509 01e0 E6       		.byte	-26
 510 01e1 C0       		.byte	-64
 511 01e2 E8       		.byte	-24
 512 01e3 C0       		.byte	-64
 513 01e4 EA       		.byte	-22
ARM GAS  C:\Users\SANDEE~1\AppData\Local\Temp\ccEyU2fF.s 			page 10


 514 01e5 C0       		.byte	-64
 515 01e6 EC       		.byte	-20
 516 01e7 C0       		.byte	-64
 517 01e8 EE       		.byte	-18
 518 01e9 C0       		.byte	-64
 519 01ea 02       		.byte	2
 520 01eb 02       		.byte	2
 521 01ec 0A       		.byte	10
 522 01ed 44       		.byte	68
 523 01ee 10       		.byte	16
 524 01ef 28       		.byte	40
 525 01f0 18       		.byte	24
 526 01f1 01       		.byte	1
 527 01f2 19       		.byte	25
 528 01f3 06       		.byte	6
 529 01f4 1A       		.byte	26
 530 01f5 04       		.byte	4
 531 01f6 1B       		.byte	27
 532 01f7 10       		.byte	16
 533 01f8 20       		.byte	32
 534 01f9 50       		.byte	80
 535 01fa 22       		.byte	34
 536 01fb 50       		.byte	80
 537 01fc 30       		.byte	48
 538 01fd 28       		.byte	40
 539 01fe 38       		.byte	56
 540 01ff 50       		.byte	80
 541 0200 42       		.byte	66
 542 0201 04       		.byte	4
 543 0202 48       		.byte	72
 544 0203 20       		.byte	32
 545 0204 49       		.byte	73
 546 0205 01       		.byte	1
 547 0206 4A       		.byte	74
 548 0207 02       		.byte	2
 549 0208 4E       		.byte	78
 550 0209 02       		.byte	2
 551 020a 4F       		.byte	79
 552 020b 20       		.byte	32
 553 020c 50       		.byte	80
 554 020d 08       		.byte	8
 555 020e 52       		.byte	82
 556 020f 02       		.byte	2
 557 0210 59       		.byte	89
 558 0211 05       		.byte	5
 559 0212 5A       		.byte	90
 560 0213 A0       		.byte	-96
 561 0214 72       		.byte	114
 562 0215 40       		.byte	64
 563 0216 8D       		.byte	-115
 564 0217 02       		.byte	2
 565 0218 94       		.byte	-108
 566 0219 01       		.byte	1
 567 021a A7       		.byte	-89
 568 021b 02       		.byte	2
 569 021c AE       		.byte	-82
 570 021d 41       		.byte	65
ARM GAS  C:\Users\SANDEE~1\AppData\Local\Temp\ccEyU2fF.s 			page 11


 571 021e C0       		.byte	-64
 572 021f 01       		.byte	1
 573 0220 C2       		.byte	-62
 574 0221 0A       		.byte	10
 575 0222 C4       		.byte	-60
 576 0223 06       		.byte	6
 577 0224 CC       		.byte	-52
 578 0225 06       		.byte	6
 579 0226 CE       		.byte	-50
 580 0227 0C       		.byte	12
 581 0228 D0       		.byte	-48
 582 0229 04       		.byte	4
 583 022a D2       		.byte	-46
 584 022b 38       		.byte	56
 585 022c D6       		.byte	-42
 586 022d 0F       		.byte	15
 587 022e E2       		.byte	-30
 588 022f 40       		.byte	64
 589 0230 40       		.byte	64
 590 0231 60       		.byte	96
 591 0232 41       		.byte	65
 592 0233 05       		.byte	5
 593 0234 49       		.byte	73
 594 0235 FF       		.byte	-1
 595 0236 4A       		.byte	74
 596 0237 FF       		.byte	-1
 597 0238 4B       		.byte	75
 598 0239 FF       		.byte	-1
 599 023a 4D       		.byte	77
 600 023b A0       		.byte	-96
 601 023c 4F       		.byte	79
 602 023d 04       		.byte	4
 603 023e 50       		.byte	80
 604 023f 18       		.byte	24
 605 0240 5A       		.byte	90
 606 0241 04       		.byte	4
 607 0242 5D       		.byte	93
 608 0243 03       		.byte	3
 609 0244 5F       		.byte	95
 610 0245 01       		.byte	1
 611 0246 60       		.byte	96
 612 0247 40       		.byte	64
 613 0248 62       		.byte	98
 614 0249 C0       		.byte	-64
 615 024a 64       		.byte	100
 616 024b 40       		.byte	64
 617 024c 65       		.byte	101
 618 024d 40       		.byte	64
 619 024e 66       		.byte	102
 620 024f C0       		.byte	-64
 621 0250 68       		.byte	104
 622 0251 C0       		.byte	-64
 623 0252 6A       		.byte	106
 624 0253 C0       		.byte	-64
 625 0254 6C       		.byte	108
 626 0255 C0       		.byte	-64
 627 0256 6E       		.byte	110
ARM GAS  C:\Users\SANDEE~1\AppData\Local\Temp\ccEyU2fF.s 			page 12


 628 0257 C0       		.byte	-64
 629 0258 89       		.byte	-119
 630 0259 02       		.byte	2
 631 025a 8D       		.byte	-115
 632 025b 08       		.byte	8
 633 025c 8E       		.byte	-114
 634 025d 02       		.byte	2
 635 025e 92       		.byte	-110
 636 025f 01       		.byte	1
 637 0260 97       		.byte	-105
 638 0261 03       		.byte	3
 639 0262 9A       		.byte	-102
 640 0263 0E       		.byte	14
 641 0264 9B       		.byte	-101
 642 0265 0C       		.byte	12
 643 0266 A6       		.byte	-90
 644 0267 08       		.byte	8
 645 0268 AA       		.byte	-86
 646 0269 04       		.byte	4
 647 026a B0       		.byte	-80
 648 026b 04       		.byte	4
 649 026c B1       		.byte	-79
 650 026d 04       		.byte	4
 651 026e B2       		.byte	-78
 652 026f 02       		.byte	2
 653 0270 B3       		.byte	-77
 654 0271 01       		.byte	1
 655 0272 B4       		.byte	-76
 656 0273 01       		.byte	1
 657 0274 B5       		.byte	-75
 658 0275 08       		.byte	8
 659 0276 B6       		.byte	-74
 660 0277 08       		.byte	8
 661 0278 B7       		.byte	-73
 662 0279 02       		.byte	2
 663 027a BE       		.byte	-66
 664 027b 04       		.byte	4
 665 027c C0       		.byte	-64
 666 027d 20       		.byte	32
 667 027e C1       		.byte	-63
 668 027f 05       		.byte	5
 669 0280 C5       		.byte	-59
 670 0281 D5       		.byte	-43
 671 0282 C7       		.byte	-57
 672 0283 21       		.byte	33
 673 0284 C8       		.byte	-56
 674 0285 33       		.byte	51
 675 0286 C9       		.byte	-55
 676 0287 FF       		.byte	-1
 677 0288 CA       		.byte	-54
 678 0289 FF       		.byte	-1
 679 028a CB       		.byte	-53
 680 028b FF       		.byte	-1
 681 028c CD       		.byte	-51
 682 028d AF       		.byte	-81
 683 028e CE       		.byte	-50
 684 028f 0F       		.byte	15
ARM GAS  C:\Users\SANDEE~1\AppData\Local\Temp\ccEyU2fF.s 			page 13


 685 0290 CF       		.byte	-49
 686 0291 04       		.byte	4
 687 0292 D0       		.byte	-48
 688 0293 18       		.byte	24
 689 0294 D2       		.byte	-46
 690 0295 80       		.byte	-128
 691 0296 D4       		.byte	-44
 692 0297 07       		.byte	7
 693 0298 D8       		.byte	-40
 694 0299 04       		.byte	4
 695 029a D9       		.byte	-39
 696 029b 04       		.byte	4
 697 029c DA       		.byte	-38
 698 029d 04       		.byte	4
 699 029e DB       		.byte	-37
 700 029f 04       		.byte	4
 701 02a0 DC       		.byte	-36
 702 02a1 33       		.byte	51
 703 02a2 DD       		.byte	-35
 704 02a3 33       		.byte	51
 705 02a4 DF       		.byte	-33
 706 02a5 01       		.byte	1
 707 02a6 E0       		.byte	-32
 708 02a7 40       		.byte	64
 709 02a8 E2       		.byte	-30
 710 02a9 C0       		.byte	-64
 711 02aa E4       		.byte	-28
 712 02ab 40       		.byte	64
 713 02ac E5       		.byte	-27
 714 02ad 40       		.byte	64
 715 02ae E6       		.byte	-26
 716 02af C0       		.byte	-64
 717 02b0 E8       		.byte	-24
 718 02b1 C0       		.byte	-64
 719 02b2 EA       		.byte	-22
 720 02b3 C0       		.byte	-64
 721 02b4 EC       		.byte	-20
 722 02b5 C0       		.byte	-64
 723 02b6 EE       		.byte	-18
 724 02b7 C0       		.byte	-64
 725 02b8 02       		.byte	2
 726 02b9 02       		.byte	2
 727 02ba 0A       		.byte	10
 728 02bb 44       		.byte	68
 729 02bc 10       		.byte	16
 730 02bd 28       		.byte	40
 731 02be 19       		.byte	25
 732 02bf 46       		.byte	70
 733 02c0 1A       		.byte	26
 734 02c1 04       		.byte	4
 735 02c2 1B       		.byte	27
 736 02c3 10       		.byte	16
 737 02c4 20       		.byte	32
 738 02c5 50       		.byte	80
 739 02c6 22       		.byte	34
 740 02c7 50       		.byte	80
 741 02c8 30       		.byte	48
ARM GAS  C:\Users\SANDEE~1\AppData\Local\Temp\ccEyU2fF.s 			page 14


 742 02c9 28       		.byte	40
 743 02ca 38       		.byte	56
 744 02cb 50       		.byte	80
 745 02cc 42       		.byte	66
 746 02cd 04       		.byte	4
 747 02ce 48       		.byte	72
 748 02cf 20       		.byte	32
 749 02d0 49       		.byte	73
 750 02d1 01       		.byte	1
 751 02d2 4A       		.byte	74
 752 02d3 02       		.byte	2
 753 02d4 4E       		.byte	78
 754 02d5 02       		.byte	2
 755 02d6 4F       		.byte	79
 756 02d7 20       		.byte	32
 757 02d8 50       		.byte	80
 758 02d9 08       		.byte	8
 759 02da 52       		.byte	82
 760 02db 02       		.byte	2
 761 02dc 59       		.byte	89
 762 02dd 05       		.byte	5
 763 02de 5A       		.byte	90
 764 02df A0       		.byte	-96
 765 02e0 72       		.byte	114
 766 02e1 40       		.byte	64
 767 02e2 85       		.byte	-123
 768 02e3 02       		.byte	2
 769 02e4 89       		.byte	-119
 770 02e5 40       		.byte	64
 771 02e6 8F       		.byte	-113
 772 02e7 80       		.byte	-128
 773 02e8 A3       		.byte	-93
 774 02e9 02       		.byte	2
 775 02ea AF       		.byte	-81
 776 02eb 08       		.byte	8
 777 02ec C0       		.byte	-64
 778 02ed 01       		.byte	1
 779 02ee C2       		.byte	-62
 780 02ef 0A       		.byte	10
 781 02f0 C4       		.byte	-60
 782 02f1 06       		.byte	6
 783 02f2 CC       		.byte	-52
 784 02f3 06       		.byte	6
 785 02f4 CE       		.byte	-50
 786 02f5 0C       		.byte	12
 787 02f6 D0       		.byte	-48
 788 02f7 04       		.byte	4
 789 02f8 D2       		.byte	-46
 790 02f9 38       		.byte	56
 791 02fa D6       		.byte	-42
 792 02fb 0F       		.byte	15
 793 02fc E4       		.byte	-28
 794 02fd 08       		.byte	8
 795 02fe EC       		.byte	-20
 796 02ff 02       		.byte	2
 797 0300 40       		.byte	64
 798 0301 10       		.byte	16
ARM GAS  C:\Users\SANDEE~1\AppData\Local\Temp\ccEyU2fF.s 			page 15


 799 0302 41       		.byte	65
 800 0303 02       		.byte	2
 801 0304 49       		.byte	73
 802 0305 FF       		.byte	-1
 803 0306 4A       		.byte	74
 804 0307 FF       		.byte	-1
 805 0308 4B       		.byte	75
 806 0309 FF       		.byte	-1
 807 030a 4D       		.byte	77
 808 030b A0       		.byte	-96
 809 030c 4F       		.byte	79
 810 030d 04       		.byte	4
 811 030e 50       		.byte	80
 812 030f 18       		.byte	24
 813 0310 5A       		.byte	90
 814 0311 04       		.byte	4
 815 0312 5F       		.byte	95
 816 0313 01       		.byte	1
 817 0314 60       		.byte	96
 818 0315 40       		.byte	64
 819 0316 62       		.byte	98
 820 0317 C0       		.byte	-64
 821 0318 64       		.byte	100
 822 0319 40       		.byte	64
 823 031a 65       		.byte	101
 824 031b 40       		.byte	64
 825 031c 66       		.byte	102
 826 031d C0       		.byte	-64
 827 031e 68       		.byte	104
 828 031f C0       		.byte	-64
 829 0320 6A       		.byte	106
 830 0321 C0       		.byte	-64
 831 0322 6C       		.byte	108
 832 0323 C0       		.byte	-64
 833 0324 6E       		.byte	110
 834 0325 C0       		.byte	-64
 835 0326 82       		.byte	-126
 836 0327 0E       		.byte	14
 837 0328 83       		.byte	-125
 838 0329 0C       		.byte	12
 839 032a 87       		.byte	-121
 840 032b 03       		.byte	3
 841 032c 91       		.byte	-111
 842 032d 02       		.byte	2
 843 032e 99       		.byte	-103
 844 032f 08       		.byte	8
 845 0330 9E       		.byte	-98
 846 0331 08       		.byte	8
 847 0332 A6       		.byte	-90
 848 0333 02       		.byte	2
 849 0334 AA       		.byte	-86
 850 0335 04       		.byte	4
 851 0336 AE       		.byte	-82
 852 0337 01       		.byte	1
 853 0338 B0       		.byte	-80
 854 0339 04       		.byte	4
 855 033a B1       		.byte	-79
ARM GAS  C:\Users\SANDEE~1\AppData\Local\Temp\ccEyU2fF.s 			page 16


 856 033b 02       		.byte	2
 857 033c B2       		.byte	-78
 858 033d 08       		.byte	8
 859 033e B3       		.byte	-77
 860 033f 08       		.byte	8
 861 0340 B4       		.byte	-76
 862 0341 02       		.byte	2
 863 0342 B5       		.byte	-75
 864 0343 04       		.byte	4
 865 0344 B6       		.byte	-74
 866 0345 01       		.byte	1
 867 0346 B7       		.byte	-73
 868 0347 01       		.byte	1
 869 0348 BE       		.byte	-66
 870 0349 10       		.byte	16
 871 034a C0       		.byte	-64
 872 034b 10       		.byte	16
 873 034c C1       		.byte	-63
 874 034d 02       		.byte	2
 875 034e C5       		.byte	-59
 876 034f D0       		.byte	-48
 877 0350 C6       		.byte	-58
 878 0351 20       		.byte	32
 879 0352 C7       		.byte	-57
 880 0353 51       		.byte	81
 881 0354 C8       		.byte	-56
 882 0355 3A       		.byte	58
 883 0356 C9       		.byte	-55
 884 0357 FF       		.byte	-1
 885 0358 CA       		.byte	-54
 886 0359 FF       		.byte	-1
 887 035a CB       		.byte	-53
 888 035b FF       		.byte	-1
 889 035c CD       		.byte	-51
 890 035d AF       		.byte	-81
 891 035e CE       		.byte	-50
 892 035f 0F       		.byte	15
 893 0360 CF       		.byte	-49
 894 0361 04       		.byte	4
 895 0362 D0       		.byte	-48
 896 0363 18       		.byte	24
 897 0364 D2       		.byte	-46
 898 0365 80       		.byte	-128
 899 0366 D4       		.byte	-44
 900 0367 07       		.byte	7
 901 0368 D8       		.byte	-40
 902 0369 04       		.byte	4
 903 036a D9       		.byte	-39
 904 036b 04       		.byte	4
 905 036c DA       		.byte	-38
 906 036d 04       		.byte	4
 907 036e DB       		.byte	-37
 908 036f 04       		.byte	4
 909 0370 DF       		.byte	-33
 910 0371 01       		.byte	1
 911 0372 E0       		.byte	-32
 912 0373 40       		.byte	64
ARM GAS  C:\Users\SANDEE~1\AppData\Local\Temp\ccEyU2fF.s 			page 17


 913 0374 E2       		.byte	-30
 914 0375 C0       		.byte	-64
 915 0376 E4       		.byte	-28
 916 0377 40       		.byte	64
 917 0378 E5       		.byte	-27
 918 0379 40       		.byte	64
 919 037a E6       		.byte	-26
 920 037b C0       		.byte	-64
 921 037c E8       		.byte	-24
 922 037d C0       		.byte	-64
 923 037e EA       		.byte	-22
 924 037f C0       		.byte	-64
 925 0380 EC       		.byte	-20
 926 0381 C0       		.byte	-64
 927 0382 EE       		.byte	-18
 928 0383 C0       		.byte	-64
 929 0384 04       		.byte	4
 930 0385 01       		.byte	1
 931 0386 0F       		.byte	15
 932 0387 02       		.byte	2
 933 0388 16       		.byte	22
 934 0389 28       		.byte	40
 935 038a 17       		.byte	23
 936 038b 40       		.byte	64
 937 038c 1C       		.byte	28
 938 038d 01       		.byte	1
 939 038e 1D       		.byte	29
 940 038f 80       		.byte	-128
 941 0390 1E       		.byte	30
 942 0391 08       		.byte	8
 943 0392 1F       		.byte	31
 944 0393 0A       		.byte	10
 945 0394 24       		.byte	36
 946 0395 40       		.byte	64
 947 0396 26       		.byte	38
 948 0397 20       		.byte	32
 949 0398 27       		.byte	39
 950 0399 22       		.byte	34
 951 039a 36       		.byte	54
 952 039b 20       		.byte	32
 953 039c 37       		.byte	55
 954 039d 02       		.byte	2
 955 039e 3E       		.byte	62
 956 039f 08       		.byte	8
 957 03a0 3F       		.byte	63
 958 03a1 02       		.byte	2
 959 03a2 40       		.byte	64
 960 03a3 01       		.byte	1
 961 03a4 41       		.byte	65
 962 03a5 20       		.byte	32
 963 03a6 45       		.byte	69
 964 03a7 A0       		.byte	-96
 965 03a8 4F       		.byte	79
 966 03a9 01       		.byte	1
 967 03aa 55       		.byte	85
 968 03ab 20       		.byte	32
 969 03ac 56       		.byte	86
ARM GAS  C:\Users\SANDEE~1\AppData\Local\Temp\ccEyU2fF.s 			page 18


 970 03ad 28       		.byte	40
 971 03ae 57       		.byte	87
 972 03af 01       		.byte	1
 973 03b0 5C       		.byte	92
 974 03b1 40       		.byte	64
 975 03b2 5E       		.byte	94
 976 03b3 08       		.byte	8
 977 03b4 5F       		.byte	95
 978 03b5 21       		.byte	33
 979 03b6 77       		.byte	119
 980 03b7 40       		.byte	64
 981 03b8 C0       		.byte	-64
 982 03b9 10       		.byte	16
 983 03ba C2       		.byte	-62
 984 03bb 80       		.byte	-128
 985 03bc C4       		.byte	-60
 986 03bd E0       		.byte	-32
 987 03be CC       		.byte	-52
 988 03bf A0       		.byte	-96
 989 03c0 CE       		.byte	-50
 990 03c1 C0       		.byte	-64
 991 03c2 D0       		.byte	-48
 992 03c3 3C       		.byte	60
 993 03c4 D6       		.byte	-42
 994 03c5 F0       		.byte	-16
 995 03c6 40       		.byte	64
 996 03c7 30       		.byte	48
 997 03c8 41       		.byte	65
 998 03c9 02       		.byte	2
 999 03ca 49       		.byte	73
 1000 03cb FF       		.byte	-1
 1001 03cc 4A       		.byte	74
 1002 03cd FF       		.byte	-1
 1003 03ce 4B       		.byte	75
 1004 03cf FF       		.byte	-1
 1005 03d0 4D       		.byte	77
 1006 03d1 A0       		.byte	-96
 1007 03d2 4F       		.byte	79
 1008 03d3 04       		.byte	4
 1009 03d4 50       		.byte	80
 1010 03d5 18       		.byte	24
 1011 03d6 5A       		.byte	90
 1012 03d7 04       		.byte	4
 1013 03d8 5D       		.byte	93
 1014 03d9 07       		.byte	7
 1015 03da 5F       		.byte	95
 1016 03db 01       		.byte	1
 1017 03dc 60       		.byte	96
 1018 03dd 40       		.byte	64
 1019 03de 62       		.byte	98
 1020 03df C0       		.byte	-64
 1021 03e0 64       		.byte	100
 1022 03e1 40       		.byte	64
 1023 03e2 65       		.byte	101
 1024 03e3 40       		.byte	64
 1025 03e4 66       		.byte	102
 1026 03e5 C0       		.byte	-64
ARM GAS  C:\Users\SANDEE~1\AppData\Local\Temp\ccEyU2fF.s 			page 19


 1027 03e6 68       		.byte	104
 1028 03e7 C0       		.byte	-64
 1029 03e8 6A       		.byte	106
 1030 03e9 C0       		.byte	-64
 1031 03ea 6C       		.byte	108
 1032 03eb C0       		.byte	-64
 1033 03ec 6E       		.byte	110
 1034 03ed C0       		.byte	-64
 1035 03ee 83       		.byte	-125
 1036 03ef 0C       		.byte	12
 1037 03f0 87       		.byte	-121
 1038 03f1 03       		.byte	3
 1039 03f2 8A       		.byte	-118
 1040 03f3 0E       		.byte	14
 1041 03f4 91       		.byte	-111
 1042 03f5 02       		.byte	2
 1043 03f6 99       		.byte	-103
 1044 03f7 08       		.byte	8
 1045 03f8 9E       		.byte	-98
 1046 03f9 08       		.byte	8
 1047 03fa A6       		.byte	-90
 1048 03fb 02       		.byte	2
 1049 03fc AA       		.byte	-86
 1050 03fd 04       		.byte	4
 1051 03fe AE       		.byte	-82
 1052 03ff 01       		.byte	1
 1053 0400 B0       		.byte	-80
 1054 0401 04       		.byte	4
 1055 0402 B1       		.byte	-79
 1056 0403 02       		.byte	2
 1057 0404 B2       		.byte	-78
 1058 0405 01       		.byte	1
 1059 0406 B3       		.byte	-77
 1060 0407 08       		.byte	8
 1061 0408 B4       		.byte	-76
 1062 0409 02       		.byte	2
 1063 040a B5       		.byte	-75
 1064 040b 04       		.byte	4
 1065 040c B6       		.byte	-74
 1066 040d 08       		.byte	8
 1067 040e B7       		.byte	-73
 1068 040f 01       		.byte	1
 1069 0410 BE       		.byte	-66
 1070 0411 10       		.byte	16
 1071 0412 C0       		.byte	-64
 1072 0413 30       		.byte	48
 1073 0414 C1       		.byte	-63
 1074 0415 02       		.byte	2
 1075 0416 C5       		.byte	-59
 1076 0417 D0       		.byte	-48
 1077 0418 C6       		.byte	-58
 1078 0419 20       		.byte	32
 1079 041a C7       		.byte	-57
 1080 041b 51       		.byte	81
 1081 041c C8       		.byte	-56
 1082 041d 3A       		.byte	58
 1083 041e C9       		.byte	-55
ARM GAS  C:\Users\SANDEE~1\AppData\Local\Temp\ccEyU2fF.s 			page 20


 1084 041f FF       		.byte	-1
 1085 0420 CA       		.byte	-54
 1086 0421 FF       		.byte	-1
 1087 0422 CB       		.byte	-53
 1088 0423 FF       		.byte	-1
 1089 0424 CD       		.byte	-51
 1090 0425 AF       		.byte	-81
 1091 0426 CE       		.byte	-50
 1092 0427 0F       		.byte	15
 1093 0428 CF       		.byte	-49
 1094 0429 04       		.byte	4
 1095 042a D0       		.byte	-48
 1096 042b 18       		.byte	24
 1097 042c D2       		.byte	-46
 1098 042d 80       		.byte	-128
 1099 042e D4       		.byte	-44
 1100 042f 07       		.byte	7
 1101 0430 D8       		.byte	-40
 1102 0431 04       		.byte	4
 1103 0432 D9       		.byte	-39
 1104 0433 04       		.byte	4
 1105 0434 DA       		.byte	-38
 1106 0435 04       		.byte	4
 1107 0436 DB       		.byte	-37
 1108 0437 04       		.byte	4
 1109 0438 DC       		.byte	-36
 1110 0439 77       		.byte	119
 1111 043a DD       		.byte	-35
 1112 043b 77       		.byte	119
 1113 043c DF       		.byte	-33
 1114 043d 01       		.byte	1
 1115 043e E0       		.byte	-32
 1116 043f 40       		.byte	64
 1117 0440 E2       		.byte	-30
 1118 0441 C0       		.byte	-64
 1119 0442 E4       		.byte	-28
 1120 0443 40       		.byte	64
 1121 0444 E5       		.byte	-27
 1122 0445 40       		.byte	64
 1123 0446 E6       		.byte	-26
 1124 0447 C0       		.byte	-64
 1125 0448 E8       		.byte	-24
 1126 0449 C0       		.byte	-64
 1127 044a EA       		.byte	-22
 1128 044b C0       		.byte	-64
 1129 044c EC       		.byte	-20
 1130 044d C0       		.byte	-64
 1131 044e EE       		.byte	-18
 1132 044f C0       		.byte	-64
 1133 0450 04       		.byte	4
 1134 0451 10       		.byte	16
 1135 0452 0F       		.byte	15
 1136 0453 02       		.byte	2
 1137 0454 16       		.byte	22
 1138 0455 28       		.byte	40
 1139 0456 17       		.byte	23
 1140 0457 40       		.byte	64
ARM GAS  C:\Users\SANDEE~1\AppData\Local\Temp\ccEyU2fF.s 			page 21


 1141 0458 1C       		.byte	28
 1142 0459 10       		.byte	16
 1143 045a 1D       		.byte	29
 1144 045b 0A       		.byte	10
 1145 045c 1E       		.byte	30
 1146 045d 0A       		.byte	10
 1147 045e 24       		.byte	36
 1148 045f 40       		.byte	64
 1149 0460 26       		.byte	38
 1150 0461 20       		.byte	32
 1151 0462 27       		.byte	39
 1152 0463 22       		.byte	34
 1153 0464 36       		.byte	54
 1154 0465 20       		.byte	32
 1155 0466 37       		.byte	55
 1156 0467 02       		.byte	2
 1157 0468 3E       		.byte	62
 1158 0469 08       		.byte	8
 1159 046a 3F       		.byte	63
 1160 046b 02       		.byte	2
 1161 046c 40       		.byte	64
 1162 046d 10       		.byte	16
 1163 046e 41       		.byte	65
 1164 046f 20       		.byte	32
 1165 0470 45       		.byte	69
 1166 0471 28       		.byte	40
 1167 0472 4F       		.byte	79
 1168 0473 01       		.byte	1
 1169 0474 55       		.byte	85
 1170 0475 20       		.byte	32
 1171 0476 56       		.byte	86
 1172 0477 28       		.byte	40
 1173 0478 57       		.byte	87
 1174 0479 01       		.byte	1
 1175 047a 5C       		.byte	92
 1176 047b 40       		.byte	64
 1177 047c 5E       		.byte	94
 1178 047d 08       		.byte	8
 1179 047e 5F       		.byte	95
 1180 047f 21       		.byte	33
 1181 0480 77       		.byte	119
 1182 0481 40       		.byte	64
 1183 0482 81       		.byte	-127
 1184 0483 02       		.byte	2
 1185 0484 A6       		.byte	-90
 1186 0485 01       		.byte	1
 1187 0486 A9       		.byte	-87
 1188 0487 80       		.byte	-128
 1189 0488 C0       		.byte	-64
 1190 0489 40       		.byte	64
 1191 048a C2       		.byte	-62
 1192 048b 80       		.byte	-128
 1193 048c C4       		.byte	-60
 1194 048d E0       		.byte	-32
 1195 048e CC       		.byte	-52
 1196 048f A0       		.byte	-96
 1197 0490 CE       		.byte	-50
ARM GAS  C:\Users\SANDEE~1\AppData\Local\Temp\ccEyU2fF.s 			page 22


 1198 0491 C0       		.byte	-64
 1199 0492 D0       		.byte	-48
 1200 0493 66       		.byte	102
 1201 0494 D6       		.byte	-42
 1202 0495 F0       		.byte	-16
 1203 0496 40       		.byte	64
 1204 0497 60       		.byte	96
 1205 0498 41       		.byte	65
 1206 0499 05       		.byte	5
 1207 049a 49       		.byte	73
 1208 049b FF       		.byte	-1
 1209 049c 4A       		.byte	74
 1210 049d FF       		.byte	-1
 1211 049e 4B       		.byte	75
 1212 049f FF       		.byte	-1
 1213 04a0 4D       		.byte	77
 1214 04a1 A0       		.byte	-96
 1215 04a2 4F       		.byte	79
 1216 04a3 04       		.byte	4
 1217 04a4 50       		.byte	80
 1218 04a5 18       		.byte	24
 1219 04a6 5A       		.byte	90
 1220 04a7 04       		.byte	4
 1221 04a8 5D       		.byte	93
 1222 04a9 01       		.byte	1
 1223 04aa 5F       		.byte	95
 1224 04ab 01       		.byte	1
 1225 04ac 60       		.byte	96
 1226 04ad 40       		.byte	64
 1227 04ae 62       		.byte	98
 1228 04af C0       		.byte	-64
 1229 04b0 64       		.byte	100
 1230 04b1 40       		.byte	64
 1231 04b2 65       		.byte	101
 1232 04b3 40       		.byte	64
 1233 04b4 66       		.byte	102
 1234 04b5 C0       		.byte	-64
 1235 04b6 68       		.byte	104
 1236 04b7 C0       		.byte	-64
 1237 04b8 6A       		.byte	106
 1238 04b9 C0       		.byte	-64
 1239 04ba 6C       		.byte	108
 1240 04bb C0       		.byte	-64
 1241 04bc 6E       		.byte	110
 1242 04bd C0       		.byte	-64
 1243 04be 89       		.byte	-119
 1244 04bf 02       		.byte	2
 1245 04c0 8D       		.byte	-115
 1246 04c1 08       		.byte	8
 1247 04c2 8E       		.byte	-114
 1248 04c3 02       		.byte	2
 1249 04c4 92       		.byte	-110
 1250 04c5 01       		.byte	1
 1251 04c6 97       		.byte	-105
 1252 04c7 03       		.byte	3
 1253 04c8 9A       		.byte	-102
 1254 04c9 0E       		.byte	14
ARM GAS  C:\Users\SANDEE~1\AppData\Local\Temp\ccEyU2fF.s 			page 23


 1255 04ca 9B       		.byte	-101
 1256 04cb 0C       		.byte	12
 1257 04cc A6       		.byte	-90
 1258 04cd 08       		.byte	8
 1259 04ce AA       		.byte	-86
 1260 04cf 04       		.byte	4
 1261 04d0 B0       		.byte	-80
 1262 04d1 08       		.byte	8
 1263 04d2 B1       		.byte	-79
 1264 04d3 04       		.byte	4
 1265 04d4 B2       		.byte	-78
 1266 04d5 02       		.byte	2
 1267 04d6 B3       		.byte	-77
 1268 04d7 01       		.byte	1
 1269 04d8 B4       		.byte	-76
 1270 04d9 01       		.byte	1
 1271 04da B5       		.byte	-75
 1272 04db 08       		.byte	8
 1273 04dc B6       		.byte	-74
 1274 04dd 04       		.byte	4
 1275 04de B7       		.byte	-73
 1276 04df 02       		.byte	2
 1277 04e0 BE       		.byte	-66
 1278 04e1 04       		.byte	4
 1279 04e2 C0       		.byte	-64
 1280 04e3 20       		.byte	32
 1281 04e4 C1       		.byte	-63
 1282 04e5 05       		.byte	5
 1283 04e6 C5       		.byte	-59
 1284 04e7 D5       		.byte	-43
 1285 04e8 C7       		.byte	-57
 1286 04e9 21       		.byte	33
 1287 04ea C8       		.byte	-56
 1288 04eb 33       		.byte	51
 1289 04ec C9       		.byte	-55
 1290 04ed FF       		.byte	-1
 1291 04ee CA       		.byte	-54
 1292 04ef FF       		.byte	-1
 1293 04f0 CB       		.byte	-53
 1294 04f1 FF       		.byte	-1
 1295 04f2 CD       		.byte	-51
 1296 04f3 AF       		.byte	-81
 1297 04f4 CE       		.byte	-50
 1298 04f5 0F       		.byte	15
 1299 04f6 CF       		.byte	-49
 1300 04f7 04       		.byte	4
 1301 04f8 D0       		.byte	-48
 1302 04f9 18       		.byte	24
 1303 04fa D2       		.byte	-46
 1304 04fb 80       		.byte	-128
 1305 04fc D4       		.byte	-44
 1306 04fd 07       		.byte	7
 1307 04fe D8       		.byte	-40
 1308 04ff 04       		.byte	4
 1309 0500 D9       		.byte	-39
 1310 0501 04       		.byte	4
 1311 0502 DA       		.byte	-38
ARM GAS  C:\Users\SANDEE~1\AppData\Local\Temp\ccEyU2fF.s 			page 24


 1312 0503 04       		.byte	4
 1313 0504 DB       		.byte	-37
 1314 0505 04       		.byte	4
 1315 0506 DC       		.byte	-36
 1316 0507 11       		.byte	17
 1317 0508 DD       		.byte	-35
 1318 0509 11       		.byte	17
 1319 050a DF       		.byte	-33
 1320 050b 01       		.byte	1
 1321 050c E0       		.byte	-32
 1322 050d 40       		.byte	64
 1323 050e E2       		.byte	-30
 1324 050f C0       		.byte	-64
 1325 0510 E4       		.byte	-28
 1326 0511 40       		.byte	64
 1327 0512 E5       		.byte	-27
 1328 0513 40       		.byte	64
 1329 0514 E6       		.byte	-26
 1330 0515 C0       		.byte	-64
 1331 0516 E8       		.byte	-24
 1332 0517 C0       		.byte	-64
 1333 0518 EA       		.byte	-22
 1334 0519 C0       		.byte	-64
 1335 051a EC       		.byte	-20
 1336 051b C0       		.byte	-64
 1337 051c EE       		.byte	-18
 1338 051d C0       		.byte	-64
 1339 051e 02       		.byte	2
 1340 051f 02       		.byte	2
 1341 0520 0A       		.byte	10
 1342 0521 44       		.byte	68
 1343 0522 10       		.byte	16
 1344 0523 28       		.byte	40
 1345 0524 19       		.byte	25
 1346 0525 84       		.byte	-124
 1347 0526 1A       		.byte	26
 1348 0527 04       		.byte	4
 1349 0528 1B       		.byte	27
 1350 0529 12       		.byte	18
 1351 052a 20       		.byte	32
 1352 052b 50       		.byte	80
 1353 052c 22       		.byte	34
 1354 052d 50       		.byte	80
 1355 052e 30       		.byte	48
 1356 052f 28       		.byte	40
 1357 0530 38       		.byte	56
 1358 0531 50       		.byte	80
 1359 0532 42       		.byte	66
 1360 0533 04       		.byte	4
 1361 0534 48       		.byte	72
 1362 0535 20       		.byte	32
 1363 0536 49       		.byte	73
 1364 0537 01       		.byte	1
 1365 0538 4A       		.byte	74
 1366 0539 02       		.byte	2
 1367 053a 4E       		.byte	78
 1368 053b 02       		.byte	2
ARM GAS  C:\Users\SANDEE~1\AppData\Local\Temp\ccEyU2fF.s 			page 25


 1369 053c 4F       		.byte	79
 1370 053d 20       		.byte	32
 1371 053e 50       		.byte	80
 1372 053f 08       		.byte	8
 1373 0540 52       		.byte	82
 1374 0541 02       		.byte	2
 1375 0542 59       		.byte	89
 1376 0543 05       		.byte	5
 1377 0544 5A       		.byte	90
 1378 0545 A0       		.byte	-96
 1379 0546 72       		.byte	114
 1380 0547 40       		.byte	64
 1381 0548 82       		.byte	-126
 1382 0549 01       		.byte	1
 1383 054a A7       		.byte	-89
 1384 054b 02       		.byte	2
 1385 054c C0       		.byte	-64
 1386 054d 01       		.byte	1
 1387 054e C2       		.byte	-62
 1388 054f 0A       		.byte	10
 1389 0550 C4       		.byte	-60
 1390 0551 06       		.byte	6
 1391 0552 CC       		.byte	-52
 1392 0553 06       		.byte	6
 1393 0554 CE       		.byte	-50
 1394 0555 0C       		.byte	12
 1395 0556 D0       		.byte	-48
 1396 0557 04       		.byte	4
 1397 0558 D2       		.byte	-46
 1398 0559 38       		.byte	56
 1399 055a D6       		.byte	-42
 1400 055b 0F       		.byte	15
 1401 055c 40       		.byte	64
 1402 055d 60       		.byte	96
 1403 055e 41       		.byte	65
 1404 055f 05       		.byte	5
 1405 0560 49       		.byte	73
 1406 0561 FF       		.byte	-1
 1407 0562 4A       		.byte	74
 1408 0563 FF       		.byte	-1
 1409 0564 4B       		.byte	75
 1410 0565 FF       		.byte	-1
 1411 0566 4D       		.byte	77
 1412 0567 A0       		.byte	-96
 1413 0568 4F       		.byte	79
 1414 0569 04       		.byte	4
 1415 056a 50       		.byte	80
 1416 056b 18       		.byte	24
 1417 056c 5A       		.byte	90
 1418 056d 04       		.byte	4
 1419 056e 5D       		.byte	93
 1420 056f 02       		.byte	2
 1421 0570 5F       		.byte	95
 1422 0571 01       		.byte	1
 1423 0572 60       		.byte	96
 1424 0573 40       		.byte	64
 1425 0574 62       		.byte	98
ARM GAS  C:\Users\SANDEE~1\AppData\Local\Temp\ccEyU2fF.s 			page 26


 1426 0575 C0       		.byte	-64
 1427 0576 64       		.byte	100
 1428 0577 40       		.byte	64
 1429 0578 65       		.byte	101
 1430 0579 40       		.byte	64
 1431 057a 66       		.byte	102
 1432 057b C0       		.byte	-64
 1433 057c 68       		.byte	104
 1434 057d C0       		.byte	-64
 1435 057e 6A       		.byte	106
 1436 057f C0       		.byte	-64
 1437 0580 6C       		.byte	108
 1438 0581 C0       		.byte	-64
 1439 0582 6E       		.byte	110
 1440 0583 C0       		.byte	-64
 1441 0584 89       		.byte	-119
 1442 0585 02       		.byte	2
 1443 0586 8D       		.byte	-115
 1444 0587 08       		.byte	8
 1445 0588 8E       		.byte	-114
 1446 0589 02       		.byte	2
 1447 058a 92       		.byte	-110
 1448 058b 01       		.byte	1
 1449 058c 97       		.byte	-105
 1450 058d 03       		.byte	3
 1451 058e 9A       		.byte	-102
 1452 058f 0E       		.byte	14
 1453 0590 9B       		.byte	-101
 1454 0591 0C       		.byte	12
 1455 0592 A6       		.byte	-90
 1456 0593 08       		.byte	8
 1457 0594 AA       		.byte	-86
 1458 0595 04       		.byte	4
 1459 0596 B0       		.byte	-80
 1460 0597 04       		.byte	4
 1461 0598 B1       		.byte	-79
 1462 0599 04       		.byte	4
 1463 059a B2       		.byte	-78
 1464 059b 02       		.byte	2
 1465 059c B3       		.byte	-77
 1466 059d 01       		.byte	1
 1467 059e B4       		.byte	-76
 1468 059f 01       		.byte	1
 1469 05a0 B5       		.byte	-75
 1470 05a1 08       		.byte	8
 1471 05a2 B6       		.byte	-74
 1472 05a3 08       		.byte	8
 1473 05a4 B7       		.byte	-73
 1474 05a5 02       		.byte	2
 1475 05a6 BE       		.byte	-66
 1476 05a7 04       		.byte	4
 1477 05a8 C0       		.byte	-64
 1478 05a9 20       		.byte	32
 1479 05aa C1       		.byte	-63
 1480 05ab 05       		.byte	5
 1481 05ac C5       		.byte	-59
 1482 05ad D5       		.byte	-43
ARM GAS  C:\Users\SANDEE~1\AppData\Local\Temp\ccEyU2fF.s 			page 27


 1483 05ae C7       		.byte	-57
 1484 05af 21       		.byte	33
 1485 05b0 C8       		.byte	-56
 1486 05b1 33       		.byte	51
 1487 05b2 C9       		.byte	-55
 1488 05b3 FF       		.byte	-1
 1489 05b4 CA       		.byte	-54
 1490 05b5 FF       		.byte	-1
 1491 05b6 CB       		.byte	-53
 1492 05b7 FF       		.byte	-1
 1493 05b8 CD       		.byte	-51
 1494 05b9 AF       		.byte	-81
 1495 05ba CE       		.byte	-50
 1496 05bb 0F       		.byte	15
 1497 05bc CF       		.byte	-49
 1498 05bd 04       		.byte	4
 1499 05be D0       		.byte	-48
 1500 05bf 18       		.byte	24
 1501 05c0 D2       		.byte	-46
 1502 05c1 80       		.byte	-128
 1503 05c2 D4       		.byte	-44
 1504 05c3 07       		.byte	7
 1505 05c4 D8       		.byte	-40
 1506 05c5 04       		.byte	4
 1507 05c6 D9       		.byte	-39
 1508 05c7 04       		.byte	4
 1509 05c8 DA       		.byte	-38
 1510 05c9 04       		.byte	4
 1511 05ca DB       		.byte	-37
 1512 05cb 04       		.byte	4
 1513 05cc DC       		.byte	-36
 1514 05cd 22       		.byte	34
 1515 05ce DD       		.byte	-35
 1516 05cf 22       		.byte	34
 1517 05d0 DF       		.byte	-33
 1518 05d1 01       		.byte	1
 1519 05d2 E0       		.byte	-32
 1520 05d3 40       		.byte	64
 1521 05d4 E2       		.byte	-30
 1522 05d5 C0       		.byte	-64
 1523 05d6 E4       		.byte	-28
 1524 05d7 40       		.byte	64
 1525 05d8 E5       		.byte	-27
 1526 05d9 40       		.byte	64
 1527 05da E6       		.byte	-26
 1528 05db C0       		.byte	-64
 1529 05dc E8       		.byte	-24
 1530 05dd C0       		.byte	-64
 1531 05de EA       		.byte	-22
 1532 05df C0       		.byte	-64
 1533 05e0 EC       		.byte	-20
 1534 05e1 C0       		.byte	-64
 1535 05e2 EE       		.byte	-18
 1536 05e3 C0       		.byte	-64
 1537 05e4 02       		.byte	2
 1538 05e5 02       		.byte	2
 1539 05e6 0A       		.byte	10
ARM GAS  C:\Users\SANDEE~1\AppData\Local\Temp\ccEyU2fF.s 			page 28


 1540 05e7 44       		.byte	68
 1541 05e8 10       		.byte	16
 1542 05e9 28       		.byte	40
 1543 05ea 19       		.byte	25
 1544 05eb 06       		.byte	6
 1545 05ec 1A       		.byte	26
 1546 05ed 04       		.byte	4
 1547 05ee 1B       		.byte	27
 1548 05ef 90       		.byte	-112
 1549 05f0 20       		.byte	32
 1550 05f1 50       		.byte	80
 1551 05f2 22       		.byte	34
 1552 05f3 50       		.byte	80
 1553 05f4 30       		.byte	48
 1554 05f5 28       		.byte	40
 1555 05f6 38       		.byte	56
 1556 05f7 50       		.byte	80
 1557 05f8 42       		.byte	66
 1558 05f9 04       		.byte	4
 1559 05fa 48       		.byte	72
 1560 05fb 20       		.byte	32
 1561 05fc 49       		.byte	73
 1562 05fd 01       		.byte	1
 1563 05fe 4A       		.byte	74
 1564 05ff 02       		.byte	2
 1565 0600 4E       		.byte	78
 1566 0601 02       		.byte	2
 1567 0602 4F       		.byte	79
 1568 0603 20       		.byte	32
 1569 0604 50       		.byte	80
 1570 0605 08       		.byte	8
 1571 0606 52       		.byte	82
 1572 0607 02       		.byte	2
 1573 0608 59       		.byte	89
 1574 0609 05       		.byte	5
 1575 060a 5A       		.byte	90
 1576 060b A0       		.byte	-96
 1577 060c 72       		.byte	114
 1578 060d 40       		.byte	64
 1579 060e 8D       		.byte	-115
 1580 060f 02       		.byte	2
 1581 0610 A3       		.byte	-93
 1582 0611 02       		.byte	2
 1583 0612 A7       		.byte	-89
 1584 0613 80       		.byte	-128
 1585 0614 C0       		.byte	-64
 1586 0615 01       		.byte	1
 1587 0616 C2       		.byte	-62
 1588 0617 0A       		.byte	10
 1589 0618 C4       		.byte	-60
 1590 0619 06       		.byte	6
 1591 061a CC       		.byte	-52
 1592 061b 06       		.byte	6
 1593 061c CE       		.byte	-50
 1594 061d 0C       		.byte	12
 1595 061e D0       		.byte	-48
 1596 061f 04       		.byte	4
ARM GAS  C:\Users\SANDEE~1\AppData\Local\Temp\ccEyU2fF.s 			page 29


 1597 0620 D2       		.byte	-46
 1598 0621 38       		.byte	56
 1599 0622 D6       		.byte	-42
 1600 0623 0F       		.byte	15
 1601 0624 40       		.byte	64
 1602 0625 30       		.byte	48
 1603 0626 41       		.byte	65
 1604 0627 02       		.byte	2
 1605 0628 49       		.byte	73
 1606 0629 FF       		.byte	-1
 1607 062a 4A       		.byte	74
 1608 062b FF       		.byte	-1
 1609 062c 4B       		.byte	75
 1610 062d FF       		.byte	-1
 1611 062e 4D       		.byte	77
 1612 062f A0       		.byte	-96
 1613 0630 4F       		.byte	79
 1614 0631 04       		.byte	4
 1615 0632 50       		.byte	80
 1616 0633 18       		.byte	24
 1617 0634 5A       		.byte	90
 1618 0635 04       		.byte	4
 1619 0636 5D       		.byte	93
 1620 0637 04       		.byte	4
 1621 0638 5F       		.byte	95
 1622 0639 01       		.byte	1
 1623 063a 60       		.byte	96
 1624 063b 40       		.byte	64
 1625 063c 62       		.byte	98
 1626 063d C0       		.byte	-64
 1627 063e 64       		.byte	100
 1628 063f 40       		.byte	64
 1629 0640 65       		.byte	101
 1630 0641 40       		.byte	64
 1631 0642 66       		.byte	102
 1632 0643 C0       		.byte	-64
 1633 0644 68       		.byte	104
 1634 0645 C0       		.byte	-64
 1635 0646 6A       		.byte	106
 1636 0647 C0       		.byte	-64
 1637 0648 6C       		.byte	108
 1638 0649 C0       		.byte	-64
 1639 064a 6E       		.byte	110
 1640 064b C0       		.byte	-64
 1641 064c 83       		.byte	-125
 1642 064d 0C       		.byte	12
 1643 064e 87       		.byte	-121
 1644 064f 03       		.byte	3
 1645 0650 8A       		.byte	-118
 1646 0651 0E       		.byte	14
 1647 0652 91       		.byte	-111
 1648 0653 02       		.byte	2
 1649 0654 96       		.byte	-106
 1650 0655 02       		.byte	2
 1651 0656 99       		.byte	-103
 1652 0657 08       		.byte	8
 1653 0658 9E       		.byte	-98
ARM GAS  C:\Users\SANDEE~1\AppData\Local\Temp\ccEyU2fF.s 			page 30


 1654 0659 08       		.byte	8
 1655 065a AA       		.byte	-86
 1656 065b 04       		.byte	4
 1657 065c AE       		.byte	-82
 1658 065d 01       		.byte	1
 1659 065e B0       		.byte	-80
 1660 065f 04       		.byte	4
 1661 0660 B1       		.byte	-79
 1662 0661 02       		.byte	2
 1663 0662 B2       		.byte	-78
 1664 0663 01       		.byte	1
 1665 0664 B3       		.byte	-77
 1666 0665 08       		.byte	8
 1667 0666 B4       		.byte	-76
 1668 0667 02       		.byte	2
 1669 0668 B5       		.byte	-75
 1670 0669 04       		.byte	4
 1671 066a B6       		.byte	-74
 1672 066b 08       		.byte	8
 1673 066c B7       		.byte	-73
 1674 066d 01       		.byte	1
 1675 066e BE       		.byte	-66
 1676 066f 10       		.byte	16
 1677 0670 C0       		.byte	-64
 1678 0671 30       		.byte	48
 1679 0672 C1       		.byte	-63
 1680 0673 02       		.byte	2
 1681 0674 C5       		.byte	-59
 1682 0675 D0       		.byte	-48
 1683 0676 C6       		.byte	-58
 1684 0677 20       		.byte	32
 1685 0678 C7       		.byte	-57
 1686 0679 51       		.byte	81
 1687 067a C8       		.byte	-56
 1688 067b 3A       		.byte	58
 1689 067c C9       		.byte	-55
 1690 067d FF       		.byte	-1
 1691 067e CA       		.byte	-54
 1692 067f FF       		.byte	-1
 1693 0680 CB       		.byte	-53
 1694 0681 FF       		.byte	-1
 1695 0682 CD       		.byte	-51
 1696 0683 AF       		.byte	-81
 1697 0684 CE       		.byte	-50
 1698 0685 0F       		.byte	15
 1699 0686 CF       		.byte	-49
 1700 0687 04       		.byte	4
 1701 0688 D0       		.byte	-48
 1702 0689 18       		.byte	24
 1703 068a D2       		.byte	-46
 1704 068b 80       		.byte	-128
 1705 068c D4       		.byte	-44
 1706 068d 07       		.byte	7
 1707 068e D8       		.byte	-40
 1708 068f 04       		.byte	4
 1709 0690 D9       		.byte	-39
 1710 0691 04       		.byte	4
ARM GAS  C:\Users\SANDEE~1\AppData\Local\Temp\ccEyU2fF.s 			page 31


 1711 0692 DA       		.byte	-38
 1712 0693 04       		.byte	4
 1713 0694 DB       		.byte	-37
 1714 0695 04       		.byte	4
 1715 0696 DC       		.byte	-36
 1716 0697 44       		.byte	68
 1717 0698 DD       		.byte	-35
 1718 0699 44       		.byte	68
 1719 069a DF       		.byte	-33
 1720 069b 01       		.byte	1
 1721 069c E0       		.byte	-32
 1722 069d 40       		.byte	64
 1723 069e E2       		.byte	-30
 1724 069f C0       		.byte	-64
 1725 06a0 E4       		.byte	-28
 1726 06a1 40       		.byte	64
 1727 06a2 E5       		.byte	-27
 1728 06a3 40       		.byte	64
 1729 06a4 E6       		.byte	-26
 1730 06a5 C0       		.byte	-64
 1731 06a6 E8       		.byte	-24
 1732 06a7 C0       		.byte	-64
 1733 06a8 EA       		.byte	-22
 1734 06a9 C0       		.byte	-64
 1735 06aa EC       		.byte	-20
 1736 06ab C0       		.byte	-64
 1737 06ac EE       		.byte	-18
 1738 06ad C0       		.byte	-64
 1739 06ae 04       		.byte	4
 1740 06af 10       		.byte	16
 1741 06b0 0F       		.byte	15
 1742 06b1 22       		.byte	34
 1743 06b2 16       		.byte	22
 1744 06b3 08       		.byte	8
 1745 06b4 17       		.byte	23
 1746 06b5 40       		.byte	64
 1747 06b6 1C       		.byte	28
 1748 06b7 10       		.byte	16
 1749 06b8 1D       		.byte	29
 1750 06b9 08       		.byte	8
 1751 06ba 1E       		.byte	30
 1752 06bb 08       		.byte	8
 1753 06bc 1F       		.byte	31
 1754 06bd 81       		.byte	-127
 1755 06be 24       		.byte	36
 1756 06bf 40       		.byte	64
 1757 06c0 26       		.byte	38
 1758 06c1 20       		.byte	32
 1759 06c2 27       		.byte	39
 1760 06c3 22       		.byte	34
 1761 06c4 36       		.byte	54
 1762 06c5 20       		.byte	32
 1763 06c6 37       		.byte	55
 1764 06c7 02       		.byte	2
 1765 06c8 3E       		.byte	62
 1766 06c9 08       		.byte	8
 1767 06ca 3F       		.byte	63
ARM GAS  C:\Users\SANDEE~1\AppData\Local\Temp\ccEyU2fF.s 			page 32


 1768 06cb 02       		.byte	2
 1769 06cc 40       		.byte	64
 1770 06cd 10       		.byte	16
 1771 06ce 41       		.byte	65
 1772 06cf 20       		.byte	32
 1773 06d0 45       		.byte	69
 1774 06d1 28       		.byte	40
 1775 06d2 4F       		.byte	79
 1776 06d3 01       		.byte	1
 1777 06d4 55       		.byte	85
 1778 06d5 20       		.byte	32
 1779 06d6 56       		.byte	86
 1780 06d7 08       		.byte	8
 1781 06d8 57       		.byte	87
 1782 06d9 11       		.byte	17
 1783 06da 5C       		.byte	92
 1784 06db 40       		.byte	64
 1785 06dc 5E       		.byte	94
 1786 06dd 08       		.byte	8
 1787 06de 5F       		.byte	95
 1788 06df 21       		.byte	33
 1789 06e0 77       		.byte	119
 1790 06e1 40       		.byte	64
 1791 06e2 83       		.byte	-125
 1792 06e3 01       		.byte	1
 1793 06e4 8F       		.byte	-113
 1794 06e5 80       		.byte	-128
 1795 06e6 AB       		.byte	-85
 1796 06e7 02       		.byte	2
 1797 06e8 C0       		.byte	-64
 1798 06e9 40       		.byte	64
 1799 06ea C2       		.byte	-62
 1800 06eb A0       		.byte	-96
 1801 06ec C4       		.byte	-60
 1802 06ed C0       		.byte	-64
 1803 06ee CC       		.byte	-52
 1804 06ef A0       		.byte	-96
 1805 06f0 CE       		.byte	-50
 1806 06f1 C0       		.byte	-64
 1807 06f2 D0       		.byte	-48
 1808 06f3 66       		.byte	102
 1809 06f4 D6       		.byte	-42
 1810 06f5 F0       		.byte	-16
 1811 06f6 E4       		.byte	-28
 1812 06f7 04       		.byte	4
 1813 06f8 E8       		.byte	-24
 1814 06f9 04       		.byte	4
 1815 06fa 50       		.byte	80
 1816 06fb 08       		.byte	8
 1817 06fc 57       		.byte	87
 1818 06fd 80       		.byte	-128
 1819 06fe 59       		.byte	89
 1820 06ff 20       		.byte	32
 1821 0700 5B       		.byte	91
 1822 0701 08       		.byte	8
 1823 0702 5C       		.byte	92
 1824 0703 02       		.byte	2
ARM GAS  C:\Users\SANDEE~1\AppData\Local\Temp\ccEyU2fF.s 			page 33


 1825 0704 5E       		.byte	94
 1826 0705 10       		.byte	16
 1827 0706 62       		.byte	98
 1828 0707 08       		.byte	8
 1829 0708 65       		.byte	101
 1830 0709 01       		.byte	1
 1831 070a D4       		.byte	-44
 1832 070b E0       		.byte	-32
 1833 070c D6       		.byte	-42
 1834 070d E0       		.byte	-32
 1835 070e D8       		.byte	-40
 1836 070f C0       		.byte	-64
 1837 0710 80       		.byte	-128
 1838 0711 08       		.byte	8
 1839 0712 87       		.byte	-121
 1840 0713 08       		.byte	8
 1841 0714 96       		.byte	-106
 1842 0715 10       		.byte	16
 1843 0716 9C       		.byte	-100
 1844 0717 02       		.byte	2
 1845 0718 9D       		.byte	-99
 1846 0719 21       		.byte	33
 1847 071a 9F       		.byte	-97
 1848 071b 08       		.byte	8
 1849 071c A4       		.byte	-92
 1850 071d 08       		.byte	8
 1851 071e A6       		.byte	-90
 1852 071f 08       		.byte	8
 1853 0720 A7       		.byte	-89
 1854 0721 80       		.byte	-128
 1855 0722 E2       		.byte	-30
 1856 0723 90       		.byte	-112
 1857 0724 8F       		.byte	-113
 1858 0725 80       		.byte	-128
 1859 0726 96       		.byte	-106
 1860 0727 10       		.byte	16
 1861 0728 9D       		.byte	-99
 1862 0729 21       		.byte	33
 1863 072a A7       		.byte	-89
 1864 072b 80       		.byte	-128
 1865 072c AC       		.byte	-84
 1866 072d 02       		.byte	2
 1867 072e AE       		.byte	-82
 1868 072f 08       		.byte	8
 1869 0730 EA       		.byte	-22
 1870 0731 10       		.byte	16
 1871 0732 EE       		.byte	-18
 1872 0733 40       		.byte	64
 1873 0734 53       		.byte	83
 1874 0735 80       		.byte	-128
 1875 0736 57       		.byte	87
 1876 0737 20       		.byte	32
 1877 0738 59       		.byte	89
 1878 0739 10       		.byte	16
 1879 073a D4       		.byte	-44
 1880 073b 07       		.byte	7
 1881 073c 9D       		.byte	-99
ARM GAS  C:\Users\SANDEE~1\AppData\Local\Temp\ccEyU2fF.s 			page 34


 1882 073d 10       		.byte	16
 1883 073e A7       		.byte	-89
 1884 073f A0       		.byte	-96
 1885 0740 87       		.byte	-121
 1886 0741 04       		.byte	4
 1887 0742 88       		.byte	-120
 1888 0743 08       		.byte	8
 1889 0744 8F       		.byte	-113
 1890 0745 20       		.byte	32
 1891 0746 93       		.byte	-109
 1892 0747 20       		.byte	32
 1893 0748 9D       		.byte	-99
 1894 0749 10       		.byte	16
 1895 074a A7       		.byte	-89
 1896 074b A0       		.byte	-96
 1897 074c AF       		.byte	-81
 1898 074d 10       		.byte	16
 1899 074e E0       		.byte	-32
 1900 074f 03       		.byte	3
 1901 0750 81       		.byte	-127
 1902 0751 20       		.byte	32
 1903 0752 96       		.byte	-106
 1904 0753 10       		.byte	16
 1905 0754 9D       		.byte	-99
 1906 0755 21       		.byte	33
 1907 0756 E6       		.byte	-26
 1908 0757 80       		.byte	-128
 1909 0758 82       		.byte	-126
 1910 0759 10       		.byte	16
 1911 075a 96       		.byte	-106
 1912 075b 10       		.byte	16
 1913 075c A9       		.byte	-87
 1914 075d 01       		.byte	1
 1915 075e E2       		.byte	-30
 1916 075f 80       		.byte	-128
 1917 0760 EA       		.byte	-22
 1918 0761 20       		.byte	32
 1919 0762 53       		.byte	83
 1920 0763 04       		.byte	4
 1921 0764 5B       		.byte	91
 1922 0765 08       		.byte	8
 1923 0766 5D       		.byte	93
 1924 0767 08       		.byte	8
 1925 0768 60       		.byte	96
 1926 0769 08       		.byte	8
 1927 076a 67       		.byte	103
 1928 076b 20       		.byte	32
 1929 076c 8F       		.byte	-113
 1930 076d 80       		.byte	-128
 1931 076e 93       		.byte	-109
 1932 076f 28       		.byte	40
 1933 0770 98       		.byte	-104
 1934 0771 08       		.byte	8
 1935 0772 9D       		.byte	-99
 1936 0773 10       		.byte	16
 1937 0774 A7       		.byte	-89
 1938 0775 80       		.byte	-128
ARM GAS  C:\Users\SANDEE~1\AppData\Local\Temp\ccEyU2fF.s 			page 35


 1939 0776 D4       		.byte	-44
 1940 0777 04       		.byte	4
 1941 0778 D6       		.byte	-42
 1942 0779 03       		.byte	3
 1943 077a D8       		.byte	-40
 1944 077b 03       		.byte	3
 1945 077c E0       		.byte	-32
 1946 077d 02       		.byte	2
 1947 077e 81       		.byte	-127
 1948 077f 08       		.byte	8
 1949 0780 8D       		.byte	-115
 1950 0781 10       		.byte	16
 1951 0782 9D       		.byte	-99
 1952 0783 18       		.byte	24
 1953 0784 AB       		.byte	-85
 1954 0785 08       		.byte	8
 1955 0786 E0       		.byte	-32
 1956 0787 02       		.byte	2
 1957 0788 00       		.byte	0
 1958 0789 69       		.byte	105
 1959 078a 0A       		.byte	10
 1960 078b 60       		.byte	96
 1961 078c 0C       		.byte	12
 1962 078d 09       		.byte	9
 1963 078e 10       		.byte	16
 1964 078f 96       		.byte	-106
 1965 0790 1A       		.byte	26
 1966 0791 82       		.byte	-126
 1967 0792 1C       		.byte	28
 1968 0793 14       		.byte	20
 1969 0794 00       		.byte	0
 1970 0795 FF       		.byte	-1
 1971 0796 FF       		.byte	-1
 1972 0797 00       		.byte	0
 1973 0798 FF       		.byte	-1
 1974 0799 00       		.byte	0
 1975 079a 00       		.byte	0
 1976 079b 00       		.byte	0
 1977 079c 00       		.byte	0
 1978 079d FF       		.byte	-1
 1979 079e FF       		.byte	-1
 1980 079f 00       		.byte	0
 1981 07a0 F4       		.byte	-12
 1982 07a1 00       		.byte	0
 1983 07a2 00       		.byte	0
 1984 07a3 00       		.byte	0
 1985 07a4 00       		.byte	0
 1986 07a5 07       		.byte	7
 1987 07a6 07       		.byte	7
 1988 07a7 00       		.byte	0
 1989 07a8 07       		.byte	7
 1990 07a9 00       		.byte	0
 1991 07aa 00       		.byte	0
 1992 07ab 00       		.byte	0
 1993              		.section	.cywolatch,"a",%progbits
 1994              		.align	2
 1995              		.type	cy_meta_wonvl, %object
ARM GAS  C:\Users\SANDEE~1\AppData\Local\Temp\ccEyU2fF.s 			page 36


 1996              		.size	cy_meta_wonvl, 4
 1997              	cy_meta_wonvl:
 1998 0000 BC       		.byte	-68
 1999 0001 90       		.byte	-112
 2000 0002 AC       		.byte	-84
 2001 0003 AF       		.byte	-81
 2002              		.section	.cycustnvl,"a",%progbits
 2003              		.align	2
 2004              		.type	cy_meta_custnvl, %object
 2005              		.size	cy_meta_custnvl, 4
 2006              	cy_meta_custnvl:
 2007 0000 00       		.byte	0
 2008 0001 00       		.byte	0
 2009 0002 40       		.byte	64
 2010 0003 05       		.byte	5
 2011              		.section	.cymeta,"a",%progbits
 2012              		.align	2
 2013              		.type	cy_metadata, %object
 2014              		.size	cy_metadata, 12
 2015              	cy_metadata:
 2016 0000 00       		.byte	0
 2017 0001 01       		.byte	1
 2018 0002 2E       		.byte	46
 2019 0003 12       		.byte	18
 2020 0004 70       		.byte	112
 2021 0005 69       		.byte	105
 2022 0006 00       		.byte	0
 2023 0007 01       		.byte	1
 2024 0008 00       		.byte	0
 2025 0009 00       		.byte	0
 2026 000a 00       		.byte	0
 2027 000b 00       		.byte	0
 2028              		.section	.cyflashprotect,"a",%progbits
 2029              		.align	2
 2030              		.type	cy_meta_flashprotect, %object
 2031              		.size	cy_meta_flashprotect, 256
 2032              	cy_meta_flashprotect:
 2033 0000 00000000 		.space	256
 2033      00000000 
 2033      00000000 
 2033      00000000 
 2033      00000000 
 2034              		.text
 2035              	.Letext0:
 2036              		.file 1 "c:\\program files (x86)\\cypress\\psoc creator\\4.2\\psoc creator\\import\\gnu\\arm\\5.4.
 2037              		.file 2 "c:\\program files (x86)\\cypress\\psoc creator\\4.2\\psoc creator\\import\\gnu\\arm\\5.4.
 2038              		.file 3 "Generated_Source\\PSoC5\\cymetadata.c"
 2039              		.section	.debug_info,"",%progbits
 2040              	.Ldebug_info0:
 2041 0000 35010000 		.4byte	0x135
 2042 0004 0400     		.2byte	0x4
 2043 0006 00000000 		.4byte	.Ldebug_abbrev0
 2044 000a 04       		.byte	0x4
 2045 000b 01       		.uleb128 0x1
 2046 000c 24000000 		.4byte	.LASF17
 2047 0010 0C       		.byte	0xc
 2048 0011 D8010000 		.4byte	.LASF18
ARM GAS  C:\Users\SANDEE~1\AppData\Local\Temp\ccEyU2fF.s 			page 37


 2049 0015 D7000000 		.4byte	.LASF19
 2050 0019 00000000 		.4byte	.Ldebug_line0
 2051 001d 02       		.uleb128 0x2
 2052 001e 01       		.byte	0x1
 2053 001f 06       		.byte	0x6
 2054 0020 CC010000 		.4byte	.LASF0
 2055 0024 03       		.uleb128 0x3
 2056 0025 00000000 		.4byte	.LASF9
 2057 0029 01       		.byte	0x1
 2058 002a 1D       		.byte	0x1d
 2059 002b 2F000000 		.4byte	0x2f
 2060 002f 02       		.uleb128 0x2
 2061 0030 01       		.byte	0x1
 2062 0031 08       		.byte	0x8
 2063 0032 16000000 		.4byte	.LASF1
 2064 0036 02       		.uleb128 0x2
 2065 0037 02       		.byte	0x2
 2066 0038 05       		.byte	0x5
 2067 0039 B9010000 		.4byte	.LASF2
 2068 003d 02       		.uleb128 0x2
 2069 003e 02       		.byte	0x2
 2070 003f 07       		.byte	0x7
 2071 0040 C4000000 		.4byte	.LASF3
 2072 0044 02       		.uleb128 0x2
 2073 0045 04       		.byte	0x4
 2074 0046 05       		.byte	0x5
 2075 0047 C3010000 		.4byte	.LASF4
 2076 004b 02       		.uleb128 0x2
 2077 004c 04       		.byte	0x4
 2078 004d 07       		.byte	0x7
 2079 004e B2000000 		.4byte	.LASF5
 2080 0052 02       		.uleb128 0x2
 2081 0053 08       		.byte	0x8
 2082 0054 05       		.byte	0x5
 2083 0055 AB010000 		.4byte	.LASF6
 2084 0059 02       		.uleb128 0x2
 2085 005a 08       		.byte	0x8
 2086 005b 07       		.byte	0x7
 2087 005c 60010000 		.4byte	.LASF7
 2088 0060 04       		.uleb128 0x4
 2089 0061 04       		.byte	0x4
 2090 0062 05       		.byte	0x5
 2091 0063 696E7400 		.ascii	"int\000"
 2092 0067 02       		.uleb128 0x2
 2093 0068 04       		.byte	0x4
 2094 0069 07       		.byte	0x7
 2095 006a 53010000 		.4byte	.LASF8
 2096 006e 03       		.uleb128 0x3
 2097 006f 77010000 		.4byte	.LASF10
 2098 0073 02       		.byte	0x2
 2099 0074 18       		.byte	0x18
 2100 0075 24000000 		.4byte	0x24
 2101 0079 05       		.uleb128 0x5
 2102 007a 91000000 		.4byte	0x91
 2103 007e 8A000000 		.4byte	0x8a
 2104 0082 06       		.uleb128 0x6
 2105 0083 8A000000 		.4byte	0x8a
ARM GAS  C:\Users\SANDEE~1\AppData\Local\Temp\ccEyU2fF.s 			page 38


 2106 0087 AB07     		.2byte	0x7ab
 2107 0089 00       		.byte	0
 2108 008a 02       		.uleb128 0x2
 2109 008b 04       		.byte	0x4
 2110 008c 07       		.byte	0x7
 2111 008d A2010000 		.4byte	.LASF11
 2112 0091 07       		.uleb128 0x7
 2113 0092 6E000000 		.4byte	0x6e
 2114 0096 08       		.uleb128 0x8
 2115 0097 41010000 		.4byte	.LASF12
 2116 009b 03       		.byte	0x3
 2117 009c 1F       		.byte	0x1f
 2118 009d A7000000 		.4byte	0xa7
 2119 00a1 05       		.uleb128 0x5
 2120 00a2 03       		.byte	0x3
 2121 00a3 00000000 		.4byte	cy_meta_configecc
 2122 00a7 07       		.uleb128 0x7
 2123 00a8 79000000 		.4byte	0x79
 2124 00ac 05       		.uleb128 0x5
 2125 00ad 91000000 		.4byte	0x91
 2126 00b1 BC000000 		.4byte	0xbc
 2127 00b5 09       		.uleb128 0x9
 2128 00b6 8A000000 		.4byte	0x8a
 2129 00ba 03       		.byte	0x3
 2130 00bb 00       		.byte	0
 2131 00bc 0A       		.uleb128 0xa
 2132 00bd 31010000 		.4byte	.LASF13
 2133 00c1 03       		.byte	0x3
 2134 00c2 2201     		.2byte	0x122
 2135 00c4 CE000000 		.4byte	0xce
 2136 00c8 05       		.uleb128 0x5
 2137 00c9 03       		.byte	0x3
 2138 00ca 00000000 		.4byte	cy_meta_custnvl
 2139 00ce 07       		.uleb128 0x7
 2140 00cf AC000000 		.4byte	0xac
 2141 00d3 0A       		.uleb128 0xa
 2142 00d4 94010000 		.4byte	.LASF14
 2143 00d8 03       		.byte	0x3
 2144 00d9 3001     		.2byte	0x130
 2145 00db E5000000 		.4byte	0xe5
 2146 00df 05       		.uleb128 0x5
 2147 00e0 03       		.byte	0x3
 2148 00e1 00000000 		.4byte	cy_meta_wonvl
 2149 00e5 07       		.uleb128 0x7
 2150 00e6 AC000000 		.4byte	0xac
 2151 00ea 05       		.uleb128 0x5
 2152 00eb 91000000 		.4byte	0x91
 2153 00ef FA000000 		.4byte	0xfa
 2154 00f3 09       		.uleb128 0x9
 2155 00f4 8A000000 		.4byte	0x8a
 2156 00f8 FF       		.byte	0xff
 2157 00f9 00       		.byte	0
 2158 00fa 0A       		.uleb128 0xa
 2159 00fb 7F010000 		.4byte	.LASF15
 2160 00ff 03       		.byte	0x3
 2161 0100 3E01     		.2byte	0x13e
 2162 0102 0C010000 		.4byte	0x10c
ARM GAS  C:\Users\SANDEE~1\AppData\Local\Temp\ccEyU2fF.s 			page 39


 2163 0106 05       		.uleb128 0x5
 2164 0107 03       		.byte	0x3
 2165 0108 00000000 		.4byte	cy_meta_flashprotect
 2166 010c 07       		.uleb128 0x7
 2167 010d EA000000 		.4byte	0xea
 2168 0111 05       		.uleb128 0x5
 2169 0112 91000000 		.4byte	0x91
 2170 0116 21010000 		.4byte	0x121
 2171 011a 09       		.uleb128 0x9
 2172 011b 8A000000 		.4byte	0x8a
 2173 011f 0B       		.byte	0xb
 2174 0120 00       		.byte	0
 2175 0121 0A       		.uleb128 0xa
 2176 0122 0A000000 		.4byte	.LASF16
 2177 0126 03       		.byte	0x3
 2178 0127 6B01     		.2byte	0x16b
 2179 0129 33010000 		.4byte	0x133
 2180 012d 05       		.uleb128 0x5
 2181 012e 03       		.byte	0x3
 2182 012f 00000000 		.4byte	cy_metadata
 2183 0133 07       		.uleb128 0x7
 2184 0134 11010000 		.4byte	0x111
 2185 0138 00       		.byte	0
 2186              		.section	.debug_abbrev,"",%progbits
 2187              	.Ldebug_abbrev0:
 2188 0000 01       		.uleb128 0x1
 2189 0001 11       		.uleb128 0x11
 2190 0002 01       		.byte	0x1
 2191 0003 25       		.uleb128 0x25
 2192 0004 0E       		.uleb128 0xe
 2193 0005 13       		.uleb128 0x13
 2194 0006 0B       		.uleb128 0xb
 2195 0007 03       		.uleb128 0x3
 2196 0008 0E       		.uleb128 0xe
 2197 0009 1B       		.uleb128 0x1b
 2198 000a 0E       		.uleb128 0xe
 2199 000b 10       		.uleb128 0x10
 2200 000c 17       		.uleb128 0x17
 2201 000d 00       		.byte	0
 2202 000e 00       		.byte	0
 2203 000f 02       		.uleb128 0x2
 2204 0010 24       		.uleb128 0x24
 2205 0011 00       		.byte	0
 2206 0012 0B       		.uleb128 0xb
 2207 0013 0B       		.uleb128 0xb
 2208 0014 3E       		.uleb128 0x3e
 2209 0015 0B       		.uleb128 0xb
 2210 0016 03       		.uleb128 0x3
 2211 0017 0E       		.uleb128 0xe
 2212 0018 00       		.byte	0
 2213 0019 00       		.byte	0
 2214 001a 03       		.uleb128 0x3
 2215 001b 16       		.uleb128 0x16
 2216 001c 00       		.byte	0
 2217 001d 03       		.uleb128 0x3
 2218 001e 0E       		.uleb128 0xe
 2219 001f 3A       		.uleb128 0x3a
ARM GAS  C:\Users\SANDEE~1\AppData\Local\Temp\ccEyU2fF.s 			page 40


 2220 0020 0B       		.uleb128 0xb
 2221 0021 3B       		.uleb128 0x3b
 2222 0022 0B       		.uleb128 0xb
 2223 0023 49       		.uleb128 0x49
 2224 0024 13       		.uleb128 0x13
 2225 0025 00       		.byte	0
 2226 0026 00       		.byte	0
 2227 0027 04       		.uleb128 0x4
 2228 0028 24       		.uleb128 0x24
 2229 0029 00       		.byte	0
 2230 002a 0B       		.uleb128 0xb
 2231 002b 0B       		.uleb128 0xb
 2232 002c 3E       		.uleb128 0x3e
 2233 002d 0B       		.uleb128 0xb
 2234 002e 03       		.uleb128 0x3
 2235 002f 08       		.uleb128 0x8
 2236 0030 00       		.byte	0
 2237 0031 00       		.byte	0
 2238 0032 05       		.uleb128 0x5
 2239 0033 01       		.uleb128 0x1
 2240 0034 01       		.byte	0x1
 2241 0035 49       		.uleb128 0x49
 2242 0036 13       		.uleb128 0x13
 2243 0037 01       		.uleb128 0x1
 2244 0038 13       		.uleb128 0x13
 2245 0039 00       		.byte	0
 2246 003a 00       		.byte	0
 2247 003b 06       		.uleb128 0x6
 2248 003c 21       		.uleb128 0x21
 2249 003d 00       		.byte	0
 2250 003e 49       		.uleb128 0x49
 2251 003f 13       		.uleb128 0x13
 2252 0040 2F       		.uleb128 0x2f
 2253 0041 05       		.uleb128 0x5
 2254 0042 00       		.byte	0
 2255 0043 00       		.byte	0
 2256 0044 07       		.uleb128 0x7
 2257 0045 26       		.uleb128 0x26
 2258 0046 00       		.byte	0
 2259 0047 49       		.uleb128 0x49
 2260 0048 13       		.uleb128 0x13
 2261 0049 00       		.byte	0
 2262 004a 00       		.byte	0
 2263 004b 08       		.uleb128 0x8
 2264 004c 34       		.uleb128 0x34
 2265 004d 00       		.byte	0
 2266 004e 03       		.uleb128 0x3
 2267 004f 0E       		.uleb128 0xe
 2268 0050 3A       		.uleb128 0x3a
 2269 0051 0B       		.uleb128 0xb
 2270 0052 3B       		.uleb128 0x3b
 2271 0053 0B       		.uleb128 0xb
 2272 0054 49       		.uleb128 0x49
 2273 0055 13       		.uleb128 0x13
 2274 0056 3F       		.uleb128 0x3f
 2275 0057 19       		.uleb128 0x19
 2276 0058 02       		.uleb128 0x2
ARM GAS  C:\Users\SANDEE~1\AppData\Local\Temp\ccEyU2fF.s 			page 41


 2277 0059 18       		.uleb128 0x18
 2278 005a 00       		.byte	0
 2279 005b 00       		.byte	0
 2280 005c 09       		.uleb128 0x9
 2281 005d 21       		.uleb128 0x21
 2282 005e 00       		.byte	0
 2283 005f 49       		.uleb128 0x49
 2284 0060 13       		.uleb128 0x13
 2285 0061 2F       		.uleb128 0x2f
 2286 0062 0B       		.uleb128 0xb
 2287 0063 00       		.byte	0
 2288 0064 00       		.byte	0
 2289 0065 0A       		.uleb128 0xa
 2290 0066 34       		.uleb128 0x34
 2291 0067 00       		.byte	0
 2292 0068 03       		.uleb128 0x3
 2293 0069 0E       		.uleb128 0xe
 2294 006a 3A       		.uleb128 0x3a
 2295 006b 0B       		.uleb128 0xb
 2296 006c 3B       		.uleb128 0x3b
 2297 006d 05       		.uleb128 0x5
 2298 006e 49       		.uleb128 0x49
 2299 006f 13       		.uleb128 0x13
 2300 0070 3F       		.uleb128 0x3f
 2301 0071 19       		.uleb128 0x19
 2302 0072 02       		.uleb128 0x2
 2303 0073 18       		.uleb128 0x18
 2304 0074 00       		.byte	0
 2305 0075 00       		.byte	0
 2306 0076 00       		.byte	0
 2307              		.section	.debug_aranges,"",%progbits
 2308 0000 14000000 		.4byte	0x14
 2309 0004 0200     		.2byte	0x2
 2310 0006 00000000 		.4byte	.Ldebug_info0
 2311 000a 04       		.byte	0x4
 2312 000b 00       		.byte	0
 2313 000c 0000     		.2byte	0
 2314 000e 0000     		.2byte	0
 2315 0010 00000000 		.4byte	0
 2316 0014 00000000 		.4byte	0
 2317              		.section	.debug_line,"",%progbits
 2318              	.Ldebug_line0:
 2319 0000 3D010000 		.section	.debug_str,"MS",%progbits,1
 2319      02003701 
 2319      00000201 
 2319      FB0E0D00 
 2319      01010101 
 2320              	.LASF9:
 2321 0000 5F5F7569 		.ascii	"__uint8_t\000"
 2321      6E74385F 
 2321      7400
 2322              	.LASF16:
 2323 000a 63795F6D 		.ascii	"cy_metadata\000"
 2323      65746164 
 2323      61746100 
 2324              	.LASF1:
 2325 0016 756E7369 		.ascii	"unsigned char\000"
ARM GAS  C:\Users\SANDEE~1\AppData\Local\Temp\ccEyU2fF.s 			page 42


 2325      676E6564 
 2325      20636861 
 2325      7200
 2326              	.LASF17:
 2327 0024 474E5520 		.ascii	"GNU C11 5.4.1 20160609 (release) [ARM/embedded-5-br"
 2327      43313120 
 2327      352E342E 
 2327      31203230 
 2327      31363036 
 2328 0057 616E6368 		.ascii	"anch revision 237715] -mcpu=cortex-m3 -mthumb -g -O"
 2328      20726576 
 2328      6973696F 
 2328      6E203233 
 2328      37373135 
 2329 008a 67202D66 		.ascii	"g -ffunction-sections -ffat-lto-objects\000"
 2329      66756E63 
 2329      74696F6E 
 2329      2D736563 
 2329      74696F6E 
 2330              	.LASF5:
 2331 00b2 6C6F6E67 		.ascii	"long unsigned int\000"
 2331      20756E73 
 2331      69676E65 
 2331      6420696E 
 2331      7400
 2332              	.LASF3:
 2333 00c4 73686F72 		.ascii	"short unsigned int\000"
 2333      7420756E 
 2333      7369676E 
 2333      65642069 
 2333      6E7400
 2334              	.LASF19:
 2335 00d7 433A5C55 		.ascii	"C:\\Users\\Sandeep Nadella\\OneDrive\\Documents\\PS"
 2335      73657273 
 2335      5C53616E 
 2335      64656570 
 2335      204E6164 
 2336 0105 6F432043 		.ascii	"oC Creator\\SD_Workspace\\Robot_Control.cydsn\000"
 2336      72656174 
 2336      6F725C53 
 2336      445F576F 
 2336      726B7370 
 2337              	.LASF13:
 2338 0131 63795F6D 		.ascii	"cy_meta_custnvl\000"
 2338      6574615F 
 2338      63757374 
 2338      6E766C00 
 2339              	.LASF12:
 2340 0141 63795F6D 		.ascii	"cy_meta_configecc\000"
 2340      6574615F 
 2340      636F6E66 
 2340      69676563 
 2340      6300
 2341              	.LASF8:
 2342 0153 756E7369 		.ascii	"unsigned int\000"
 2342      676E6564 
 2342      20696E74 
ARM GAS  C:\Users\SANDEE~1\AppData\Local\Temp\ccEyU2fF.s 			page 43


 2342      00
 2343              	.LASF7:
 2344 0160 6C6F6E67 		.ascii	"long long unsigned int\000"
 2344      206C6F6E 
 2344      6720756E 
 2344      7369676E 
 2344      65642069 
 2345              	.LASF10:
 2346 0177 75696E74 		.ascii	"uint8_t\000"
 2346      385F7400 
 2347              	.LASF15:
 2348 017f 63795F6D 		.ascii	"cy_meta_flashprotect\000"
 2348      6574615F 
 2348      666C6173 
 2348      6870726F 
 2348      74656374 
 2349              	.LASF14:
 2350 0194 63795F6D 		.ascii	"cy_meta_wonvl\000"
 2350      6574615F 
 2350      776F6E76 
 2350      6C00
 2351              	.LASF11:
 2352 01a2 73697A65 		.ascii	"sizetype\000"
 2352      74797065 
 2352      00
 2353              	.LASF6:
 2354 01ab 6C6F6E67 		.ascii	"long long int\000"
 2354      206C6F6E 
 2354      6720696E 
 2354      7400
 2355              	.LASF2:
 2356 01b9 73686F72 		.ascii	"short int\000"
 2356      7420696E 
 2356      7400
 2357              	.LASF4:
 2358 01c3 6C6F6E67 		.ascii	"long int\000"
 2358      20696E74 
 2358      00
 2359              	.LASF0:
 2360 01cc 7369676E 		.ascii	"signed char\000"
 2360      65642063 
 2360      68617200 
 2361              	.LASF18:
 2362 01d8 47656E65 		.ascii	"Generated_Source\\PSoC5\\cymetadata.c\000"
 2362      72617465 
 2362      645F536F 
 2362      75726365 
 2362      5C50536F 
 2363              		.ident	"GCC: (GNU Tools for ARM Embedded Processors) 5.4.1 20160609 (release) [ARM/embedded-5-bran
