--------------- Clean Started: 12/07/2019 16:59:08 Project: Design01, Configuration: ARM GCC 4.9-2015-q1-update Debug ---------------
Deleting file ".\CortexM3\ARM_GCC_493\Debug\main.o"
Deleting file ".\CortexM3\ARM_GCC_493\Debug\cyfitter_cfg.o"
Deleting file ".\CortexM3\ARM_GCC_493\Debug\cymetadata.o"
Deleting file ".\CortexM3\ARM_GCC_493\Debug\Cm3Start.o"
Deleting file ".\CortexM3\ARM_GCC_493\Debug\CyBootAsmGnu.o"
Deleting file ".\CortexM3\ARM_GCC_493\Debug\CyDmac.o"
Deleting file ".\CortexM3\ARM_GCC_493\Debug\CyFlash.o"
Deleting file ".\CortexM3\ARM_GCC_493\Debug\CyLib.o"
Deleting file ".\CortexM3\ARM_GCC_493\Debug\cyPm.o"
Deleting file ".\CortexM3\ARM_GCC_493\Debug\CySpc.o"
Deleting file ".\CortexM3\ARM_GCC_493\Debug\cyutils.o"
Deleting file ".\CortexM3\ARM_GCC_493\Debug\LED0.o"
Deleting file ".\CortexM3\ARM_GCC_493\Debug\Right_Eyebrow.o"
Deleting file ".\CortexM3\ARM_GCC_493\Debug\Right_Eyebrow_PM.o"
Deleting file ".\CortexM3\ARM_GCC_493\Debug\Clock_1.o"
Deleting file ".\CortexM3\ARM_GCC_493\Debug\Right_Eyebrow_Inner.o"
Deleting file ".\CortexM3\ARM_GCC_493\Debug\Right_Eyebrow_Outer.o"
Deleting file ".\CortexM3\ARM_GCC_493\Debug\Clock_2.o"
Deleting file ".\CortexM3\ARM_GCC_493\Debug\Left_Eyebrow_Inner.o"
Deleting file ".\CortexM3\ARM_GCC_493\Debug\Left_Eyebrow.o"
Deleting file ".\CortexM3\ARM_GCC_493\Debug\Left_Eyebrow_PM.o"
Deleting file ".\CortexM3\ARM_GCC_493\Debug\Left_Eyebrow_Outer.o"
Deleting file ".\CortexM3\ARM_GCC_493\Debug\Design01.hex"
Deleting file ".\CortexM3\ARM_GCC_493\Debug\Design01.elf"
Deleting file ".\CortexM3\ARM_GCC_493\Debug\Design01.map"
Deleting file ".\Design01.cycdx"
Deleting file ".\Design01.svd"
Deleting file ".\Design01.rpt"
Deleting file ".\Design01_timing.html"
Deleting file ".\CortexM3\ARM_GCC_493\Debug\.deps\C_FILE.P"
Deleting file ".\CortexM3\ARM_GCC_493\Debug\.deps\ARM_C_FILE.P"
Deleting file ".\CortexM3\ARM_GCC_493\Debug\.deps\GNU_ARM_ASM_FILE.P"
--------------- Clean Succeeded: 12/07/2019 16:59:09 ---------------
