ARM GAS  C:\Users\suman\AppData\Local\Temp\cclJLwCp.s 			page 1


   1              		.syntax unified
   2              		.cpu cortex-m3
   3              		.fpu softvfp
   4              		.eabi_attribute 20, 1
   5              		.eabi_attribute 21, 1
   6              		.eabi_attribute 23, 3
   7              		.eabi_attribute 24, 1
   8              		.eabi_attribute 25, 1
   9              		.eabi_attribute 26, 1
  10              		.eabi_attribute 30, 1
  11              		.eabi_attribute 34, 1
  12              		.eabi_attribute 18, 4
  13              		.thumb
  14              		.file	"cymetadata.c"
  15              		.text
  16              	.Ltext0:
  17              		.cfi_sections	.debug_frame
  18              		.global	cy_metadata
  19              		.global	cy_meta_flashprotect
  20              		.global	cy_meta_wonvl
  21              		.global	cy_meta_custnvl
  22              		.global	cy_meta_configecc
  23              		.section	.cyconfigecc,"a",%progbits
  24              		.align	2
  25              		.type	cy_meta_configecc, %object
  26              		.size	cy_meta_configecc, 1964
  27              	cy_meta_configecc:
  28 0000 06       		.byte	6
  29 0001 52       		.byte	82
  30 0002 00       		.byte	0
  31 0003 40       		.byte	64
  32 0004 04       		.byte	4
  33 0005 64       		.byte	100
  34 0006 00       		.byte	0
  35 0007 40       		.byte	64
  36 0008 04       		.byte	4
  37 0009 65       		.byte	101
  38 000a 00       		.byte	0
  39 000b 40       		.byte	64
  40 000c 45       		.byte	69
  41 000d 04       		.byte	4
  42 000e 01       		.byte	1
  43 000f 40       		.byte	64
  44 0010 23       		.byte	35
  45 0011 05       		.byte	5
  46 0012 01       		.byte	1
  47 0013 40       		.byte	64
  48 0014 44       		.byte	68
  49 0015 06       		.byte	6
  50 0016 01       		.byte	1
  51 0017 40       		.byte	64
  52 0018 21       		.byte	33
  53 0019 07       		.byte	7
  54 001a 01       		.byte	1
  55 001b 40       		.byte	64
  56 001c 42       		.byte	66
  57 001d 08       		.byte	8
ARM GAS  C:\Users\suman\AppData\Local\Temp\cclJLwCp.s 			page 2


  58 001e 01       		.byte	1
  59 001f 40       		.byte	64
  60 0020 23       		.byte	35
  61 0021 09       		.byte	9
  62 0022 01       		.byte	1
  63 0023 40       		.byte	64
  64 0024 45       		.byte	69
  65 0025 0A       		.byte	10
  66 0026 01       		.byte	1
  67 0027 40       		.byte	64
  68 0028 23       		.byte	35
  69 0029 0B       		.byte	11
  70 002a 01       		.byte	1
  71 002b 40       		.byte	64
  72 002c 45       		.byte	69
  73 002d 14       		.byte	20
  74 002e 01       		.byte	1
  75 002f 40       		.byte	64
  76 0030 25       		.byte	37
  77 0031 15       		.byte	21
  78 0032 01       		.byte	1
  79 0033 40       		.byte	64
  80 0034 41       		.byte	65
  81 0035 16       		.byte	22
  82 0036 01       		.byte	1
  83 0037 40       		.byte	64
  84 0038 23       		.byte	35
  85 0039 17       		.byte	23
  86 003a 01       		.byte	1
  87 003b 40       		.byte	64
  88 003c 42       		.byte	66
  89 003d 18       		.byte	24
  90 003e 01       		.byte	1
  91 003f 40       		.byte	64
  92 0040 22       		.byte	34
  93 0041 19       		.byte	25
  94 0042 01       		.byte	1
  95 0043 40       		.byte	64
  96 0044 45       		.byte	69
  97 0045 1A       		.byte	26
  98 0046 01       		.byte	1
  99 0047 40       		.byte	64
 100 0048 26       		.byte	38
 101 0049 1B       		.byte	27
 102 004a 01       		.byte	1
 103 004b 40       		.byte	64
 104 004c 0B       		.byte	11
 105 004d 41       		.byte	65
 106 004e 01       		.byte	1
 107 004f 40       		.byte	64
 108 0050 09       		.byte	9
 109 0051 42       		.byte	66
 110 0052 01       		.byte	1
 111 0053 40       		.byte	64
 112 0054 08       		.byte	8
 113 0055 43       		.byte	67
 114 0056 01       		.byte	1
ARM GAS  C:\Users\suman\AppData\Local\Temp\cclJLwCp.s 			page 3


 115 0057 40       		.byte	64
 116 0058 05       		.byte	5
 117 0059 45       		.byte	69
 118 005a 01       		.byte	1
 119 005b 40       		.byte	64
 120 005c 04       		.byte	4
 121 005d 46       		.byte	70
 122 005e 01       		.byte	1
 123 005f 40       		.byte	64
 124 0060 05       		.byte	5
 125 0061 47       		.byte	71
 126 0062 01       		.byte	1
 127 0063 40       		.byte	64
 128 0064 05       		.byte	5
 129 0065 48       		.byte	72
 130 0066 01       		.byte	1
 131 0067 40       		.byte	64
 132 0068 04       		.byte	4
 133 0069 49       		.byte	73
 134 006a 01       		.byte	1
 135 006b 40       		.byte	64
 136 006c 07       		.byte	7
 137 006d 4C       		.byte	76
 138 006e 01       		.byte	1
 139 006f 40       		.byte	64
 140 0070 08       		.byte	8
 141 0071 4D       		.byte	77
 142 0072 01       		.byte	1
 143 0073 40       		.byte	64
 144 0074 06       		.byte	6
 145 0075 50       		.byte	80
 146 0076 01       		.byte	1
 147 0077 40       		.byte	64
 148 0078 00       		.byte	0
 149 0079 CC       		.byte	-52
 150 007a 01       		.byte	1
 151 007b 56       		.byte	86
 152 007c 08       		.byte	8
 153 007d C0       		.byte	-64
 154 007e 09       		.byte	9
 155 007f 40       		.byte	64
 156 0080 10       		.byte	16
 157 0081 03       		.byte	3
 158 0082 11       		.byte	17
 159 0083 01       		.byte	1
 160 0084 85       		.byte	-123
 161 0085 0F       		.byte	15
 162 0086 87       		.byte	-121
 163 0087 0F       		.byte	15
 164 0088 89       		.byte	-119
 165 0089 0F       		.byte	15
 166 008a 8B       		.byte	-117
 167 008b 0F       		.byte	15
 168 008c 85       		.byte	-123
 169 008d 0F       		.byte	15
 170 008e 87       		.byte	-121
 171 008f 0F       		.byte	15
ARM GAS  C:\Users\suman\AppData\Local\Temp\cclJLwCp.s 			page 4


 172 0090 89       		.byte	-119
 173 0091 0F       		.byte	15
 174 0092 8B       		.byte	-117
 175 0093 0F       		.byte	15
 176 0094 40       		.byte	64
 177 0095 30       		.byte	48
 178 0096 41       		.byte	65
 179 0097 02       		.byte	2
 180 0098 49       		.byte	73
 181 0099 FF       		.byte	-1
 182 009a 4A       		.byte	74
 183 009b FF       		.byte	-1
 184 009c 4B       		.byte	75
 185 009d FF       		.byte	-1
 186 009e 4D       		.byte	77
 187 009f A0       		.byte	-96
 188 00a0 4F       		.byte	79
 189 00a1 04       		.byte	4
 190 00a2 50       		.byte	80
 191 00a3 18       		.byte	24
 192 00a4 5A       		.byte	90
 193 00a5 04       		.byte	4
 194 00a6 5D       		.byte	93
 195 00a7 03       		.byte	3
 196 00a8 5F       		.byte	95
 197 00a9 01       		.byte	1
 198 00aa 60       		.byte	96
 199 00ab 40       		.byte	64
 200 00ac 62       		.byte	98
 201 00ad C0       		.byte	-64
 202 00ae 64       		.byte	100
 203 00af 40       		.byte	64
 204 00b0 65       		.byte	101
 205 00b1 40       		.byte	64
 206 00b2 66       		.byte	102
 207 00b3 C0       		.byte	-64
 208 00b4 68       		.byte	104
 209 00b5 C0       		.byte	-64
 210 00b6 6A       		.byte	106
 211 00b7 C0       		.byte	-64
 212 00b8 6C       		.byte	108
 213 00b9 C0       		.byte	-64
 214 00ba 6E       		.byte	110
 215 00bb C0       		.byte	-64
 216 00bc 83       		.byte	-125
 217 00bd 0C       		.byte	12
 218 00be 87       		.byte	-121
 219 00bf 03       		.byte	3
 220 00c0 8A       		.byte	-118
 221 00c1 0E       		.byte	14
 222 00c2 91       		.byte	-111
 223 00c3 02       		.byte	2
 224 00c4 96       		.byte	-106
 225 00c5 02       		.byte	2
 226 00c6 99       		.byte	-103
 227 00c7 08       		.byte	8
 228 00c8 9E       		.byte	-98
ARM GAS  C:\Users\suman\AppData\Local\Temp\cclJLwCp.s 			page 5


 229 00c9 08       		.byte	8
 230 00ca AA       		.byte	-86
 231 00cb 04       		.byte	4
 232 00cc AE       		.byte	-82
 233 00cd 01       		.byte	1
 234 00ce B0       		.byte	-80
 235 00cf 04       		.byte	4
 236 00d0 B1       		.byte	-79
 237 00d1 02       		.byte	2
 238 00d2 B2       		.byte	-78
 239 00d3 01       		.byte	1
 240 00d4 B3       		.byte	-77
 241 00d5 08       		.byte	8
 242 00d6 B4       		.byte	-76
 243 00d7 02       		.byte	2
 244 00d8 B5       		.byte	-75
 245 00d9 04       		.byte	4
 246 00da B6       		.byte	-74
 247 00db 08       		.byte	8
 248 00dc B7       		.byte	-73
 249 00dd 01       		.byte	1
 250 00de BE       		.byte	-66
 251 00df 10       		.byte	16
 252 00e0 C0       		.byte	-64
 253 00e1 30       		.byte	48
 254 00e2 C1       		.byte	-63
 255 00e3 02       		.byte	2
 256 00e4 C5       		.byte	-59
 257 00e5 D0       		.byte	-48
 258 00e6 C6       		.byte	-58
 259 00e7 20       		.byte	32
 260 00e8 C7       		.byte	-57
 261 00e9 51       		.byte	81
 262 00ea C8       		.byte	-56
 263 00eb 3A       		.byte	58
 264 00ec C9       		.byte	-55
 265 00ed FF       		.byte	-1
 266 00ee CA       		.byte	-54
 267 00ef FF       		.byte	-1
 268 00f0 CB       		.byte	-53
 269 00f1 FF       		.byte	-1
 270 00f2 CD       		.byte	-51
 271 00f3 AF       		.byte	-81
 272 00f4 CE       		.byte	-50
 273 00f5 0F       		.byte	15
 274 00f6 CF       		.byte	-49
 275 00f7 04       		.byte	4
 276 00f8 D0       		.byte	-48
 277 00f9 18       		.byte	24
 278 00fa D2       		.byte	-46
 279 00fb 80       		.byte	-128
 280 00fc D4       		.byte	-44
 281 00fd 07       		.byte	7
 282 00fe D8       		.byte	-40
 283 00ff 04       		.byte	4
 284 0100 D9       		.byte	-39
 285 0101 04       		.byte	4
ARM GAS  C:\Users\suman\AppData\Local\Temp\cclJLwCp.s 			page 6


 286 0102 DA       		.byte	-38
 287 0103 04       		.byte	4
 288 0104 DB       		.byte	-37
 289 0105 04       		.byte	4
 290 0106 DC       		.byte	-36
 291 0107 33       		.byte	51
 292 0108 DD       		.byte	-35
 293 0109 33       		.byte	51
 294 010a DF       		.byte	-33
 295 010b 01       		.byte	1
 296 010c E0       		.byte	-32
 297 010d 40       		.byte	64
 298 010e E2       		.byte	-30
 299 010f C0       		.byte	-64
 300 0110 E4       		.byte	-28
 301 0111 40       		.byte	64
 302 0112 E5       		.byte	-27
 303 0113 40       		.byte	64
 304 0114 E6       		.byte	-26
 305 0115 C0       		.byte	-64
 306 0116 E8       		.byte	-24
 307 0117 C0       		.byte	-64
 308 0118 EA       		.byte	-22
 309 0119 C0       		.byte	-64
 310 011a EC       		.byte	-20
 311 011b C0       		.byte	-64
 312 011c EE       		.byte	-18
 313 011d C0       		.byte	-64
 314 011e 04       		.byte	4
 315 011f 10       		.byte	16
 316 0120 0F       		.byte	15
 317 0121 22       		.byte	34
 318 0122 16       		.byte	22
 319 0123 08       		.byte	8
 320 0124 17       		.byte	23
 321 0125 40       		.byte	64
 322 0126 1C       		.byte	28
 323 0127 10       		.byte	16
 324 0128 1D       		.byte	29
 325 0129 88       		.byte	-120
 326 012a 1E       		.byte	30
 327 012b 08       		.byte	8
 328 012c 1F       		.byte	31
 329 012d 01       		.byte	1
 330 012e 24       		.byte	36
 331 012f 40       		.byte	64
 332 0130 26       		.byte	38
 333 0131 20       		.byte	32
 334 0132 27       		.byte	39
 335 0133 22       		.byte	34
 336 0134 36       		.byte	54
 337 0135 20       		.byte	32
 338 0136 37       		.byte	55
 339 0137 02       		.byte	2
 340 0138 3E       		.byte	62
 341 0139 08       		.byte	8
 342 013a 3F       		.byte	63
ARM GAS  C:\Users\suman\AppData\Local\Temp\cclJLwCp.s 			page 7


 343 013b 02       		.byte	2
 344 013c 40       		.byte	64
 345 013d 10       		.byte	16
 346 013e 41       		.byte	65
 347 013f 20       		.byte	32
 348 0140 45       		.byte	69
 349 0141 28       		.byte	40
 350 0142 4F       		.byte	79
 351 0143 01       		.byte	1
 352 0144 55       		.byte	85
 353 0145 20       		.byte	32
 354 0146 56       		.byte	86
 355 0147 08       		.byte	8
 356 0148 57       		.byte	87
 357 0149 11       		.byte	17
 358 014a 5C       		.byte	92
 359 014b 40       		.byte	64
 360 014c 5E       		.byte	94
 361 014d 08       		.byte	8
 362 014e 5F       		.byte	95
 363 014f 21       		.byte	33
 364 0150 77       		.byte	119
 365 0151 40       		.byte	64
 366 0152 83       		.byte	-125
 367 0153 01       		.byte	1
 368 0154 85       		.byte	-123
 369 0155 80       		.byte	-128
 370 0156 C0       		.byte	-64
 371 0157 40       		.byte	64
 372 0158 C2       		.byte	-62
 373 0159 A0       		.byte	-96
 374 015a C4       		.byte	-60
 375 015b C0       		.byte	-64
 376 015c CC       		.byte	-52
 377 015d A0       		.byte	-96
 378 015e CE       		.byte	-50
 379 015f C0       		.byte	-64
 380 0160 D0       		.byte	-48
 381 0161 66       		.byte	102
 382 0162 D6       		.byte	-42
 383 0163 F0       		.byte	-16
 384 0164 40       		.byte	64
 385 0165 60       		.byte	96
 386 0166 41       		.byte	65
 387 0167 05       		.byte	5
 388 0168 49       		.byte	73
 389 0169 FF       		.byte	-1
 390 016a 4A       		.byte	74
 391 016b FF       		.byte	-1
 392 016c 4B       		.byte	75
 393 016d FF       		.byte	-1
 394 016e 4D       		.byte	77
 395 016f A0       		.byte	-96
 396 0170 4F       		.byte	79
 397 0171 04       		.byte	4
 398 0172 50       		.byte	80
 399 0173 18       		.byte	24
ARM GAS  C:\Users\suman\AppData\Local\Temp\cclJLwCp.s 			page 8


 400 0174 5A       		.byte	90
 401 0175 04       		.byte	4
 402 0176 5D       		.byte	93
 403 0177 04       		.byte	4
 404 0178 5F       		.byte	95
 405 0179 01       		.byte	1
 406 017a 60       		.byte	96
 407 017b 40       		.byte	64
 408 017c 62       		.byte	98
 409 017d C0       		.byte	-64
 410 017e 64       		.byte	100
 411 017f 40       		.byte	64
 412 0180 65       		.byte	101
 413 0181 40       		.byte	64
 414 0182 66       		.byte	102
 415 0183 C0       		.byte	-64
 416 0184 68       		.byte	104
 417 0185 C0       		.byte	-64
 418 0186 6A       		.byte	106
 419 0187 C0       		.byte	-64
 420 0188 6C       		.byte	108
 421 0189 C0       		.byte	-64
 422 018a 6E       		.byte	110
 423 018b C0       		.byte	-64
 424 018c 89       		.byte	-119
 425 018d 02       		.byte	2
 426 018e 8D       		.byte	-115
 427 018f 08       		.byte	8
 428 0190 8E       		.byte	-114
 429 0191 02       		.byte	2
 430 0192 92       		.byte	-110
 431 0193 01       		.byte	1
 432 0194 97       		.byte	-105
 433 0195 03       		.byte	3
 434 0196 9A       		.byte	-102
 435 0197 0E       		.byte	14
 436 0198 9B       		.byte	-101
 437 0199 0C       		.byte	12
 438 019a A6       		.byte	-90
 439 019b 08       		.byte	8
 440 019c AA       		.byte	-86
 441 019d 04       		.byte	4
 442 019e B0       		.byte	-80
 443 019f 04       		.byte	4
 444 01a0 B1       		.byte	-79
 445 01a1 04       		.byte	4
 446 01a2 B2       		.byte	-78
 447 01a3 02       		.byte	2
 448 01a4 B3       		.byte	-77
 449 01a5 01       		.byte	1
 450 01a6 B4       		.byte	-76
 451 01a7 01       		.byte	1
 452 01a8 B5       		.byte	-75
 453 01a9 08       		.byte	8
 454 01aa B6       		.byte	-74
 455 01ab 08       		.byte	8
 456 01ac B7       		.byte	-73
ARM GAS  C:\Users\suman\AppData\Local\Temp\cclJLwCp.s 			page 9


 457 01ad 02       		.byte	2
 458 01ae BE       		.byte	-66
 459 01af 04       		.byte	4
 460 01b0 C0       		.byte	-64
 461 01b1 20       		.byte	32
 462 01b2 C1       		.byte	-63
 463 01b3 05       		.byte	5
 464 01b4 C5       		.byte	-59
 465 01b5 D5       		.byte	-43
 466 01b6 C7       		.byte	-57
 467 01b7 21       		.byte	33
 468 01b8 C8       		.byte	-56
 469 01b9 33       		.byte	51
 470 01ba C9       		.byte	-55
 471 01bb FF       		.byte	-1
 472 01bc CA       		.byte	-54
 473 01bd FF       		.byte	-1
 474 01be CB       		.byte	-53
 475 01bf FF       		.byte	-1
 476 01c0 CD       		.byte	-51
 477 01c1 AF       		.byte	-81
 478 01c2 CE       		.byte	-50
 479 01c3 0F       		.byte	15
 480 01c4 CF       		.byte	-49
 481 01c5 04       		.byte	4
 482 01c6 D0       		.byte	-48
 483 01c7 18       		.byte	24
 484 01c8 D2       		.byte	-46
 485 01c9 80       		.byte	-128
 486 01ca D4       		.byte	-44
 487 01cb 07       		.byte	7
 488 01cc D8       		.byte	-40
 489 01cd 04       		.byte	4
 490 01ce D9       		.byte	-39
 491 01cf 04       		.byte	4
 492 01d0 DA       		.byte	-38
 493 01d1 04       		.byte	4
 494 01d2 DB       		.byte	-37
 495 01d3 04       		.byte	4
 496 01d4 DC       		.byte	-36
 497 01d5 44       		.byte	68
 498 01d6 DD       		.byte	-35
 499 01d7 44       		.byte	68
 500 01d8 DF       		.byte	-33
 501 01d9 01       		.byte	1
 502 01da E0       		.byte	-32
 503 01db 40       		.byte	64
 504 01dc E2       		.byte	-30
 505 01dd C0       		.byte	-64
 506 01de E4       		.byte	-28
 507 01df 40       		.byte	64
 508 01e0 E5       		.byte	-27
 509 01e1 40       		.byte	64
 510 01e2 E6       		.byte	-26
 511 01e3 C0       		.byte	-64
 512 01e4 E8       		.byte	-24
 513 01e5 C0       		.byte	-64
ARM GAS  C:\Users\suman\AppData\Local\Temp\cclJLwCp.s 			page 10


 514 01e6 EA       		.byte	-22
 515 01e7 C0       		.byte	-64
 516 01e8 EC       		.byte	-20
 517 01e9 C0       		.byte	-64
 518 01ea EE       		.byte	-18
 519 01eb C0       		.byte	-64
 520 01ec 02       		.byte	2
 521 01ed 02       		.byte	2
 522 01ee 0A       		.byte	10
 523 01ef 44       		.byte	68
 524 01f0 10       		.byte	16
 525 01f1 28       		.byte	40
 526 01f2 19       		.byte	25
 527 01f3 84       		.byte	-124
 528 01f4 1A       		.byte	26
 529 01f5 04       		.byte	4
 530 01f6 1B       		.byte	27
 531 01f7 12       		.byte	18
 532 01f8 20       		.byte	32
 533 01f9 50       		.byte	80
 534 01fa 22       		.byte	34
 535 01fb 50       		.byte	80
 536 01fc 30       		.byte	48
 537 01fd 28       		.byte	40
 538 01fe 38       		.byte	56
 539 01ff 50       		.byte	80
 540 0200 42       		.byte	66
 541 0201 04       		.byte	4
 542 0202 48       		.byte	72
 543 0203 20       		.byte	32
 544 0204 49       		.byte	73
 545 0205 01       		.byte	1
 546 0206 4A       		.byte	74
 547 0207 02       		.byte	2
 548 0208 4E       		.byte	78
 549 0209 02       		.byte	2
 550 020a 4F       		.byte	79
 551 020b 20       		.byte	32
 552 020c 50       		.byte	80
 553 020d 08       		.byte	8
 554 020e 52       		.byte	82
 555 020f 02       		.byte	2
 556 0210 59       		.byte	89
 557 0211 05       		.byte	5
 558 0212 5A       		.byte	90
 559 0213 A0       		.byte	-96
 560 0214 72       		.byte	114
 561 0215 40       		.byte	64
 562 0216 85       		.byte	-123
 563 0217 80       		.byte	-128
 564 0218 8C       		.byte	-116
 565 0219 01       		.byte	1
 566 021a 8F       		.byte	-113
 567 021b 02       		.byte	2
 568 021c C0       		.byte	-64
 569 021d 01       		.byte	1
 570 021e C2       		.byte	-62
ARM GAS  C:\Users\suman\AppData\Local\Temp\cclJLwCp.s 			page 11


 571 021f 0A       		.byte	10
 572 0220 C4       		.byte	-60
 573 0221 06       		.byte	6
 574 0222 CC       		.byte	-52
 575 0223 06       		.byte	6
 576 0224 CE       		.byte	-50
 577 0225 0C       		.byte	12
 578 0226 D0       		.byte	-48
 579 0227 04       		.byte	4
 580 0228 D2       		.byte	-46
 581 0229 38       		.byte	56
 582 022a D6       		.byte	-42
 583 022b 0F       		.byte	15
 584 022c E6       		.byte	-26
 585 022d 50       		.byte	80
 586 022e 40       		.byte	64
 587 022f 60       		.byte	96
 588 0230 41       		.byte	65
 589 0231 05       		.byte	5
 590 0232 49       		.byte	73
 591 0233 FF       		.byte	-1
 592 0234 4A       		.byte	74
 593 0235 FF       		.byte	-1
 594 0236 4B       		.byte	75
 595 0237 FF       		.byte	-1
 596 0238 4D       		.byte	77
 597 0239 A0       		.byte	-96
 598 023a 4F       		.byte	79
 599 023b 04       		.byte	4
 600 023c 50       		.byte	80
 601 023d 18       		.byte	24
 602 023e 5A       		.byte	90
 603 023f 04       		.byte	4
 604 0240 5D       		.byte	93
 605 0241 07       		.byte	7
 606 0242 5F       		.byte	95
 607 0243 01       		.byte	1
 608 0244 60       		.byte	96
 609 0245 40       		.byte	64
 610 0246 62       		.byte	98
 611 0247 C0       		.byte	-64
 612 0248 64       		.byte	100
 613 0249 40       		.byte	64
 614 024a 65       		.byte	101
 615 024b 40       		.byte	64
 616 024c 66       		.byte	102
 617 024d C0       		.byte	-64
 618 024e 68       		.byte	104
 619 024f C0       		.byte	-64
 620 0250 6A       		.byte	106
 621 0251 C0       		.byte	-64
 622 0252 6C       		.byte	108
 623 0253 C0       		.byte	-64
 624 0254 6E       		.byte	110
 625 0255 C0       		.byte	-64
 626 0256 87       		.byte	-121
 627 0257 06       		.byte	6
ARM GAS  C:\Users\suman\AppData\Local\Temp\cclJLwCp.s 			page 12


 628 0258 8E       		.byte	-114
 629 0259 02       		.byte	2
 630 025a 91       		.byte	-111
 631 025b 02       		.byte	2
 632 025c 92       		.byte	-110
 633 025d 01       		.byte	1
 634 025e 9A       		.byte	-102
 635 025f 06       		.byte	6
 636 0260 9B       		.byte	-101
 637 0261 01       		.byte	1
 638 0262 A6       		.byte	-90
 639 0263 0C       		.byte	12
 640 0264 AD       		.byte	-83
 641 0265 01       		.byte	1
 642 0266 B0       		.byte	-80
 643 0267 08       		.byte	8
 644 0268 B1       		.byte	-79
 645 0269 04       		.byte	4
 646 026a B2       		.byte	-78
 647 026b 02       		.byte	2
 648 026c B4       		.byte	-76
 649 026d 01       		.byte	1
 650 026e B5       		.byte	-75
 651 026f 02       		.byte	2
 652 0270 B6       		.byte	-74
 653 0271 04       		.byte	4
 654 0272 B7       		.byte	-73
 655 0273 01       		.byte	1
 656 0274 BE       		.byte	-66
 657 0275 04       		.byte	4
 658 0276 C0       		.byte	-64
 659 0277 20       		.byte	32
 660 0278 C1       		.byte	-63
 661 0279 05       		.byte	5
 662 027a C5       		.byte	-59
 663 027b D1       		.byte	-47
 664 027c C7       		.byte	-57
 665 027d 25       		.byte	37
 666 027e C8       		.byte	-56
 667 027f 33       		.byte	51
 668 0280 C9       		.byte	-55
 669 0281 FF       		.byte	-1
 670 0282 CA       		.byte	-54
 671 0283 FF       		.byte	-1
 672 0284 CB       		.byte	-53
 673 0285 FF       		.byte	-1
 674 0286 CD       		.byte	-51
 675 0287 AF       		.byte	-81
 676 0288 CE       		.byte	-50
 677 0289 0F       		.byte	15
 678 028a CF       		.byte	-49
 679 028b 04       		.byte	4
 680 028c D0       		.byte	-48
 681 028d 18       		.byte	24
 682 028e D2       		.byte	-46
 683 028f 80       		.byte	-128
 684 0290 D4       		.byte	-44
ARM GAS  C:\Users\suman\AppData\Local\Temp\cclJLwCp.s 			page 13


 685 0291 07       		.byte	7
 686 0292 D8       		.byte	-40
 687 0293 04       		.byte	4
 688 0294 D9       		.byte	-39
 689 0295 04       		.byte	4
 690 0296 DA       		.byte	-38
 691 0297 04       		.byte	4
 692 0298 DB       		.byte	-37
 693 0299 04       		.byte	4
 694 029a DC       		.byte	-36
 695 029b 77       		.byte	119
 696 029c DD       		.byte	-35
 697 029d 77       		.byte	119
 698 029e DF       		.byte	-33
 699 029f 01       		.byte	1
 700 02a0 E0       		.byte	-32
 701 02a1 40       		.byte	64
 702 02a2 E2       		.byte	-30
 703 02a3 C0       		.byte	-64
 704 02a4 E4       		.byte	-28
 705 02a5 40       		.byte	64
 706 02a6 E5       		.byte	-27
 707 02a7 40       		.byte	64
 708 02a8 E6       		.byte	-26
 709 02a9 C0       		.byte	-64
 710 02aa E8       		.byte	-24
 711 02ab C0       		.byte	-64
 712 02ac EA       		.byte	-22
 713 02ad C0       		.byte	-64
 714 02ae EC       		.byte	-20
 715 02af C0       		.byte	-64
 716 02b0 EE       		.byte	-18
 717 02b1 C0       		.byte	-64
 718 02b2 02       		.byte	2
 719 02b3 02       		.byte	2
 720 02b4 0A       		.byte	10
 721 02b5 44       		.byte	68
 722 02b6 10       		.byte	16
 723 02b7 20       		.byte	32
 724 02b8 19       		.byte	25
 725 02b9 04       		.byte	4
 726 02ba 1A       		.byte	26
 727 02bb 06       		.byte	6
 728 02bc 1B       		.byte	27
 729 02bd 11       		.byte	17
 730 02be 21       		.byte	33
 731 02bf 02       		.byte	2
 732 02c0 22       		.byte	34
 733 02c1 50       		.byte	80
 734 02c2 2B       		.byte	43
 735 02c3 01       		.byte	1
 736 02c4 30       		.byte	48
 737 02c5 20       		.byte	32
 738 02c6 31       		.byte	49
 739 02c7 02       		.byte	2
 740 02c8 38       		.byte	56
 741 02c9 08       		.byte	8
ARM GAS  C:\Users\suman\AppData\Local\Temp\cclJLwCp.s 			page 14


 742 02ca 42       		.byte	66
 743 02cb 04       		.byte	4
 744 02cc 48       		.byte	72
 745 02cd 20       		.byte	32
 746 02ce 49       		.byte	73
 747 02cf 01       		.byte	1
 748 02d0 4A       		.byte	74
 749 02d1 02       		.byte	2
 750 02d2 4E       		.byte	78
 751 02d3 02       		.byte	2
 752 02d4 4F       		.byte	79
 753 02d5 20       		.byte	32
 754 02d6 50       		.byte	80
 755 02d7 04       		.byte	4
 756 02d8 52       		.byte	82
 757 02d9 02       		.byte	2
 758 02da 59       		.byte	89
 759 02db 05       		.byte	5
 760 02dc 5A       		.byte	90
 761 02dd A0       		.byte	-96
 762 02de 72       		.byte	114
 763 02df 40       		.byte	64
 764 02e0 86       		.byte	-122
 765 02e1 01       		.byte	1
 766 02e2 93       		.byte	-109
 767 02e3 80       		.byte	-128
 768 02e4 C0       		.byte	-64
 769 02e5 01       		.byte	1
 770 02e6 C2       		.byte	-62
 771 02e7 0A       		.byte	10
 772 02e8 C4       		.byte	-60
 773 02e9 04       		.byte	4
 774 02ea CA       		.byte	-54
 775 02eb 08       		.byte	8
 776 02ec CC       		.byte	-52
 777 02ed 05       		.byte	5
 778 02ee CE       		.byte	-50
 779 02ef 02       		.byte	2
 780 02f0 D0       		.byte	-48
 781 02f1 04       		.byte	4
 782 02f2 D2       		.byte	-46
 783 02f3 38       		.byte	56
 784 02f4 D6       		.byte	-42
 785 02f5 0F       		.byte	15
 786 02f6 E4       		.byte	-28
 787 02f7 02       		.byte	2
 788 02f8 40       		.byte	64
 789 02f9 30       		.byte	48
 790 02fa 41       		.byte	65
 791 02fb 02       		.byte	2
 792 02fc 49       		.byte	73
 793 02fd FF       		.byte	-1
 794 02fe 4A       		.byte	74
 795 02ff FF       		.byte	-1
 796 0300 4B       		.byte	75
 797 0301 FF       		.byte	-1
 798 0302 4D       		.byte	77
ARM GAS  C:\Users\suman\AppData\Local\Temp\cclJLwCp.s 			page 15


 799 0303 A0       		.byte	-96
 800 0304 4F       		.byte	79
 801 0305 04       		.byte	4
 802 0306 50       		.byte	80
 803 0307 18       		.byte	24
 804 0308 5A       		.byte	90
 805 0309 04       		.byte	4
 806 030a 5D       		.byte	93
 807 030b 06       		.byte	6
 808 030c 5F       		.byte	95
 809 030d 01       		.byte	1
 810 030e 60       		.byte	96
 811 030f 40       		.byte	64
 812 0310 62       		.byte	98
 813 0311 C0       		.byte	-64
 814 0312 64       		.byte	100
 815 0313 40       		.byte	64
 816 0314 65       		.byte	101
 817 0315 40       		.byte	64
 818 0316 66       		.byte	102
 819 0317 C0       		.byte	-64
 820 0318 68       		.byte	104
 821 0319 C0       		.byte	-64
 822 031a 6A       		.byte	106
 823 031b C0       		.byte	-64
 824 031c 6C       		.byte	108
 825 031d C0       		.byte	-64
 826 031e 6E       		.byte	110
 827 031f C0       		.byte	-64
 828 0320 83       		.byte	-125
 829 0321 0C       		.byte	12
 830 0322 87       		.byte	-121
 831 0323 03       		.byte	3
 832 0324 8A       		.byte	-118
 833 0325 0E       		.byte	14
 834 0326 91       		.byte	-111
 835 0327 02       		.byte	2
 836 0328 99       		.byte	-103
 837 0329 08       		.byte	8
 838 032a 9E       		.byte	-98
 839 032b 08       		.byte	8
 840 032c A6       		.byte	-90
 841 032d 02       		.byte	2
 842 032e AA       		.byte	-86
 843 032f 04       		.byte	4
 844 0330 AE       		.byte	-82
 845 0331 01       		.byte	1
 846 0332 B0       		.byte	-80
 847 0333 08       		.byte	8
 848 0334 B1       		.byte	-79
 849 0335 02       		.byte	2
 850 0336 B2       		.byte	-78
 851 0337 01       		.byte	1
 852 0338 B3       		.byte	-77
 853 0339 08       		.byte	8
 854 033a B4       		.byte	-76
 855 033b 02       		.byte	2
ARM GAS  C:\Users\suman\AppData\Local\Temp\cclJLwCp.s 			page 16


 856 033c B5       		.byte	-75
 857 033d 04       		.byte	4
 858 033e B6       		.byte	-74
 859 033f 04       		.byte	4
 860 0340 B7       		.byte	-73
 861 0341 01       		.byte	1
 862 0342 BE       		.byte	-66
 863 0343 10       		.byte	16
 864 0344 C0       		.byte	-64
 865 0345 30       		.byte	48
 866 0346 C1       		.byte	-63
 867 0347 02       		.byte	2
 868 0348 C5       		.byte	-59
 869 0349 D0       		.byte	-48
 870 034a C6       		.byte	-58
 871 034b 20       		.byte	32
 872 034c C7       		.byte	-57
 873 034d 51       		.byte	81
 874 034e C8       		.byte	-56
 875 034f 3A       		.byte	58
 876 0350 C9       		.byte	-55
 877 0351 FF       		.byte	-1
 878 0352 CA       		.byte	-54
 879 0353 FF       		.byte	-1
 880 0354 CB       		.byte	-53
 881 0355 FF       		.byte	-1
 882 0356 CD       		.byte	-51
 883 0357 AF       		.byte	-81
 884 0358 CE       		.byte	-50
 885 0359 0F       		.byte	15
 886 035a CF       		.byte	-49
 887 035b 04       		.byte	4
 888 035c D0       		.byte	-48
 889 035d 18       		.byte	24
 890 035e D2       		.byte	-46
 891 035f 80       		.byte	-128
 892 0360 D4       		.byte	-44
 893 0361 07       		.byte	7
 894 0362 D8       		.byte	-40
 895 0363 04       		.byte	4
 896 0364 D9       		.byte	-39
 897 0365 04       		.byte	4
 898 0366 DA       		.byte	-38
 899 0367 04       		.byte	4
 900 0368 DB       		.byte	-37
 901 0369 04       		.byte	4
 902 036a DC       		.byte	-36
 903 036b 66       		.byte	102
 904 036c DD       		.byte	-35
 905 036d 66       		.byte	102
 906 036e DF       		.byte	-33
 907 036f 01       		.byte	1
 908 0370 E0       		.byte	-32
 909 0371 40       		.byte	64
 910 0372 E2       		.byte	-30
 911 0373 C0       		.byte	-64
 912 0374 E4       		.byte	-28
ARM GAS  C:\Users\suman\AppData\Local\Temp\cclJLwCp.s 			page 17


 913 0375 40       		.byte	64
 914 0376 E5       		.byte	-27
 915 0377 40       		.byte	64
 916 0378 E6       		.byte	-26
 917 0379 C0       		.byte	-64
 918 037a E8       		.byte	-24
 919 037b C0       		.byte	-64
 920 037c EA       		.byte	-22
 921 037d C0       		.byte	-64
 922 037e EC       		.byte	-20
 923 037f C0       		.byte	-64
 924 0380 EE       		.byte	-18
 925 0381 C0       		.byte	-64
 926 0382 04       		.byte	4
 927 0383 10       		.byte	16
 928 0384 0F       		.byte	15
 929 0385 02       		.byte	2
 930 0386 16       		.byte	22
 931 0387 28       		.byte	40
 932 0388 17       		.byte	23
 933 0389 40       		.byte	64
 934 038a 1C       		.byte	28
 935 038b 10       		.byte	16
 936 038c 1D       		.byte	29
 937 038d 0A       		.byte	10
 938 038e 1E       		.byte	30
 939 038f 08       		.byte	8
 940 0390 1F       		.byte	31
 941 0391 40       		.byte	64
 942 0392 24       		.byte	36
 943 0393 40       		.byte	64
 944 0394 26       		.byte	38
 945 0395 20       		.byte	32
 946 0396 27       		.byte	39
 947 0397 22       		.byte	34
 948 0398 36       		.byte	54
 949 0399 20       		.byte	32
 950 039a 37       		.byte	55
 951 039b 02       		.byte	2
 952 039c 3E       		.byte	62
 953 039d 08       		.byte	8
 954 039e 3F       		.byte	63
 955 039f 02       		.byte	2
 956 03a0 40       		.byte	64
 957 03a1 10       		.byte	16
 958 03a2 41       		.byte	65
 959 03a3 20       		.byte	32
 960 03a4 45       		.byte	69
 961 03a5 28       		.byte	40
 962 03a6 4F       		.byte	79
 963 03a7 01       		.byte	1
 964 03a8 55       		.byte	85
 965 03a9 20       		.byte	32
 966 03aa 56       		.byte	86
 967 03ab 28       		.byte	40
 968 03ac 57       		.byte	87
 969 03ad 01       		.byte	1
ARM GAS  C:\Users\suman\AppData\Local\Temp\cclJLwCp.s 			page 18


 970 03ae 5C       		.byte	92
 971 03af 40       		.byte	64
 972 03b0 5E       		.byte	94
 973 03b1 08       		.byte	8
 974 03b2 5F       		.byte	95
 975 03b3 21       		.byte	33
 976 03b4 77       		.byte	119
 977 03b5 40       		.byte	64
 978 03b6 85       		.byte	-123
 979 03b7 02       		.byte	2
 980 03b8 C0       		.byte	-64
 981 03b9 40       		.byte	64
 982 03ba C2       		.byte	-62
 983 03bb 80       		.byte	-128
 984 03bc C4       		.byte	-60
 985 03bd E0       		.byte	-32
 986 03be CC       		.byte	-52
 987 03bf A0       		.byte	-96
 988 03c0 CE       		.byte	-50
 989 03c1 C0       		.byte	-64
 990 03c2 D0       		.byte	-48
 991 03c3 66       		.byte	102
 992 03c4 D6       		.byte	-42
 993 03c5 F0       		.byte	-16
 994 03c6 E0       		.byte	-32
 995 03c7 02       		.byte	2
 996 03c8 40       		.byte	64
 997 03c9 30       		.byte	48
 998 03ca 41       		.byte	65
 999 03cb 02       		.byte	2
 1000 03cc 49       		.byte	73
 1001 03cd FF       		.byte	-1
 1002 03ce 4A       		.byte	74
 1003 03cf FF       		.byte	-1
 1004 03d0 4B       		.byte	75
 1005 03d1 FF       		.byte	-1
 1006 03d2 4D       		.byte	77
 1007 03d3 A0       		.byte	-96
 1008 03d4 4F       		.byte	79
 1009 03d5 04       		.byte	4
 1010 03d6 50       		.byte	80
 1011 03d7 18       		.byte	24
 1012 03d8 5A       		.byte	90
 1013 03d9 04       		.byte	4
 1014 03da 5D       		.byte	93
 1015 03db 02       		.byte	2
 1016 03dc 5F       		.byte	95
 1017 03dd 01       		.byte	1
 1018 03de 60       		.byte	96
 1019 03df 40       		.byte	64
 1020 03e0 62       		.byte	98
 1021 03e1 C0       		.byte	-64
 1022 03e2 64       		.byte	100
 1023 03e3 40       		.byte	64
 1024 03e4 65       		.byte	101
 1025 03e5 40       		.byte	64
 1026 03e6 66       		.byte	102
ARM GAS  C:\Users\suman\AppData\Local\Temp\cclJLwCp.s 			page 19


 1027 03e7 C0       		.byte	-64
 1028 03e8 68       		.byte	104
 1029 03e9 C0       		.byte	-64
 1030 03ea 6A       		.byte	106
 1031 03eb C0       		.byte	-64
 1032 03ec 6C       		.byte	108
 1033 03ed C0       		.byte	-64
 1034 03ee 6E       		.byte	110
 1035 03ef C0       		.byte	-64
 1036 03f0 83       		.byte	-125
 1037 03f1 0C       		.byte	12
 1038 03f2 87       		.byte	-121
 1039 03f3 03       		.byte	3
 1040 03f4 8A       		.byte	-118
 1041 03f5 0E       		.byte	14
 1042 03f6 91       		.byte	-111
 1043 03f7 02       		.byte	2
 1044 03f8 99       		.byte	-103
 1045 03f9 08       		.byte	8
 1046 03fa 9E       		.byte	-98
 1047 03fb 08       		.byte	8
 1048 03fc A6       		.byte	-90
 1049 03fd 02       		.byte	2
 1050 03fe AA       		.byte	-86
 1051 03ff 04       		.byte	4
 1052 0400 AE       		.byte	-82
 1053 0401 01       		.byte	1
 1054 0402 B0       		.byte	-80
 1055 0403 04       		.byte	4
 1056 0404 B1       		.byte	-79
 1057 0405 02       		.byte	2
 1058 0406 B2       		.byte	-78
 1059 0407 01       		.byte	1
 1060 0408 B3       		.byte	-77
 1061 0409 08       		.byte	8
 1062 040a B4       		.byte	-76
 1063 040b 02       		.byte	2
 1064 040c B5       		.byte	-75
 1065 040d 04       		.byte	4
 1066 040e B6       		.byte	-74
 1067 040f 08       		.byte	8
 1068 0410 B7       		.byte	-73
 1069 0411 01       		.byte	1
 1070 0412 BE       		.byte	-66
 1071 0413 10       		.byte	16
 1072 0414 C0       		.byte	-64
 1073 0415 30       		.byte	48
 1074 0416 C1       		.byte	-63
 1075 0417 02       		.byte	2
 1076 0418 C5       		.byte	-59
 1077 0419 D0       		.byte	-48
 1078 041a C6       		.byte	-58
 1079 041b 20       		.byte	32
 1080 041c C7       		.byte	-57
 1081 041d 51       		.byte	81
 1082 041e C8       		.byte	-56
 1083 041f 3A       		.byte	58
ARM GAS  C:\Users\suman\AppData\Local\Temp\cclJLwCp.s 			page 20


 1084 0420 C9       		.byte	-55
 1085 0421 FF       		.byte	-1
 1086 0422 CA       		.byte	-54
 1087 0423 FF       		.byte	-1
 1088 0424 CB       		.byte	-53
 1089 0425 FF       		.byte	-1
 1090 0426 CD       		.byte	-51
 1091 0427 AF       		.byte	-81
 1092 0428 CE       		.byte	-50
 1093 0429 0F       		.byte	15
 1094 042a CF       		.byte	-49
 1095 042b 04       		.byte	4
 1096 042c D0       		.byte	-48
 1097 042d 18       		.byte	24
 1098 042e D2       		.byte	-46
 1099 042f 80       		.byte	-128
 1100 0430 D4       		.byte	-44
 1101 0431 07       		.byte	7
 1102 0432 D8       		.byte	-40
 1103 0433 04       		.byte	4
 1104 0434 D9       		.byte	-39
 1105 0435 04       		.byte	4
 1106 0436 DA       		.byte	-38
 1107 0437 04       		.byte	4
 1108 0438 DB       		.byte	-37
 1109 0439 04       		.byte	4
 1110 043a DC       		.byte	-36
 1111 043b 22       		.byte	34
 1112 043c DD       		.byte	-35
 1113 043d 22       		.byte	34
 1114 043e DF       		.byte	-33
 1115 043f 01       		.byte	1
 1116 0440 E0       		.byte	-32
 1117 0441 40       		.byte	64
 1118 0442 E2       		.byte	-30
 1119 0443 C0       		.byte	-64
 1120 0444 E4       		.byte	-28
 1121 0445 40       		.byte	64
 1122 0446 E5       		.byte	-27
 1123 0447 40       		.byte	64
 1124 0448 E6       		.byte	-26
 1125 0449 C0       		.byte	-64
 1126 044a E8       		.byte	-24
 1127 044b C0       		.byte	-64
 1128 044c EA       		.byte	-22
 1129 044d C0       		.byte	-64
 1130 044e EC       		.byte	-20
 1131 044f C0       		.byte	-64
 1132 0450 EE       		.byte	-18
 1133 0451 C0       		.byte	-64
 1134 0452 04       		.byte	4
 1135 0453 10       		.byte	16
 1136 0454 0F       		.byte	15
 1137 0455 02       		.byte	2
 1138 0456 16       		.byte	22
 1139 0457 28       		.byte	40
 1140 0458 17       		.byte	23
ARM GAS  C:\Users\suman\AppData\Local\Temp\cclJLwCp.s 			page 21


 1141 0459 40       		.byte	64
 1142 045a 1C       		.byte	28
 1143 045b 11       		.byte	17
 1144 045c 1D       		.byte	29
 1145 045d 08       		.byte	8
 1146 045e 1E       		.byte	30
 1147 045f 08       		.byte	8
 1148 0460 1F       		.byte	31
 1149 0461 01       		.byte	1
 1150 0462 24       		.byte	36
 1151 0463 40       		.byte	64
 1152 0464 26       		.byte	38
 1153 0465 20       		.byte	32
 1154 0466 27       		.byte	39
 1155 0467 22       		.byte	34
 1156 0468 36       		.byte	54
 1157 0469 20       		.byte	32
 1158 046a 37       		.byte	55
 1159 046b 02       		.byte	2
 1160 046c 3E       		.byte	62
 1161 046d 08       		.byte	8
 1162 046e 3F       		.byte	63
 1163 046f 02       		.byte	2
 1164 0470 40       		.byte	64
 1165 0471 10       		.byte	16
 1166 0472 41       		.byte	65
 1167 0473 20       		.byte	32
 1168 0474 45       		.byte	69
 1169 0475 28       		.byte	40
 1170 0476 4F       		.byte	79
 1171 0477 01       		.byte	1
 1172 0478 55       		.byte	85
 1173 0479 20       		.byte	32
 1174 047a 56       		.byte	86
 1175 047b 28       		.byte	40
 1176 047c 57       		.byte	87
 1177 047d 01       		.byte	1
 1178 047e 5C       		.byte	92
 1179 047f 40       		.byte	64
 1180 0480 5E       		.byte	94
 1181 0481 08       		.byte	8
 1182 0482 5F       		.byte	95
 1183 0483 21       		.byte	33
 1184 0484 77       		.byte	119
 1185 0485 40       		.byte	64
 1186 0486 8F       		.byte	-113
 1187 0487 01       		.byte	1
 1188 0488 94       		.byte	-108
 1189 0489 01       		.byte	1
 1190 048a AB       		.byte	-85
 1191 048b 80       		.byte	-128
 1192 048c C0       		.byte	-64
 1193 048d 40       		.byte	64
 1194 048e C2       		.byte	-62
 1195 048f 80       		.byte	-128
 1196 0490 C4       		.byte	-60
 1197 0491 E0       		.byte	-32
ARM GAS  C:\Users\suman\AppData\Local\Temp\cclJLwCp.s 			page 22


 1198 0492 CC       		.byte	-52
 1199 0493 A0       		.byte	-96
 1200 0494 CE       		.byte	-50
 1201 0495 C0       		.byte	-64
 1202 0496 D0       		.byte	-48
 1203 0497 66       		.byte	102
 1204 0498 D6       		.byte	-42
 1205 0499 F0       		.byte	-16
 1206 049a E2       		.byte	-30
 1207 049b 40       		.byte	64
 1208 049c 40       		.byte	64
 1209 049d 60       		.byte	96
 1210 049e 41       		.byte	65
 1211 049f 05       		.byte	5
 1212 04a0 49       		.byte	73
 1213 04a1 FF       		.byte	-1
 1214 04a2 4A       		.byte	74
 1215 04a3 FF       		.byte	-1
 1216 04a4 4B       		.byte	75
 1217 04a5 FF       		.byte	-1
 1218 04a6 4D       		.byte	77
 1219 04a7 A0       		.byte	-96
 1220 04a8 4F       		.byte	79
 1221 04a9 04       		.byte	4
 1222 04aa 50       		.byte	80
 1223 04ab 18       		.byte	24
 1224 04ac 5A       		.byte	90
 1225 04ad 04       		.byte	4
 1226 04ae 5F       		.byte	95
 1227 04af 01       		.byte	1
 1228 04b0 60       		.byte	96
 1229 04b1 40       		.byte	64
 1230 04b2 62       		.byte	98
 1231 04b3 C0       		.byte	-64
 1232 04b4 64       		.byte	100
 1233 04b5 40       		.byte	64
 1234 04b6 65       		.byte	101
 1235 04b7 40       		.byte	64
 1236 04b8 66       		.byte	102
 1237 04b9 C0       		.byte	-64
 1238 04ba 68       		.byte	104
 1239 04bb C0       		.byte	-64
 1240 04bc 6A       		.byte	106
 1241 04bd C0       		.byte	-64
 1242 04be 6C       		.byte	108
 1243 04bf C0       		.byte	-64
 1244 04c0 6E       		.byte	110
 1245 04c1 C0       		.byte	-64
 1246 04c2 89       		.byte	-119
 1247 04c3 02       		.byte	2
 1248 04c4 8D       		.byte	-115
 1249 04c5 08       		.byte	8
 1250 04c6 8E       		.byte	-114
 1251 04c7 02       		.byte	2
 1252 04c8 92       		.byte	-110
 1253 04c9 01       		.byte	1
 1254 04ca 97       		.byte	-105
ARM GAS  C:\Users\suman\AppData\Local\Temp\cclJLwCp.s 			page 23


 1255 04cb 03       		.byte	3
 1256 04cc 9A       		.byte	-102
 1257 04cd 0E       		.byte	14
 1258 04ce 9B       		.byte	-101
 1259 04cf 0C       		.byte	12
 1260 04d0 A6       		.byte	-90
 1261 04d1 08       		.byte	8
 1262 04d2 AA       		.byte	-86
 1263 04d3 04       		.byte	4
 1264 04d4 B0       		.byte	-80
 1265 04d5 08       		.byte	8
 1266 04d6 B1       		.byte	-79
 1267 04d7 04       		.byte	4
 1268 04d8 B2       		.byte	-78
 1269 04d9 02       		.byte	2
 1270 04da B3       		.byte	-77
 1271 04db 01       		.byte	1
 1272 04dc B4       		.byte	-76
 1273 04dd 01       		.byte	1
 1274 04de B5       		.byte	-75
 1275 04df 08       		.byte	8
 1276 04e0 B6       		.byte	-74
 1277 04e1 04       		.byte	4
 1278 04e2 B7       		.byte	-73
 1279 04e3 02       		.byte	2
 1280 04e4 BE       		.byte	-66
 1281 04e5 04       		.byte	4
 1282 04e6 C0       		.byte	-64
 1283 04e7 20       		.byte	32
 1284 04e8 C1       		.byte	-63
 1285 04e9 05       		.byte	5
 1286 04ea C5       		.byte	-59
 1287 04eb D5       		.byte	-43
 1288 04ec C7       		.byte	-57
 1289 04ed 21       		.byte	33
 1290 04ee C8       		.byte	-56
 1291 04ef 33       		.byte	51
 1292 04f0 C9       		.byte	-55
 1293 04f1 FF       		.byte	-1
 1294 04f2 CA       		.byte	-54
 1295 04f3 FF       		.byte	-1
 1296 04f4 CB       		.byte	-53
 1297 04f5 FF       		.byte	-1
 1298 04f6 CD       		.byte	-51
 1299 04f7 AF       		.byte	-81
 1300 04f8 CE       		.byte	-50
 1301 04f9 0F       		.byte	15
 1302 04fa CF       		.byte	-49
 1303 04fb 04       		.byte	4
 1304 04fc D0       		.byte	-48
 1305 04fd 18       		.byte	24
 1306 04fe D2       		.byte	-46
 1307 04ff 80       		.byte	-128
 1308 0500 D4       		.byte	-44
 1309 0501 07       		.byte	7
 1310 0502 D8       		.byte	-40
 1311 0503 04       		.byte	4
ARM GAS  C:\Users\suman\AppData\Local\Temp\cclJLwCp.s 			page 24


 1312 0504 D9       		.byte	-39
 1313 0505 04       		.byte	4
 1314 0506 DA       		.byte	-38
 1315 0507 04       		.byte	4
 1316 0508 DB       		.byte	-37
 1317 0509 04       		.byte	4
 1318 050a DF       		.byte	-33
 1319 050b 01       		.byte	1
 1320 050c E0       		.byte	-32
 1321 050d 40       		.byte	64
 1322 050e E2       		.byte	-30
 1323 050f C0       		.byte	-64
 1324 0510 E4       		.byte	-28
 1325 0511 40       		.byte	64
 1326 0512 E5       		.byte	-27
 1327 0513 40       		.byte	64
 1328 0514 E6       		.byte	-26
 1329 0515 C0       		.byte	-64
 1330 0516 E8       		.byte	-24
 1331 0517 C0       		.byte	-64
 1332 0518 EA       		.byte	-22
 1333 0519 C0       		.byte	-64
 1334 051a EC       		.byte	-20
 1335 051b C0       		.byte	-64
 1336 051c EE       		.byte	-18
 1337 051d C0       		.byte	-64
 1338 051e 02       		.byte	2
 1339 051f 02       		.byte	2
 1340 0520 0A       		.byte	10
 1341 0521 44       		.byte	68
 1342 0522 10       		.byte	16
 1343 0523 28       		.byte	40
 1344 0524 19       		.byte	25
 1345 0525 04       		.byte	4
 1346 0526 1A       		.byte	26
 1347 0527 04       		.byte	4
 1348 0528 1B       		.byte	27
 1349 0529 92       		.byte	-110
 1350 052a 20       		.byte	32
 1351 052b 50       		.byte	80
 1352 052c 22       		.byte	34
 1353 052d 10       		.byte	16
 1354 052e 23       		.byte	35
 1355 052f 02       		.byte	2
 1356 0530 30       		.byte	48
 1357 0531 28       		.byte	40
 1358 0532 38       		.byte	56
 1359 0533 50       		.byte	80
 1360 0534 42       		.byte	66
 1361 0535 04       		.byte	4
 1362 0536 44       		.byte	68
 1363 0537 40       		.byte	64
 1364 0538 47       		.byte	71
 1365 0539 02       		.byte	2
 1366 053a 48       		.byte	72
 1367 053b 20       		.byte	32
 1368 053c 49       		.byte	73
ARM GAS  C:\Users\suman\AppData\Local\Temp\cclJLwCp.s 			page 25


 1369 053d 01       		.byte	1
 1370 053e 4A       		.byte	74
 1371 053f 02       		.byte	2
 1372 0540 4E       		.byte	78
 1373 0541 02       		.byte	2
 1374 0542 4F       		.byte	79
 1375 0543 20       		.byte	32
 1376 0544 50       		.byte	80
 1377 0545 08       		.byte	8
 1378 0546 52       		.byte	82
 1379 0547 02       		.byte	2
 1380 0548 58       		.byte	88
 1381 0549 40       		.byte	64
 1382 054a 59       		.byte	89
 1383 054b 05       		.byte	5
 1384 054c 5A       		.byte	90
 1385 054d 20       		.byte	32
 1386 054e 72       		.byte	114
 1387 054f 40       		.byte	64
 1388 0550 87       		.byte	-121
 1389 0551 02       		.byte	2
 1390 0552 94       		.byte	-108
 1391 0553 01       		.byte	1
 1392 0554 C0       		.byte	-64
 1393 0555 01       		.byte	1
 1394 0556 C2       		.byte	-62
 1395 0557 0A       		.byte	10
 1396 0558 C4       		.byte	-60
 1397 0559 06       		.byte	6
 1398 055a CC       		.byte	-52
 1399 055b 06       		.byte	6
 1400 055c CE       		.byte	-50
 1401 055d 0C       		.byte	12
 1402 055e D0       		.byte	-48
 1403 055f 04       		.byte	4
 1404 0560 D2       		.byte	-46
 1405 0561 38       		.byte	56
 1406 0562 D6       		.byte	-42
 1407 0563 0F       		.byte	15
 1408 0564 40       		.byte	64
 1409 0565 60       		.byte	96
 1410 0566 41       		.byte	65
 1411 0567 05       		.byte	5
 1412 0568 49       		.byte	73
 1413 0569 FF       		.byte	-1
 1414 056a 4A       		.byte	74
 1415 056b FF       		.byte	-1
 1416 056c 4B       		.byte	75
 1417 056d FF       		.byte	-1
 1418 056e 4D       		.byte	77
 1419 056f A0       		.byte	-96
 1420 0570 4F       		.byte	79
 1421 0571 04       		.byte	4
 1422 0572 50       		.byte	80
 1423 0573 18       		.byte	24
 1424 0574 5A       		.byte	90
 1425 0575 04       		.byte	4
ARM GAS  C:\Users\suman\AppData\Local\Temp\cclJLwCp.s 			page 26


 1426 0576 5D       		.byte	93
 1427 0577 05       		.byte	5
 1428 0578 5F       		.byte	95
 1429 0579 01       		.byte	1
 1430 057a 60       		.byte	96
 1431 057b 40       		.byte	64
 1432 057c 62       		.byte	98
 1433 057d C0       		.byte	-64
 1434 057e 64       		.byte	100
 1435 057f 40       		.byte	64
 1436 0580 65       		.byte	101
 1437 0581 40       		.byte	64
 1438 0582 66       		.byte	102
 1439 0583 C0       		.byte	-64
 1440 0584 68       		.byte	104
 1441 0585 C0       		.byte	-64
 1442 0586 6A       		.byte	106
 1443 0587 C0       		.byte	-64
 1444 0588 6C       		.byte	108
 1445 0589 C0       		.byte	-64
 1446 058a 6E       		.byte	110
 1447 058b C0       		.byte	-64
 1448 058c 87       		.byte	-121
 1449 058d 06       		.byte	6
 1450 058e 8E       		.byte	-114
 1451 058f 02       		.byte	2
 1452 0590 91       		.byte	-111
 1453 0591 02       		.byte	2
 1454 0592 92       		.byte	-110
 1455 0593 01       		.byte	1
 1456 0594 9A       		.byte	-102
 1457 0595 06       		.byte	6
 1458 0596 9B       		.byte	-101
 1459 0597 01       		.byte	1
 1460 0598 A6       		.byte	-90
 1461 0599 0C       		.byte	12
 1462 059a AD       		.byte	-83
 1463 059b 01       		.byte	1
 1464 059c B0       		.byte	-80
 1465 059d 04       		.byte	4
 1466 059e B1       		.byte	-79
 1467 059f 04       		.byte	4
 1468 05a0 B2       		.byte	-78
 1469 05a1 02       		.byte	2
 1470 05a2 B4       		.byte	-76
 1471 05a3 01       		.byte	1
 1472 05a4 B5       		.byte	-75
 1473 05a5 02       		.byte	2
 1474 05a6 B6       		.byte	-74
 1475 05a7 08       		.byte	8
 1476 05a8 B7       		.byte	-73
 1477 05a9 01       		.byte	1
 1478 05aa BE       		.byte	-66
 1479 05ab 04       		.byte	4
 1480 05ac C0       		.byte	-64
 1481 05ad 20       		.byte	32
 1482 05ae C1       		.byte	-63
ARM GAS  C:\Users\suman\AppData\Local\Temp\cclJLwCp.s 			page 27


 1483 05af 05       		.byte	5
 1484 05b0 C5       		.byte	-59
 1485 05b1 D1       		.byte	-47
 1486 05b2 C7       		.byte	-57
 1487 05b3 25       		.byte	37
 1488 05b4 C8       		.byte	-56
 1489 05b5 33       		.byte	51
 1490 05b6 C9       		.byte	-55
 1491 05b7 FF       		.byte	-1
 1492 05b8 CA       		.byte	-54
 1493 05b9 FF       		.byte	-1
 1494 05ba CB       		.byte	-53
 1495 05bb FF       		.byte	-1
 1496 05bc CD       		.byte	-51
 1497 05bd AF       		.byte	-81
 1498 05be CE       		.byte	-50
 1499 05bf 0F       		.byte	15
 1500 05c0 CF       		.byte	-49
 1501 05c1 04       		.byte	4
 1502 05c2 D0       		.byte	-48
 1503 05c3 18       		.byte	24
 1504 05c4 D2       		.byte	-46
 1505 05c5 80       		.byte	-128
 1506 05c6 D4       		.byte	-44
 1507 05c7 07       		.byte	7
 1508 05c8 D8       		.byte	-40
 1509 05c9 04       		.byte	4
 1510 05ca D9       		.byte	-39
 1511 05cb 04       		.byte	4
 1512 05cc DA       		.byte	-38
 1513 05cd 04       		.byte	4
 1514 05ce DB       		.byte	-37
 1515 05cf 04       		.byte	4
 1516 05d0 DC       		.byte	-36
 1517 05d1 55       		.byte	85
 1518 05d2 DD       		.byte	-35
 1519 05d3 55       		.byte	85
 1520 05d4 DF       		.byte	-33
 1521 05d5 01       		.byte	1
 1522 05d6 E0       		.byte	-32
 1523 05d7 40       		.byte	64
 1524 05d8 E2       		.byte	-30
 1525 05d9 C0       		.byte	-64
 1526 05da E4       		.byte	-28
 1527 05db 40       		.byte	64
 1528 05dc E5       		.byte	-27
 1529 05dd 40       		.byte	64
 1530 05de E6       		.byte	-26
 1531 05df C0       		.byte	-64
 1532 05e0 E8       		.byte	-24
 1533 05e1 C0       		.byte	-64
 1534 05e2 EA       		.byte	-22
 1535 05e3 C0       		.byte	-64
 1536 05e4 EC       		.byte	-20
 1537 05e5 C0       		.byte	-64
 1538 05e6 EE       		.byte	-18
 1539 05e7 C0       		.byte	-64
ARM GAS  C:\Users\suman\AppData\Local\Temp\cclJLwCp.s 			page 28


 1540 05e8 02       		.byte	2
 1541 05e9 02       		.byte	2
 1542 05ea 0A       		.byte	10
 1543 05eb 44       		.byte	68
 1544 05ec 10       		.byte	16
 1545 05ed 20       		.byte	32
 1546 05ee 18       		.byte	24
 1547 05ef 80       		.byte	-128
 1548 05f0 19       		.byte	25
 1549 05f1 44       		.byte	68
 1550 05f2 1A       		.byte	26
 1551 05f3 04       		.byte	4
 1552 05f4 1B       		.byte	27
 1553 05f5 10       		.byte	16
 1554 05f6 21       		.byte	33
 1555 05f7 02       		.byte	2
 1556 05f8 22       		.byte	34
 1557 05f9 50       		.byte	80
 1558 05fa 29       		.byte	41
 1559 05fb 40       		.byte	64
 1560 05fc 30       		.byte	48
 1561 05fd 20       		.byte	32
 1562 05fe 31       		.byte	49
 1563 05ff 02       		.byte	2
 1564 0600 38       		.byte	56
 1565 0601 08       		.byte	8
 1566 0602 42       		.byte	66
 1567 0603 04       		.byte	4
 1568 0604 48       		.byte	72
 1569 0605 20       		.byte	32
 1570 0606 49       		.byte	73
 1571 0607 01       		.byte	1
 1572 0608 4A       		.byte	74
 1573 0609 02       		.byte	2
 1574 060a 4E       		.byte	78
 1575 060b 02       		.byte	2
 1576 060c 4F       		.byte	79
 1577 060d 20       		.byte	32
 1578 060e 50       		.byte	80
 1579 060f 04       		.byte	4
 1580 0610 52       		.byte	82
 1581 0611 02       		.byte	2
 1582 0612 59       		.byte	89
 1583 0613 05       		.byte	5
 1584 0614 5A       		.byte	90
 1585 0615 A0       		.byte	-96
 1586 0616 72       		.byte	114
 1587 0617 40       		.byte	64
 1588 0618 93       		.byte	-109
 1589 0619 80       		.byte	-128
 1590 061a C0       		.byte	-64
 1591 061b 01       		.byte	1
 1592 061c C2       		.byte	-62
 1593 061d 0A       		.byte	10
 1594 061e C4       		.byte	-60
 1595 061f 04       		.byte	4
 1596 0620 CA       		.byte	-54
ARM GAS  C:\Users\suman\AppData\Local\Temp\cclJLwCp.s 			page 29


 1597 0621 08       		.byte	8
 1598 0622 CC       		.byte	-52
 1599 0623 05       		.byte	5
 1600 0624 CE       		.byte	-50
 1601 0625 02       		.byte	2
 1602 0626 D0       		.byte	-48
 1603 0627 04       		.byte	4
 1604 0628 D2       		.byte	-46
 1605 0629 38       		.byte	56
 1606 062a D6       		.byte	-42
 1607 062b 0F       		.byte	15
 1608 062c 40       		.byte	64
 1609 062d 30       		.byte	48
 1610 062e 41       		.byte	65
 1611 062f 02       		.byte	2
 1612 0630 49       		.byte	73
 1613 0631 FF       		.byte	-1
 1614 0632 4A       		.byte	74
 1615 0633 FF       		.byte	-1
 1616 0634 4B       		.byte	75
 1617 0635 FF       		.byte	-1
 1618 0636 4D       		.byte	77
 1619 0637 A0       		.byte	-96
 1620 0638 4F       		.byte	79
 1621 0639 04       		.byte	4
 1622 063a 50       		.byte	80
 1623 063b 18       		.byte	24
 1624 063c 5A       		.byte	90
 1625 063d 04       		.byte	4
 1626 063e 5D       		.byte	93
 1627 063f 01       		.byte	1
 1628 0640 5F       		.byte	95
 1629 0641 01       		.byte	1
 1630 0642 60       		.byte	96
 1631 0643 40       		.byte	64
 1632 0644 62       		.byte	98
 1633 0645 C0       		.byte	-64
 1634 0646 64       		.byte	100
 1635 0647 40       		.byte	64
 1636 0648 65       		.byte	101
 1637 0649 40       		.byte	64
 1638 064a 66       		.byte	102
 1639 064b C0       		.byte	-64
 1640 064c 68       		.byte	104
 1641 064d C0       		.byte	-64
 1642 064e 6A       		.byte	106
 1643 064f C0       		.byte	-64
 1644 0650 6C       		.byte	108
 1645 0651 C0       		.byte	-64
 1646 0652 6E       		.byte	110
 1647 0653 C0       		.byte	-64
 1648 0654 83       		.byte	-125
 1649 0655 0C       		.byte	12
 1650 0656 87       		.byte	-121
 1651 0657 03       		.byte	3
 1652 0658 8A       		.byte	-118
 1653 0659 0E       		.byte	14
ARM GAS  C:\Users\suman\AppData\Local\Temp\cclJLwCp.s 			page 30


 1654 065a 91       		.byte	-111
 1655 065b 02       		.byte	2
 1656 065c 96       		.byte	-106
 1657 065d 02       		.byte	2
 1658 065e 99       		.byte	-103
 1659 065f 08       		.byte	8
 1660 0660 9E       		.byte	-98
 1661 0661 04       		.byte	4
 1662 0662 AA       		.byte	-86
 1663 0663 08       		.byte	8
 1664 0664 AE       		.byte	-82
 1665 0665 01       		.byte	1
 1666 0666 B0       		.byte	-80
 1667 0667 04       		.byte	4
 1668 0668 B1       		.byte	-79
 1669 0669 02       		.byte	2
 1670 066a B2       		.byte	-78
 1671 066b 01       		.byte	1
 1672 066c B3       		.byte	-77
 1673 066d 08       		.byte	8
 1674 066e B4       		.byte	-76
 1675 066f 02       		.byte	2
 1676 0670 B5       		.byte	-75
 1677 0671 04       		.byte	4
 1678 0672 B6       		.byte	-74
 1679 0673 08       		.byte	8
 1680 0674 B7       		.byte	-73
 1681 0675 01       		.byte	1
 1682 0676 BE       		.byte	-66
 1683 0677 10       		.byte	16
 1684 0678 C0       		.byte	-64
 1685 0679 30       		.byte	48
 1686 067a C1       		.byte	-63
 1687 067b 02       		.byte	2
 1688 067c C5       		.byte	-59
 1689 067d D0       		.byte	-48
 1690 067e C6       		.byte	-58
 1691 067f 20       		.byte	32
 1692 0680 C7       		.byte	-57
 1693 0681 51       		.byte	81
 1694 0682 C8       		.byte	-56
 1695 0683 3A       		.byte	58
 1696 0684 C9       		.byte	-55
 1697 0685 FF       		.byte	-1
 1698 0686 CA       		.byte	-54
 1699 0687 FF       		.byte	-1
 1700 0688 CB       		.byte	-53
 1701 0689 FF       		.byte	-1
 1702 068a CD       		.byte	-51
 1703 068b AF       		.byte	-81
 1704 068c CE       		.byte	-50
 1705 068d 0F       		.byte	15
 1706 068e CF       		.byte	-49
 1707 068f 04       		.byte	4
 1708 0690 D0       		.byte	-48
 1709 0691 18       		.byte	24
 1710 0692 D2       		.byte	-46
ARM GAS  C:\Users\suman\AppData\Local\Temp\cclJLwCp.s 			page 31


 1711 0693 80       		.byte	-128
 1712 0694 D4       		.byte	-44
 1713 0695 07       		.byte	7
 1714 0696 D8       		.byte	-40
 1715 0697 04       		.byte	4
 1716 0698 D9       		.byte	-39
 1717 0699 04       		.byte	4
 1718 069a DA       		.byte	-38
 1719 069b 04       		.byte	4
 1720 069c DB       		.byte	-37
 1721 069d 04       		.byte	4
 1722 069e DC       		.byte	-36
 1723 069f 11       		.byte	17
 1724 06a0 DD       		.byte	-35
 1725 06a1 11       		.byte	17
 1726 06a2 DF       		.byte	-33
 1727 06a3 01       		.byte	1
 1728 06a4 E0       		.byte	-32
 1729 06a5 40       		.byte	64
 1730 06a6 E2       		.byte	-30
 1731 06a7 C0       		.byte	-64
 1732 06a8 E4       		.byte	-28
 1733 06a9 40       		.byte	64
 1734 06aa E5       		.byte	-27
 1735 06ab 40       		.byte	64
 1736 06ac E6       		.byte	-26
 1737 06ad C0       		.byte	-64
 1738 06ae E8       		.byte	-24
 1739 06af C0       		.byte	-64
 1740 06b0 EA       		.byte	-22
 1741 06b1 C0       		.byte	-64
 1742 06b2 EC       		.byte	-20
 1743 06b3 C0       		.byte	-64
 1744 06b4 EE       		.byte	-18
 1745 06b5 C0       		.byte	-64
 1746 06b6 04       		.byte	4
 1747 06b7 10       		.byte	16
 1748 06b8 0F       		.byte	15
 1749 06b9 22       		.byte	34
 1750 06ba 16       		.byte	22
 1751 06bb 08       		.byte	8
 1752 06bc 17       		.byte	23
 1753 06bd 40       		.byte	64
 1754 06be 1C       		.byte	28
 1755 06bf 10       		.byte	16
 1756 06c0 1D       		.byte	29
 1757 06c1 08       		.byte	8
 1758 06c2 1E       		.byte	30
 1759 06c3 08       		.byte	8
 1760 06c4 1F       		.byte	31
 1761 06c5 41       		.byte	65
 1762 06c6 24       		.byte	36
 1763 06c7 40       		.byte	64
 1764 06c8 26       		.byte	38
 1765 06c9 20       		.byte	32
 1766 06ca 27       		.byte	39
 1767 06cb 22       		.byte	34
ARM GAS  C:\Users\suman\AppData\Local\Temp\cclJLwCp.s 			page 32


 1768 06cc 36       		.byte	54
 1769 06cd 20       		.byte	32
 1770 06ce 37       		.byte	55
 1771 06cf 02       		.byte	2
 1772 06d0 3E       		.byte	62
 1773 06d1 08       		.byte	8
 1774 06d2 3F       		.byte	63
 1775 06d3 02       		.byte	2
 1776 06d4 40       		.byte	64
 1777 06d5 10       		.byte	16
 1778 06d6 41       		.byte	65
 1779 06d7 20       		.byte	32
 1780 06d8 45       		.byte	69
 1781 06d9 28       		.byte	40
 1782 06da 4F       		.byte	79
 1783 06db 01       		.byte	1
 1784 06dc 55       		.byte	85
 1785 06dd 20       		.byte	32
 1786 06de 56       		.byte	86
 1787 06df 08       		.byte	8
 1788 06e0 57       		.byte	87
 1789 06e1 11       		.byte	17
 1790 06e2 5C       		.byte	92
 1791 06e3 40       		.byte	64
 1792 06e4 5E       		.byte	94
 1793 06e5 08       		.byte	8
 1794 06e6 5F       		.byte	95
 1795 06e7 21       		.byte	33
 1796 06e8 77       		.byte	119
 1797 06e9 40       		.byte	64
 1798 06ea 83       		.byte	-125
 1799 06eb 01       		.byte	1
 1800 06ec 8B       		.byte	-117
 1801 06ed 40       		.byte	64
 1802 06ee B3       		.byte	-77
 1803 06ef 40       		.byte	64
 1804 06f0 B4       		.byte	-76
 1805 06f1 40       		.byte	64
 1806 06f2 C0       		.byte	-64
 1807 06f3 40       		.byte	64
 1808 06f4 C2       		.byte	-62
 1809 06f5 A0       		.byte	-96
 1810 06f6 C4       		.byte	-60
 1811 06f7 C0       		.byte	-64
 1812 06f8 CC       		.byte	-52
 1813 06f9 A0       		.byte	-96
 1814 06fa CE       		.byte	-50
 1815 06fb C0       		.byte	-64
 1816 06fc D0       		.byte	-48
 1817 06fd 66       		.byte	102
 1818 06fe D6       		.byte	-42
 1819 06ff F0       		.byte	-16
 1820 0700 E4       		.byte	-28
 1821 0701 04       		.byte	4
 1822 0702 53       		.byte	83
 1823 0703 40       		.byte	64
 1824 0704 57       		.byte	87
ARM GAS  C:\Users\suman\AppData\Local\Temp\cclJLwCp.s 			page 33


 1825 0705 80       		.byte	-128
 1826 0706 59       		.byte	89
 1827 0707 10       		.byte	16
 1828 0708 5B       		.byte	91
 1829 0709 08       		.byte	8
 1830 070a 5F       		.byte	95
 1831 070b 20       		.byte	32
 1832 070c 60       		.byte	96
 1833 070d 20       		.byte	32
 1834 070e 66       		.byte	102
 1835 070f 40       		.byte	64
 1836 0710 67       		.byte	103
 1837 0711 20       		.byte	32
 1838 0712 D4       		.byte	-44
 1839 0713 E0       		.byte	-32
 1840 0714 D6       		.byte	-42
 1841 0715 E0       		.byte	-32
 1842 0716 D8       		.byte	-40
 1843 0717 C0       		.byte	-64
 1844 0718 80       		.byte	-128
 1845 0719 20       		.byte	32
 1846 071a 87       		.byte	-121
 1847 071b 10       		.byte	16
 1848 071c 97       		.byte	-105
 1849 071d A0       		.byte	-96
 1850 071e 9C       		.byte	-100
 1851 071f 20       		.byte	32
 1852 0720 9D       		.byte	-99
 1853 0721 10       		.byte	16
 1854 0722 9E       		.byte	-98
 1855 0723 40       		.byte	64
 1856 0724 9F       		.byte	-97
 1857 0725 28       		.byte	40
 1858 0726 A7       		.byte	-89
 1859 0727 80       		.byte	-128
 1860 0728 E6       		.byte	-26
 1861 0729 60       		.byte	96
 1862 072a 86       		.byte	-122
 1863 072b 40       		.byte	64
 1864 072c 8F       		.byte	-113
 1865 072d 28       		.byte	40
 1866 072e 97       		.byte	-105
 1867 072f 80       		.byte	-128
 1868 0730 9D       		.byte	-99
 1869 0731 10       		.byte	16
 1870 0732 9E       		.byte	-98
 1871 0733 40       		.byte	64
 1872 0734 9F       		.byte	-97
 1873 0735 28       		.byte	40
 1874 0736 A7       		.byte	-89
 1875 0737 80       		.byte	-128
 1876 0738 E2       		.byte	-30
 1877 0739 10       		.byte	16
 1878 073a 53       		.byte	83
 1879 073b 10       		.byte	16
 1880 073c 55       		.byte	85
 1881 073d 20       		.byte	32
ARM GAS  C:\Users\suman\AppData\Local\Temp\cclJLwCp.s 			page 34


 1882 073e 56       		.byte	86
 1883 073f 02       		.byte	2
 1884 0740 D4       		.byte	-44
 1885 0741 06       		.byte	6
 1886 0742 D6       		.byte	-42
 1887 0743 04       		.byte	4
 1888 0744 84       		.byte	-124
 1889 0745 01       		.byte	1
 1890 0746 97       		.byte	-105
 1891 0747 20       		.byte	32
 1892 0748 9E       		.byte	-98
 1893 0749 02       		.byte	2
 1894 074a A5       		.byte	-91
 1895 074b 20       		.byte	32
 1896 074c 87       		.byte	-121
 1897 074d 10       		.byte	16
 1898 074e 97       		.byte	-105
 1899 074f 20       		.byte	32
 1900 0750 98       		.byte	-104
 1901 0751 01       		.byte	1
 1902 0752 9E       		.byte	-98
 1903 0753 02       		.byte	2
 1904 0754 A5       		.byte	-91
 1905 0755 20       		.byte	32
 1906 0756 87       		.byte	-121
 1907 0757 40       		.byte	64
 1908 0758 97       		.byte	-105
 1909 0759 80       		.byte	-128
 1910 075a 9D       		.byte	-99
 1911 075b 10       		.byte	16
 1912 075c A7       		.byte	-89
 1913 075d 80       		.byte	-128
 1914 075e E2       		.byte	-30
 1915 075f 10       		.byte	16
 1916 0760 8F       		.byte	-113
 1917 0761 80       		.byte	-128
 1918 0762 A7       		.byte	-89
 1919 0763 80       		.byte	-128
 1920 0764 A9       		.byte	-87
 1921 0765 10       		.byte	16
 1922 0766 EE       		.byte	-18
 1923 0767 20       		.byte	32
 1924 0768 60       		.byte	96
 1925 0769 01       		.byte	1
 1926 076a 64       		.byte	100
 1927 076b 05       		.byte	5
 1928 076c 98       		.byte	-104
 1929 076d 01       		.byte	1
 1930 076e 9E       		.byte	-98
 1931 076f 02       		.byte	2
 1932 0770 A5       		.byte	-91
 1933 0771 20       		.byte	32
 1934 0772 D6       		.byte	-42
 1935 0773 03       		.byte	3
 1936 0774 D8       		.byte	-40
 1937 0775 01       		.byte	1
 1938 0776 82       		.byte	-126
ARM GAS  C:\Users\suman\AppData\Local\Temp\cclJLwCp.s 			page 35


 1939 0777 02       		.byte	2
 1940 0778 89       		.byte	-119
 1941 0779 20       		.byte	32
 1942 077a 9E       		.byte	-98
 1943 077b 02       		.byte	2
 1944 077c A5       		.byte	-91
 1945 077d 20       		.byte	32
 1946 077e B0       		.byte	-80
 1947 077f 04       		.byte	4
 1948 0780 B4       		.byte	-76
 1949 0781 01       		.byte	1
 1950 0782 E4       		.byte	-28
 1951 0783 01       		.byte	1
 1952 0784 EC       		.byte	-20
 1953 0785 09       		.byte	9
 1954 0786 00       		.byte	0
 1955 0787 D8       		.byte	-40
 1956 0788 0A       		.byte	10
 1957 0789 18       		.byte	24
 1958 078a 0C       		.byte	12
 1959 078b C0       		.byte	-64
 1960 078c 10       		.byte	16
 1961 078d 27       		.byte	39
 1962 078e 1A       		.byte	26
 1963 078f 05       		.byte	5
 1964 0790 1C       		.byte	28
 1965 0791 22       		.byte	34
 1966 0792 00       		.byte	0
 1967 0793 00       		.byte	0
 1968 0794 00       		.byte	0
 1969 0795 FF       		.byte	-1
 1970 0796 FF       		.byte	-1
 1971 0797 00       		.byte	0
 1972 0798 FF       		.byte	-1
 1973 0799 00       		.byte	0
 1974 079a 00       		.byte	0
 1975 079b 00       		.byte	0
 1976 079c 00       		.byte	0
 1977 079d E0       		.byte	-32
 1978 079e E0       		.byte	-32
 1979 079f 00       		.byte	0
 1980 07a0 E0       		.byte	-32
 1981 07a1 00       		.byte	0
 1982 07a2 00       		.byte	0
 1983 07a3 00       		.byte	0
 1984 07a4 00       		.byte	0
 1985 07a5 07       		.byte	7
 1986 07a6 07       		.byte	7
 1987 07a7 00       		.byte	0
 1988 07a8 07       		.byte	7
 1989 07a9 00       		.byte	0
 1990 07aa 00       		.byte	0
 1991 07ab 00       		.byte	0
 1992              		.section	.cywolatch,"a",%progbits
 1993              		.align	2
 1994              		.type	cy_meta_wonvl, %object
 1995              		.size	cy_meta_wonvl, 4
ARM GAS  C:\Users\suman\AppData\Local\Temp\cclJLwCp.s 			page 36


 1996              	cy_meta_wonvl:
 1997 0000 BC       		.byte	-68
 1998 0001 90       		.byte	-112
 1999 0002 AC       		.byte	-84
 2000 0003 AF       		.byte	-81
 2001              		.section	.cycustnvl,"a",%progbits
 2002              		.align	2
 2003              		.type	cy_meta_custnvl, %object
 2004              		.size	cy_meta_custnvl, 4
 2005              	cy_meta_custnvl:
 2006 0000 00       		.byte	0
 2007 0001 00       		.byte	0
 2008 0002 40       		.byte	64
 2009 0003 05       		.byte	5
 2010              		.section	.cymeta,"a",%progbits
 2011              		.align	2
 2012              		.type	cy_metadata, %object
 2013              		.size	cy_metadata, 12
 2014              	cy_metadata:
 2015 0000 00       		.byte	0
 2016 0001 01       		.byte	1
 2017 0002 2E       		.byte	46
 2018 0003 16       		.byte	22
 2019 0004 10       		.byte	16
 2020 0005 69       		.byte	105
 2021 0006 00       		.byte	0
 2022 0007 01       		.byte	1
 2023 0008 00       		.byte	0
 2024 0009 00       		.byte	0
 2025 000a 00       		.byte	0
 2026 000b 00       		.byte	0
 2027              		.section	.cyflashprotect,"a",%progbits
 2028              		.align	2
 2029              		.type	cy_meta_flashprotect, %object
 2030              		.size	cy_meta_flashprotect, 256
 2031              	cy_meta_flashprotect:
 2032 0000 00000000 		.space	256
 2032      00000000 
 2032      00000000 
 2032      00000000 
 2032      00000000 
 2033              		.text
 2034              	.Letext0:
 2035              		.file 1 ".\\Generated_Source\\PSoC5\\cymetadata.c"
 2036              		.file 2 ".\\Generated_Source\\PSoC5\\cytypes.h"
 2037              		.section	.debug_info,"",%progbits
 2038              	.Ldebug_info0:
 2039 0000 3B010000 		.4byte	0x13b
 2040 0004 0400     		.2byte	0x4
 2041 0006 00000000 		.4byte	.Ldebug_abbrev0
 2042 000a 04       		.byte	0x4
 2043 000b 01       		.uleb128 0x1
 2044 000c 94000000 		.4byte	.LASF18
 2045 0010 01       		.byte	0x1
 2046 0011 00000000 		.4byte	.LASF19
 2047 0015 46010000 		.4byte	.LASF20
 2048 0019 00000000 		.4byte	.Ldebug_line0
ARM GAS  C:\Users\suman\AppData\Local\Temp\cclJLwCp.s 			page 37


 2049 001d 02       		.uleb128 0x2
 2050 001e 01       		.byte	0x1
 2051 001f 06       		.byte	0x6
 2052 0020 D1010000 		.4byte	.LASF0
 2053 0024 02       		.uleb128 0x2
 2054 0025 01       		.byte	0x1
 2055 0026 08       		.byte	0x8
 2056 0027 38000000 		.4byte	.LASF1
 2057 002b 02       		.uleb128 0x2
 2058 002c 02       		.byte	0x2
 2059 002d 05       		.byte	0x5
 2060 002e B8010000 		.4byte	.LASF2
 2061 0032 02       		.uleb128 0x2
 2062 0033 02       		.byte	0x2
 2063 0034 07       		.byte	0x7
 2064 0035 58000000 		.4byte	.LASF3
 2065 0039 02       		.uleb128 0x2
 2066 003a 04       		.byte	0x4
 2067 003b 05       		.byte	0x5
 2068 003c C8010000 		.4byte	.LASF4
 2069 0040 02       		.uleb128 0x2
 2070 0041 04       		.byte	0x4
 2071 0042 07       		.byte	0x7
 2072 0043 46000000 		.4byte	.LASF5
 2073 0047 02       		.uleb128 0x2
 2074 0048 08       		.byte	0x8
 2075 0049 05       		.byte	0x5
 2076 004a A5010000 		.4byte	.LASF6
 2077 004e 02       		.uleb128 0x2
 2078 004f 08       		.byte	0x8
 2079 0050 07       		.byte	0x7
 2080 0051 2F010000 		.4byte	.LASF7
 2081 0055 03       		.uleb128 0x3
 2082 0056 04       		.byte	0x4
 2083 0057 05       		.byte	0x5
 2084 0058 696E7400 		.ascii	"int\000"
 2085 005c 02       		.uleb128 0x2
 2086 005d 04       		.byte	0x4
 2087 005e 07       		.byte	0x7
 2088 005f 22010000 		.4byte	.LASF8
 2089 0063 04       		.uleb128 0x4
 2090 0064 C2010000 		.4byte	.LASF21
 2091 0068 02       		.byte	0x2
 2092 0069 9201     		.2byte	0x192
 2093 006b 24000000 		.4byte	0x24
 2094 006f 02       		.uleb128 0x2
 2095 0070 04       		.byte	0x4
 2096 0071 04       		.byte	0x4
 2097 0072 32000000 		.4byte	.LASF9
 2098 0076 02       		.uleb128 0x2
 2099 0077 08       		.byte	0x8
 2100 0078 04       		.byte	0x4
 2101 0079 6B000000 		.4byte	.LASF10
 2102 007d 02       		.uleb128 0x2
 2103 007e 01       		.byte	0x1
 2104 007f 08       		.byte	0x8
 2105 0080 B3010000 		.4byte	.LASF11
ARM GAS  C:\Users\suman\AppData\Local\Temp\cclJLwCp.s 			page 38


 2106 0084 05       		.uleb128 0x5
 2107 0085 63000000 		.4byte	0x63
 2108 0089 95000000 		.4byte	0x95
 2109 008d 06       		.uleb128 0x6
 2110 008e 95000000 		.4byte	0x95
 2111 0092 AB07     		.2byte	0x7ab
 2112 0094 00       		.byte	0
 2113 0095 02       		.uleb128 0x2
 2114 0096 04       		.byte	0x4
 2115 0097 07       		.byte	0x7
 2116 0098 9C010000 		.4byte	.LASF12
 2117 009c 07       		.uleb128 0x7
 2118 009d 82000000 		.4byte	.LASF13
 2119 00a1 01       		.byte	0x1
 2120 00a2 1F       		.byte	0x1f
 2121 00a3 AD000000 		.4byte	0xad
 2122 00a7 05       		.uleb128 0x5
 2123 00a8 03       		.byte	0x3
 2124 00a9 00000000 		.4byte	cy_meta_configecc
 2125 00ad 08       		.uleb128 0x8
 2126 00ae 84000000 		.4byte	0x84
 2127 00b2 05       		.uleb128 0x5
 2128 00b3 63000000 		.4byte	0x63
 2129 00b7 C2000000 		.4byte	0xc2
 2130 00bb 09       		.uleb128 0x9
 2131 00bc 95000000 		.4byte	0x95
 2132 00c0 03       		.byte	0x3
 2133 00c1 00       		.byte	0
 2134 00c2 0A       		.uleb128 0xa
 2135 00c3 72000000 		.4byte	.LASF14
 2136 00c7 01       		.byte	0x1
 2137 00c8 2201     		.2byte	0x122
 2138 00ca D4000000 		.4byte	0xd4
 2139 00ce 05       		.uleb128 0x5
 2140 00cf 03       		.byte	0x3
 2141 00d0 00000000 		.4byte	cy_meta_custnvl
 2142 00d4 08       		.uleb128 0x8
 2143 00d5 B2000000 		.4byte	0xb2
 2144 00d9 0A       		.uleb128 0xa
 2145 00da 8E010000 		.4byte	.LASF15
 2146 00de 01       		.byte	0x1
 2147 00df 3001     		.2byte	0x130
 2148 00e1 EB000000 		.4byte	0xeb
 2149 00e5 05       		.uleb128 0x5
 2150 00e6 03       		.byte	0x3
 2151 00e7 00000000 		.4byte	cy_meta_wonvl
 2152 00eb 08       		.uleb128 0x8
 2153 00ec B2000000 		.4byte	0xb2
 2154 00f0 05       		.uleb128 0x5
 2155 00f1 63000000 		.4byte	0x63
 2156 00f5 00010000 		.4byte	0x100
 2157 00f9 09       		.uleb128 0x9
 2158 00fa 95000000 		.4byte	0x95
 2159 00fe FF       		.byte	0xff
 2160 00ff 00       		.byte	0
 2161 0100 0A       		.uleb128 0xa
 2162 0101 79010000 		.4byte	.LASF16
ARM GAS  C:\Users\suman\AppData\Local\Temp\cclJLwCp.s 			page 39


 2163 0105 01       		.byte	0x1
 2164 0106 3E01     		.2byte	0x13e
 2165 0108 12010000 		.4byte	0x112
 2166 010c 05       		.uleb128 0x5
 2167 010d 03       		.byte	0x3
 2168 010e 00000000 		.4byte	cy_meta_flashprotect
 2169 0112 08       		.uleb128 0x8
 2170 0113 F0000000 		.4byte	0xf0
 2171 0117 05       		.uleb128 0x5
 2172 0118 63000000 		.4byte	0x63
 2173 011c 27010000 		.4byte	0x127
 2174 0120 09       		.uleb128 0x9
 2175 0121 95000000 		.4byte	0x95
 2176 0125 0B       		.byte	0xb
 2177 0126 00       		.byte	0
 2178 0127 0A       		.uleb128 0xa
 2179 0128 26000000 		.4byte	.LASF17
 2180 012c 01       		.byte	0x1
 2181 012d 6B01     		.2byte	0x16b
 2182 012f 39010000 		.4byte	0x139
 2183 0133 05       		.uleb128 0x5
 2184 0134 03       		.byte	0x3
 2185 0135 00000000 		.4byte	cy_metadata
 2186 0139 08       		.uleb128 0x8
 2187 013a 17010000 		.4byte	0x117
 2188 013e 00       		.byte	0
 2189              		.section	.debug_abbrev,"",%progbits
 2190              	.Ldebug_abbrev0:
 2191 0000 01       		.uleb128 0x1
 2192 0001 11       		.uleb128 0x11
 2193 0002 01       		.byte	0x1
 2194 0003 25       		.uleb128 0x25
 2195 0004 0E       		.uleb128 0xe
 2196 0005 13       		.uleb128 0x13
 2197 0006 0B       		.uleb128 0xb
 2198 0007 03       		.uleb128 0x3
 2199 0008 0E       		.uleb128 0xe
 2200 0009 1B       		.uleb128 0x1b
 2201 000a 0E       		.uleb128 0xe
 2202 000b 10       		.uleb128 0x10
 2203 000c 17       		.uleb128 0x17
 2204 000d 00       		.byte	0
 2205 000e 00       		.byte	0
 2206 000f 02       		.uleb128 0x2
 2207 0010 24       		.uleb128 0x24
 2208 0011 00       		.byte	0
 2209 0012 0B       		.uleb128 0xb
 2210 0013 0B       		.uleb128 0xb
 2211 0014 3E       		.uleb128 0x3e
 2212 0015 0B       		.uleb128 0xb
 2213 0016 03       		.uleb128 0x3
 2214 0017 0E       		.uleb128 0xe
 2215 0018 00       		.byte	0
 2216 0019 00       		.byte	0
 2217 001a 03       		.uleb128 0x3
 2218 001b 24       		.uleb128 0x24
 2219 001c 00       		.byte	0
ARM GAS  C:\Users\suman\AppData\Local\Temp\cclJLwCp.s 			page 40


 2220 001d 0B       		.uleb128 0xb
 2221 001e 0B       		.uleb128 0xb
 2222 001f 3E       		.uleb128 0x3e
 2223 0020 0B       		.uleb128 0xb
 2224 0021 03       		.uleb128 0x3
 2225 0022 08       		.uleb128 0x8
 2226 0023 00       		.byte	0
 2227 0024 00       		.byte	0
 2228 0025 04       		.uleb128 0x4
 2229 0026 16       		.uleb128 0x16
 2230 0027 00       		.byte	0
 2231 0028 03       		.uleb128 0x3
 2232 0029 0E       		.uleb128 0xe
 2233 002a 3A       		.uleb128 0x3a
 2234 002b 0B       		.uleb128 0xb
 2235 002c 3B       		.uleb128 0x3b
 2236 002d 05       		.uleb128 0x5
 2237 002e 49       		.uleb128 0x49
 2238 002f 13       		.uleb128 0x13
 2239 0030 00       		.byte	0
 2240 0031 00       		.byte	0
 2241 0032 05       		.uleb128 0x5
 2242 0033 01       		.uleb128 0x1
 2243 0034 01       		.byte	0x1
 2244 0035 49       		.uleb128 0x49
 2245 0036 13       		.uleb128 0x13
 2246 0037 01       		.uleb128 0x1
 2247 0038 13       		.uleb128 0x13
 2248 0039 00       		.byte	0
 2249 003a 00       		.byte	0
 2250 003b 06       		.uleb128 0x6
 2251 003c 21       		.uleb128 0x21
 2252 003d 00       		.byte	0
 2253 003e 49       		.uleb128 0x49
 2254 003f 13       		.uleb128 0x13
 2255 0040 2F       		.uleb128 0x2f
 2256 0041 05       		.uleb128 0x5
 2257 0042 00       		.byte	0
 2258 0043 00       		.byte	0
 2259 0044 07       		.uleb128 0x7
 2260 0045 34       		.uleb128 0x34
 2261 0046 00       		.byte	0
 2262 0047 03       		.uleb128 0x3
 2263 0048 0E       		.uleb128 0xe
 2264 0049 3A       		.uleb128 0x3a
 2265 004a 0B       		.uleb128 0xb
 2266 004b 3B       		.uleb128 0x3b
 2267 004c 0B       		.uleb128 0xb
 2268 004d 49       		.uleb128 0x49
 2269 004e 13       		.uleb128 0x13
 2270 004f 3F       		.uleb128 0x3f
 2271 0050 19       		.uleb128 0x19
 2272 0051 02       		.uleb128 0x2
 2273 0052 18       		.uleb128 0x18
 2274 0053 00       		.byte	0
 2275 0054 00       		.byte	0
 2276 0055 08       		.uleb128 0x8
ARM GAS  C:\Users\suman\AppData\Local\Temp\cclJLwCp.s 			page 41


 2277 0056 26       		.uleb128 0x26
 2278 0057 00       		.byte	0
 2279 0058 49       		.uleb128 0x49
 2280 0059 13       		.uleb128 0x13
 2281 005a 00       		.byte	0
 2282 005b 00       		.byte	0
 2283 005c 09       		.uleb128 0x9
 2284 005d 21       		.uleb128 0x21
 2285 005e 00       		.byte	0
 2286 005f 49       		.uleb128 0x49
 2287 0060 13       		.uleb128 0x13
 2288 0061 2F       		.uleb128 0x2f
 2289 0062 0B       		.uleb128 0xb
 2290 0063 00       		.byte	0
 2291 0064 00       		.byte	0
 2292 0065 0A       		.uleb128 0xa
 2293 0066 34       		.uleb128 0x34
 2294 0067 00       		.byte	0
 2295 0068 03       		.uleb128 0x3
 2296 0069 0E       		.uleb128 0xe
 2297 006a 3A       		.uleb128 0x3a
 2298 006b 0B       		.uleb128 0xb
 2299 006c 3B       		.uleb128 0x3b
 2300 006d 05       		.uleb128 0x5
 2301 006e 49       		.uleb128 0x49
 2302 006f 13       		.uleb128 0x13
 2303 0070 3F       		.uleb128 0x3f
 2304 0071 19       		.uleb128 0x19
 2305 0072 02       		.uleb128 0x2
 2306 0073 18       		.uleb128 0x18
 2307 0074 00       		.byte	0
 2308 0075 00       		.byte	0
 2309 0076 00       		.byte	0
 2310              		.section	.debug_aranges,"",%progbits
 2311 0000 14000000 		.4byte	0x14
 2312 0004 0200     		.2byte	0x2
 2313 0006 00000000 		.4byte	.Ldebug_info0
 2314 000a 04       		.byte	0x4
 2315 000b 00       		.byte	0
 2316 000c 0000     		.2byte	0
 2317 000e 0000     		.2byte	0
 2318 0010 00000000 		.4byte	0
 2319 0014 00000000 		.4byte	0
 2320              		.section	.debug_line,"",%progbits
 2321              	.Ldebug_line0:
 2322 0000 4F000000 		.section	.debug_str,"MS",%progbits,1
 2322      02004900 
 2322      00000201 
 2322      FB0E0D00 
 2322      01010101 
 2323              	.LASF19:
 2324 0000 2E5C4765 		.ascii	".\\Generated_Source\\PSoC5\\cymetadata.c\000"
 2324      6E657261 
 2324      7465645F 
 2324      536F7572 
 2324      63655C50 
 2325              	.LASF17:
ARM GAS  C:\Users\suman\AppData\Local\Temp\cclJLwCp.s 			page 42


 2326 0026 63795F6D 		.ascii	"cy_metadata\000"
 2326      65746164 
 2326      61746100 
 2327              	.LASF9:
 2328 0032 666C6F61 		.ascii	"float\000"
 2328      7400
 2329              	.LASF1:
 2330 0038 756E7369 		.ascii	"unsigned char\000"
 2330      676E6564 
 2330      20636861 
 2330      7200
 2331              	.LASF5:
 2332 0046 6C6F6E67 		.ascii	"long unsigned int\000"
 2332      20756E73 
 2332      69676E65 
 2332      6420696E 
 2332      7400
 2333              	.LASF3:
 2334 0058 73686F72 		.ascii	"short unsigned int\000"
 2334      7420756E 
 2334      7369676E 
 2334      65642069 
 2334      6E7400
 2335              	.LASF10:
 2336 006b 646F7562 		.ascii	"double\000"
 2336      6C6500
 2337              	.LASF14:
 2338 0072 63795F6D 		.ascii	"cy_meta_custnvl\000"
 2338      6574615F 
 2338      63757374 
 2338      6E766C00 
 2339              	.LASF13:
 2340 0082 63795F6D 		.ascii	"cy_meta_configecc\000"
 2340      6574615F 
 2340      636F6E66 
 2340      69676563 
 2340      6300
 2341              	.LASF18:
 2342 0094 474E5520 		.ascii	"GNU C 4.9.3 20150303 (release) [ARM/embedded-4_9-br"
 2342      4320342E 
 2342      392E3320 
 2342      32303135 
 2342      30333033 
 2343 00c7 616E6368 		.ascii	"anch revision 221220] -mcpu=cortex-m3 -mthumb -g -O"
 2343      20726576 
 2343      6973696F 
 2343      6E203232 
 2343      31323230 
 2344 00fa 67202D66 		.ascii	"g -ffunction-sections -ffat-lto-objects\000"
 2344      66756E63 
 2344      74696F6E 
 2344      2D736563 
 2344      74696F6E 
 2345              	.LASF8:
 2346 0122 756E7369 		.ascii	"unsigned int\000"
 2346      676E6564 
 2346      20696E74 
ARM GAS  C:\Users\suman\AppData\Local\Temp\cclJLwCp.s 			page 43


 2346      00
 2347              	.LASF7:
 2348 012f 6C6F6E67 		.ascii	"long long unsigned int\000"
 2348      206C6F6E 
 2348      6720756E 
 2348      7369676E 
 2348      65642069 
 2349              	.LASF20:
 2350 0146 463A5C50 		.ascii	"F:\\Projects\\PSOCCreator\\Workspace01\\Design01.cy"
 2350      726F6A65 
 2350      6374735C 
 2350      50534F43 
 2350      43726561 
 2351 0175 64736E00 		.ascii	"dsn\000"
 2352              	.LASF16:
 2353 0179 63795F6D 		.ascii	"cy_meta_flashprotect\000"
 2353      6574615F 
 2353      666C6173 
 2353      6870726F 
 2353      74656374 
 2354              	.LASF15:
 2355 018e 63795F6D 		.ascii	"cy_meta_wonvl\000"
 2355      6574615F 
 2355      776F6E76 
 2355      6C00
 2356              	.LASF12:
 2357 019c 73697A65 		.ascii	"sizetype\000"
 2357      74797065 
 2357      00
 2358              	.LASF6:
 2359 01a5 6C6F6E67 		.ascii	"long long int\000"
 2359      206C6F6E 
 2359      6720696E 
 2359      7400
 2360              	.LASF11:
 2361 01b3 63686172 		.ascii	"char\000"
 2361      00
 2362              	.LASF2:
 2363 01b8 73686F72 		.ascii	"short int\000"
 2363      7420696E 
 2363      7400
 2364              	.LASF21:
 2365 01c2 75696E74 		.ascii	"uint8\000"
 2365      3800
 2366              	.LASF4:
 2367 01c8 6C6F6E67 		.ascii	"long int\000"
 2367      20696E74 
 2367      00
 2368              	.LASF0:
 2369 01d1 7369676E 		.ascii	"signed char\000"
 2369      65642063 
 2369      68617200 
 2370              		.ident	"GCC: (GNU Tools for ARM Embedded Processors) 4.9.3 20150303 (release) [ARM/embedded-4_9-br
