ARM GAS  C:\Users\suman\AppData\Local\Temp\ccrFBylt.s 			page 1


   1              		.syntax unified
   2              		.cpu cortex-m3
   3              		.fpu softvfp
   4              		.eabi_attribute 20, 1
   5              		.eabi_attribute 21, 1
   6              		.eabi_attribute 23, 3
   7              		.eabi_attribute 24, 1
   8              		.eabi_attribute 25, 1
   9              		.eabi_attribute 26, 1
  10              		.eabi_attribute 30, 1
  11              		.eabi_attribute 34, 1
  12              		.eabi_attribute 18, 4
  13              		.thumb
  14              		.file	"main.c"
  15              		.text
  16              	.Ltext0:
  17              		.cfi_sections	.debug_frame
  18              		.section	.text.sadRightEyebrow,"ax",%progbits
  19              		.align	2
  20              		.global	sadRightEyebrow
  21              		.thumb
  22              		.thumb_func
  23              		.type	sadRightEyebrow, %function
  24              	sadRightEyebrow:
  25              	.LFB63:
  26              		.file 1 ".\\main.c"
   1:.\main.c      **** #include <project.h>
   2:.\main.c      **** 
   3:.\main.c      **** void sadRightEyebrow(int value) {
  27              		.loc 1 3 0
  28              		.cfi_startproc
  29              		@ args = 0, pretend = 0, frame = 0
  30              		@ frame_needed = 0, uses_anonymous_args = 0
  31              	.LVL0:
  32 0000 10B5     		push	{r4, lr}
  33              		.cfi_def_cfa_offset 8
  34              		.cfi_offset 4, -8
  35              		.cfi_offset 14, -4
   4:.\main.c      ****     Right_Eyebrow_WriteCompare1(value);
  36              		.loc 1 4 0
  37 0002 84B2     		uxth	r4, r0
  38 0004 2046     		mov	r0, r4
  39              	.LVL1:
  40 0006 FFF7FEFF 		bl	Right_Eyebrow_WriteCompare1
  41              	.LVL2:
   5:.\main.c      ****     Right_Eyebrow_WriteCompare2(value);
  42              		.loc 1 5 0
  43 000a 2046     		mov	r0, r4
  44 000c FFF7FEFF 		bl	Right_Eyebrow_WriteCompare2
  45              	.LVL3:
  46 0010 10BD     		pop	{r4, pc}
  47              		.cfi_endproc
  48              	.LFE63:
  49              		.size	sadRightEyebrow, .-sadRightEyebrow
  50 0012 00BF     		.section	.text.sadLeftEyebrow,"ax",%progbits
  51              		.align	2
  52              		.global	sadLeftEyebrow
ARM GAS  C:\Users\suman\AppData\Local\Temp\ccrFBylt.s 			page 2


  53              		.thumb
  54              		.thumb_func
  55              		.type	sadLeftEyebrow, %function
  56              	sadLeftEyebrow:
  57              	.LFB64:
   6:.\main.c      **** }
   7:.\main.c      **** 
   8:.\main.c      **** void sadLeftEyebrow(int value) {
  58              		.loc 1 8 0
  59              		.cfi_startproc
  60              		@ args = 0, pretend = 0, frame = 0
  61              		@ frame_needed = 0, uses_anonymous_args = 0
  62              	.LVL4:
  63 0000 10B5     		push	{r4, lr}
  64              		.cfi_def_cfa_offset 8
  65              		.cfi_offset 4, -8
  66              		.cfi_offset 14, -4
   9:.\main.c      ****     Left_Eyebrow_WriteCompare1(value);
  67              		.loc 1 9 0
  68 0002 84B2     		uxth	r4, r0
  69 0004 2046     		mov	r0, r4
  70              	.LVL5:
  71 0006 FFF7FEFF 		bl	Left_Eyebrow_WriteCompare1
  72              	.LVL6:
  10:.\main.c      ****     Left_Eyebrow_WriteCompare2(value);
  73              		.loc 1 10 0
  74 000a 2046     		mov	r0, r4
  75 000c FFF7FEFF 		bl	Left_Eyebrow_WriteCompare2
  76              	.LVL7:
  77 0010 10BD     		pop	{r4, pc}
  78              		.cfi_endproc
  79              	.LFE64:
  80              		.size	sadLeftEyebrow, .-sadLeftEyebrow
  81 0012 00BF     		.section	.text.moveEyesLeft,"ax",%progbits
  82              		.align	2
  83              		.global	moveEyesLeft
  84              		.thumb
  85              		.thumb_func
  86              		.type	moveEyesLeft, %function
  87              	moveEyesLeft:
  88              	.LFB65:
  11:.\main.c      **** }
  12:.\main.c      **** 
  13:.\main.c      **** void moveEyesLeft(int value){
  89              		.loc 1 13 0
  90              		.cfi_startproc
  91              		@ args = 0, pretend = 0, frame = 0
  92              		@ frame_needed = 0, uses_anonymous_args = 0
  93              	.LVL8:
  94 0000 10B5     		push	{r4, lr}
  95              		.cfi_def_cfa_offset 8
  96              		.cfi_offset 4, -8
  97              		.cfi_offset 14, -4
  14:.\main.c      ****    Right_Eye_WriteCompare1(value);
  98              		.loc 1 14 0
  99 0002 84B2     		uxth	r4, r0
 100 0004 2046     		mov	r0, r4
ARM GAS  C:\Users\suman\AppData\Local\Temp\ccrFBylt.s 			page 3


 101              	.LVL9:
 102 0006 FFF7FEFF 		bl	Right_Eye_WriteCompare1
 103              	.LVL10:
  15:.\main.c      ****    Left_Eye_WriteCompare1(value);
 104              		.loc 1 15 0
 105 000a 2046     		mov	r0, r4
 106 000c FFF7FEFF 		bl	Left_Eye_WriteCompare1
 107              	.LVL11:
 108 0010 10BD     		pop	{r4, pc}
 109              		.cfi_endproc
 110              	.LFE65:
 111              		.size	moveEyesLeft, .-moveEyesLeft
 112 0012 00BF     		.section	.text.moveEyesRight,"ax",%progbits
 113              		.align	2
 114              		.global	moveEyesRight
 115              		.thumb
 116              		.thumb_func
 117              		.type	moveEyesRight, %function
 118              	moveEyesRight:
 119              	.LFB66:
  16:.\main.c      **** }
  17:.\main.c      **** 
  18:.\main.c      **** void moveEyesRight(int value){
 120              		.loc 1 18 0
 121              		.cfi_startproc
 122              		@ args = 0, pretend = 0, frame = 0
 123              		@ frame_needed = 0, uses_anonymous_args = 0
 124              	.LVL12:
 125 0000 10B5     		push	{r4, lr}
 126              		.cfi_def_cfa_offset 8
 127              		.cfi_offset 4, -8
 128              		.cfi_offset 14, -4
  19:.\main.c      ****    Right_Eye_WriteCompare2(value);
 129              		.loc 1 19 0
 130 0002 84B2     		uxth	r4, r0
 131 0004 2046     		mov	r0, r4
 132              	.LVL13:
 133 0006 FFF7FEFF 		bl	Right_Eye_WriteCompare2
 134              	.LVL14:
  20:.\main.c      ****    Left_Eye_WriteCompare2(value);
 135              		.loc 1 20 0
 136 000a 2046     		mov	r0, r4
 137 000c FFF7FEFF 		bl	Left_Eye_WriteCompare2
 138              	.LVL15:
 139 0010 10BD     		pop	{r4, pc}
 140              		.cfi_endproc
 141              	.LFE66:
 142              		.size	moveEyesRight, .-moveEyesRight
 143 0012 00BF     		.section	.text.moveEyes,"ax",%progbits
 144              		.align	2
 145              		.global	moveEyes
 146              		.thumb
 147              		.thumb_func
 148              		.type	moveEyes, %function
 149              	moveEyes:
 150              	.LFB67:
  21:.\main.c      **** }
ARM GAS  C:\Users\suman\AppData\Local\Temp\ccrFBylt.s 			page 4


  22:.\main.c      **** 
  23:.\main.c      **** void moveEyes(){
 151              		.loc 1 23 0
 152              		.cfi_startproc
 153              		@ args = 0, pretend = 0, frame = 0
 154              		@ frame_needed = 0, uses_anonymous_args = 0
 155 0000 08B5     		push	{r3, lr}
 156              		.cfi_def_cfa_offset 8
 157              		.cfi_offset 3, -8
 158              		.cfi_offset 14, -4
  24:.\main.c      ****       moveEyesLeft(1000);
 159              		.loc 1 24 0
 160 0002 4FF47A70 		mov	r0, #1000
 161 0006 FFF7FEFF 		bl	moveEyesLeft
 162              	.LVL16:
  25:.\main.c      ****       moveEyesRight(1000);
 163              		.loc 1 25 0
 164 000a 4FF47A70 		mov	r0, #1000
 165 000e FFF7FEFF 		bl	moveEyesRight
 166              	.LVL17:
 167 0012 08BD     		pop	{r3, pc}
 168              		.cfi_endproc
 169              	.LFE67:
 170              		.size	moveEyes, .-moveEyes
 171              		.section	.text.moveNeck,"ax",%progbits
 172              		.align	2
 173              		.global	moveNeck
 174              		.thumb
 175              		.thumb_func
 176              		.type	moveNeck, %function
 177              	moveNeck:
 178              	.LFB68:
  26:.\main.c      **** }
  27:.\main.c      **** 
  28:.\main.c      **** void moveNeck(){
 179              		.loc 1 28 0
 180              		.cfi_startproc
 181              		@ args = 0, pretend = 0, frame = 0
 182              		@ frame_needed = 0, uses_anonymous_args = 0
 183 0000 08B5     		push	{r3, lr}
 184              		.cfi_def_cfa_offset 8
 185              		.cfi_offset 3, -8
 186              		.cfi_offset 14, -4
  29:.\main.c      ****     //Moves neck in up direction
  30:.\main.c      ****     Neck_WriteCompare1(700);
 187              		.loc 1 30 0
 188 0002 4FF42F70 		mov	r0, #700
 189 0006 FFF7FEFF 		bl	Neck_WriteCompare1
 190              	.LVL18:
  31:.\main.c      ****     Neck_WriteCompare2(700);
 191              		.loc 1 31 0
 192 000a 4FF42F70 		mov	r0, #700
 193 000e FFF7FEFF 		bl	Neck_WriteCompare2
 194              	.LVL19:
  32:.\main.c      ****     CyDelay(2000);
 195              		.loc 1 32 0
 196 0012 4FF4FA60 		mov	r0, #2000
ARM GAS  C:\Users\suman\AppData\Local\Temp\ccrFBylt.s 			page 5


 197 0016 FFF7FEFF 		bl	CyDelay
 198              	.LVL20:
  33:.\main.c      ****     //Moves neck down
  34:.\main.c      ****     Neck_WriteCompare1(1000);
 199              		.loc 1 34 0
 200 001a 4FF47A70 		mov	r0, #1000
 201 001e FFF7FEFF 		bl	Neck_WriteCompare1
 202              	.LVL21:
  35:.\main.c      ****     Neck_WriteCompare2(1000);
 203              		.loc 1 35 0
 204 0022 4FF47A70 		mov	r0, #1000
 205 0026 FFF7FEFF 		bl	Neck_WriteCompare2
 206              	.LVL22:
 207 002a 08BD     		pop	{r3, pc}
 208              		.cfi_endproc
 209              	.LFE68:
 210              		.size	moveNeck, .-moveNeck
 211              		.section	.text.rotateHead,"ax",%progbits
 212              		.align	2
 213              		.global	rotateHead
 214              		.thumb
 215              		.thumb_func
 216              		.type	rotateHead, %function
 217              	rotateHead:
 218              	.LFB69:
  36:.\main.c      **** }
  37:.\main.c      **** 
  38:.\main.c      **** void rotateHead(){
 219              		.loc 1 38 0
 220              		.cfi_startproc
 221              		@ args = 0, pretend = 0, frame = 0
 222              		@ frame_needed = 0, uses_anonymous_args = 0
 223 0000 08B5     		push	{r3, lr}
 224              		.cfi_def_cfa_offset 8
 225              		.cfi_offset 3, -8
 226              		.cfi_offset 14, -4
  39:.\main.c      ****     Base_Jaw_WriteCompare1(700);
 227              		.loc 1 39 0
 228 0002 4FF42F70 		mov	r0, #700
 229 0006 FFF7FEFF 		bl	Base_Jaw_WriteCompare1
 230              	.LVL23:
  40:.\main.c      ****     CyDelay(3000);
 231              		.loc 1 40 0
 232 000a 40F6B830 		movw	r0, #3000
 233 000e FFF7FEFF 		bl	CyDelay
 234              	.LVL24:
  41:.\main.c      ****     Base_Jaw_WriteCompare1(1000);
 235              		.loc 1 41 0
 236 0012 4FF47A70 		mov	r0, #1000
 237 0016 FFF7FEFF 		bl	Base_Jaw_WriteCompare1
 238              	.LVL25:
 239 001a 08BD     		pop	{r3, pc}
 240              		.cfi_endproc
 241              	.LFE69:
 242              		.size	rotateHead, .-rotateHead
 243              		.section	.text.tiltNeck,"ax",%progbits
 244              		.align	2
ARM GAS  C:\Users\suman\AppData\Local\Temp\ccrFBylt.s 			page 6


 245              		.global	tiltNeck
 246              		.thumb
 247              		.thumb_func
 248              		.type	tiltNeck, %function
 249              	tiltNeck:
 250              	.LFB70:
  42:.\main.c      **** }
  43:.\main.c      **** 
  44:.\main.c      **** void tiltNeck(){
 251              		.loc 1 44 0
 252              		.cfi_startproc
 253              		@ args = 0, pretend = 0, frame = 0
 254              		@ frame_needed = 0, uses_anonymous_args = 0
 255 0000 08B5     		push	{r3, lr}
 256              		.cfi_def_cfa_offset 8
 257              		.cfi_offset 3, -8
 258              		.cfi_offset 14, -4
  45:.\main.c      ****     Neck_WriteCompare1(700);
 259              		.loc 1 45 0
 260 0002 4FF42F70 		mov	r0, #700
 261 0006 FFF7FEFF 		bl	Neck_WriteCompare1
 262              	.LVL26:
  46:.\main.c      ****     CyDelay(1000);
 263              		.loc 1 46 0
 264 000a 4FF47A70 		mov	r0, #1000
 265 000e FFF7FEFF 		bl	CyDelay
 266              	.LVL27:
  47:.\main.c      ****     Neck_WriteCompare1(1000);
 267              		.loc 1 47 0
 268 0012 4FF47A70 		mov	r0, #1000
 269 0016 FFF7FEFF 		bl	Neck_WriteCompare1
 270              	.LVL28:
  48:.\main.c      ****     CyDelay(1000);
 271              		.loc 1 48 0
 272 001a 4FF47A70 		mov	r0, #1000
 273 001e FFF7FEFF 		bl	CyDelay
 274              	.LVL29:
  49:.\main.c      ****     Neck_WriteCompare2(700);
 275              		.loc 1 49 0
 276 0022 4FF42F70 		mov	r0, #700
 277 0026 FFF7FEFF 		bl	Neck_WriteCompare2
 278              	.LVL30:
  50:.\main.c      ****     CyDelay(1000);
 279              		.loc 1 50 0
 280 002a 4FF47A70 		mov	r0, #1000
 281 002e FFF7FEFF 		bl	CyDelay
 282              	.LVL31:
  51:.\main.c      ****     Neck_WriteCompare2(1000);
 283              		.loc 1 51 0
 284 0032 4FF47A70 		mov	r0, #1000
 285 0036 FFF7FEFF 		bl	Neck_WriteCompare2
 286              	.LVL32:
 287 003a 08BD     		pop	{r3, pc}
 288              		.cfi_endproc
 289              	.LFE70:
 290              		.size	tiltNeck, .-tiltNeck
 291              		.section	.text.moveJaw,"ax",%progbits
ARM GAS  C:\Users\suman\AppData\Local\Temp\ccrFBylt.s 			page 7


 292              		.align	2
 293              		.global	moveJaw
 294              		.thumb
 295              		.thumb_func
 296              		.type	moveJaw, %function
 297              	moveJaw:
 298              	.LFB71:
  52:.\main.c      **** }
  53:.\main.c      **** 
  54:.\main.c      **** void moveJaw(){
 299              		.loc 1 54 0
 300              		.cfi_startproc
 301              		@ args = 0, pretend = 0, frame = 0
 302              		@ frame_needed = 0, uses_anonymous_args = 0
 303 0000 08B5     		push	{r3, lr}
 304              		.cfi_def_cfa_offset 8
 305              		.cfi_offset 3, -8
 306              		.cfi_offset 14, -4
  55:.\main.c      ****     Jaw_WriteCompare1(200);
 307              		.loc 1 55 0
 308 0002 C820     		movs	r0, #200
 309 0004 FFF7FEFF 		bl	Jaw_WriteCompare1
 310              	.LVL33:
  56:.\main.c      ****     CyDelay(1000);
 311              		.loc 1 56 0
 312 0008 4FF47A70 		mov	r0, #1000
 313 000c FFF7FEFF 		bl	CyDelay
 314              	.LVL34:
  57:.\main.c      ****     Jaw_WriteCompare1(1000);
 315              		.loc 1 57 0
 316 0010 4FF47A70 		mov	r0, #1000
 317 0014 FFF7FEFF 		bl	Jaw_WriteCompare1
 318              	.LVL35:
  58:.\main.c      ****     CyDelay(1000);
 319              		.loc 1 58 0
 320 0018 4FF47A70 		mov	r0, #1000
 321 001c FFF7FEFF 		bl	CyDelay
 322              	.LVL36:
 323 0020 08BD     		pop	{r3, pc}
 324              		.cfi_endproc
 325              	.LFE71:
 326              		.size	moveJaw, .-moveJaw
 327 0022 00BF     		.section	.text.moveRightLip,"ax",%progbits
 328              		.align	2
 329              		.global	moveRightLip
 330              		.thumb
 331              		.thumb_func
 332              		.type	moveRightLip, %function
 333              	moveRightLip:
 334              	.LFB72:
  59:.\main.c      **** }
  60:.\main.c      **** 
  61:.\main.c      **** void moveRightLip(int value){
 335              		.loc 1 61 0
 336              		.cfi_startproc
 337              		@ args = 0, pretend = 0, frame = 0
 338              		@ frame_needed = 0, uses_anonymous_args = 0
ARM GAS  C:\Users\suman\AppData\Local\Temp\ccrFBylt.s 			page 8


 339              	.LVL37:
 340 0000 08B5     		push	{r3, lr}
 341              		.cfi_def_cfa_offset 8
 342              		.cfi_offset 3, -8
 343              		.cfi_offset 14, -4
  62:.\main.c      ****     Lip_WriteCompare1(value);
 344              		.loc 1 62 0
 345 0002 80B2     		uxth	r0, r0
 346              	.LVL38:
 347 0004 FFF7FEFF 		bl	Lip_WriteCompare1
 348              	.LVL39:
 349 0008 08BD     		pop	{r3, pc}
 350              		.cfi_endproc
 351              	.LFE72:
 352              		.size	moveRightLip, .-moveRightLip
 353              		.section	.text.moveLeftLip,"ax",%progbits
 354              		.align	2
 355              		.global	moveLeftLip
 356              		.thumb
 357              		.thumb_func
 358              		.type	moveLeftLip, %function
 359              	moveLeftLip:
 360              	.LFB73:
  63:.\main.c      **** }
  64:.\main.c      **** 
  65:.\main.c      **** void moveLeftLip(int value){
 361              		.loc 1 65 0
 362              		.cfi_startproc
 363              		@ args = 0, pretend = 0, frame = 0
 364              		@ frame_needed = 0, uses_anonymous_args = 0
 365              	.LVL40:
 366 0000 08B5     		push	{r3, lr}
 367              		.cfi_def_cfa_offset 8
 368              		.cfi_offset 3, -8
 369              		.cfi_offset 14, -4
  66:.\main.c      ****     Lip_WriteCompare2(value);
 370              		.loc 1 66 0
 371 0002 80B2     		uxth	r0, r0
 372              	.LVL41:
 373 0004 FFF7FEFF 		bl	Lip_WriteCompare2
 374              	.LVL42:
 375 0008 08BD     		pop	{r3, pc}
 376              		.cfi_endproc
 377              	.LFE73:
 378              		.size	moveLeftLip, .-moveLeftLip
 379              		.section	.text.initializeAllComponenets,"ax",%progbits
 380              		.align	2
 381              		.global	initializeAllComponenets
 382              		.thumb
 383              		.thumb_func
 384              		.type	initializeAllComponenets, %function
 385              	initializeAllComponenets:
 386              	.LFB74:
  67:.\main.c      **** }
  68:.\main.c      **** 
  69:.\main.c      **** void initializeAllComponenets() {
 387              		.loc 1 69 0
ARM GAS  C:\Users\suman\AppData\Local\Temp\ccrFBylt.s 			page 9


 388              		.cfi_startproc
 389              		@ args = 0, pretend = 0, frame = 0
 390              		@ frame_needed = 0, uses_anonymous_args = 0
 391 0000 08B5     		push	{r3, lr}
 392              		.cfi_def_cfa_offset 8
 393              		.cfi_offset 3, -8
 394              		.cfi_offset 14, -4
  70:.\main.c      ****     Right_Eyebrow_Start();
 395              		.loc 1 70 0
 396 0002 FFF7FEFF 		bl	Right_Eyebrow_Start
 397              	.LVL43:
  71:.\main.c      ****     Left_Eyebrow_Start();
 398              		.loc 1 71 0
 399 0006 FFF7FEFF 		bl	Left_Eyebrow_Start
 400              	.LVL44:
  72:.\main.c      ****     Right_Eye_Start();
 401              		.loc 1 72 0
 402 000a FFF7FEFF 		bl	Right_Eye_Start
 403              	.LVL45:
  73:.\main.c      ****     Left_Eye_Start();
 404              		.loc 1 73 0
 405 000e FFF7FEFF 		bl	Left_Eye_Start
 406              	.LVL46:
  74:.\main.c      ****     Neck_Start();
 407              		.loc 1 74 0
 408 0012 FFF7FEFF 		bl	Neck_Start
 409              	.LVL47:
  75:.\main.c      ****     Base_Jaw_Start();
 410              		.loc 1 75 0
 411 0016 FFF7FEFF 		bl	Base_Jaw_Start
 412              	.LVL48:
  76:.\main.c      ****     Lip_Start();
 413              		.loc 1 76 0
 414 001a FFF7FEFF 		bl	Lip_Start
 415              	.LVL49:
  77:.\main.c      ****     Jaw_Start();
 416              		.loc 1 77 0
 417 001e FFF7FEFF 		bl	Jaw_Start
 418              	.LVL50:
 419 0022 08BD     		pop	{r3, pc}
 420              		.cfi_endproc
 421              	.LFE74:
 422              		.size	initializeAllComponenets, .-initializeAllComponenets
 423              		.section	.text.stopAllComponents,"ax",%progbits
 424              		.align	2
 425              		.global	stopAllComponents
 426              		.thumb
 427              		.thumb_func
 428              		.type	stopAllComponents, %function
 429              	stopAllComponents:
 430              	.LFB75:
  78:.\main.c      **** }
  79:.\main.c      **** void stopAllComponents() {
 431              		.loc 1 79 0
 432              		.cfi_startproc
 433              		@ args = 0, pretend = 0, frame = 0
 434              		@ frame_needed = 0, uses_anonymous_args = 0
ARM GAS  C:\Users\suman\AppData\Local\Temp\ccrFBylt.s 			page 10


 435 0000 08B5     		push	{r3, lr}
 436              		.cfi_def_cfa_offset 8
 437              		.cfi_offset 3, -8
 438              		.cfi_offset 14, -4
  80:.\main.c      ****     Right_Eyebrow_Stop();
 439              		.loc 1 80 0
 440 0002 FFF7FEFF 		bl	Right_Eyebrow_Stop
 441              	.LVL51:
 442 0006 08BD     		pop	{r3, pc}
 443              		.cfi_endproc
 444              	.LFE75:
 445              		.size	stopAllComponents, .-stopAllComponents
 446              		.section	.text.main,"ax",%progbits
 447              		.align	2
 448              		.global	main
 449              		.thumb
 450              		.thumb_func
 451              		.type	main, %function
 452              	main:
 453              	.LFB76:
  81:.\main.c      **** }
  82:.\main.c      **** int main(void)
  83:.\main.c      **** {
 454              		.loc 1 83 0
 455              		.cfi_startproc
 456              		@ args = 0, pretend = 0, frame = 0
 457              		@ frame_needed = 0, uses_anonymous_args = 0
 458 0000 08B5     		push	{r3, lr}
 459              		.cfi_def_cfa_offset 8
 460              		.cfi_offset 3, -8
 461              		.cfi_offset 14, -4
  84:.\main.c      ****     CyGlobalIntEnable;
 462              		.loc 1 84 0
 463              	@ 84 ".\main.c" 1
 464 0002 62B6     		CPSIE   i
 465              	@ 0 "" 2
 466              	.LVL52:
  85:.\main.c      ****     int compareVal = 1000;
  86:.\main.c      ****     initializeAllComponenets();
 467              		.loc 1 86 0
 468              		.thumb
 469 0004 FFF7FEFF 		bl	initializeAllComponenets
 470              	.LVL53:
 471              	.L28:
  87:.\main.c      ****     //int compareVal = 0;
  88:.\main.c      ****     
  89:.\main.c      ****     //Value 1000, Means reset
  90:.\main.c      ****     // Value 500 Means 90* rotate
  91:.\main.c      ****     // Value 200 Means next 90* Rotate
  92:.\main.c      ****     
  93:.\main.c      ****     // Basically : if u want 90 degree, value is 500
  94:.\main.c      ****     // If u want 180 degree value is 700
  95:.\main.c      ****     
  96:.\main.c      ****     
  97:.\main.c      ****     for(;;){
  98:.\main.c      ****         /*
  99:.\main.c      ****         sadRightEyebrow(1000);
ARM GAS  C:\Users\suman\AppData\Local\Temp\ccrFBylt.s 			page 11


 100:.\main.c      ****         sadLeftEyebrow(1000);
 101:.\main.c      ****         CyDelay(1500);
 102:.\main.c      ****         moveEyesLeft(1000);
 103:.\main.c      ****         CyDelay(1500);
 104:.\main.c      ****         moveEyesRight(1000);
 105:.\main.c      ****         moveRightLip(1000);
 106:.\main.c      ****         moveLeftLip(1000);
 107:.\main.c      ****         CyDelay(1500);    */    
 108:.\main.c      ****         
 109:.\main.c      ****         sadRightEyebrow(500);
 472              		.loc 1 109 0 discriminator 1
 473 0008 4FF4FA70 		mov	r0, #500
 474 000c FFF7FEFF 		bl	sadRightEyebrow
 475              	.LVL54:
 110:.\main.c      ****         sadLeftEyebrow(500);
 476              		.loc 1 110 0 discriminator 1
 477 0010 4FF4FA70 		mov	r0, #500
 478 0014 FFF7FEFF 		bl	sadLeftEyebrow
 479              	.LVL55:
 111:.\main.c      ****         CyDelay(1500);
 480              		.loc 1 111 0 discriminator 1
 481 0018 40F2DC50 		movw	r0, #1500
 482 001c FFF7FEFF 		bl	CyDelay
 483              	.LVL56:
 112:.\main.c      ****         moveEyesLeft(200);
 484              		.loc 1 112 0 discriminator 1
 485 0020 C820     		movs	r0, #200
 486 0022 FFF7FEFF 		bl	moveEyesLeft
 487              	.LVL57:
 113:.\main.c      ****         moveEyesRight(200);
 488              		.loc 1 113 0 discriminator 1
 489 0026 C820     		movs	r0, #200
 490 0028 FFF7FEFF 		bl	moveEyesRight
 491              	.LVL58:
 114:.\main.c      ****         CyDelay(1500);
 492              		.loc 1 114 0 discriminator 1
 493 002c 40F2DC50 		movw	r0, #1500
 494 0030 FFF7FEFF 		bl	CyDelay
 495              	.LVL59:
 115:.\main.c      ****         moveRightLip(1000);
 496              		.loc 1 115 0 discriminator 1
 497 0034 4FF47A70 		mov	r0, #1000
 498 0038 FFF7FEFF 		bl	moveRightLip
 499              	.LVL60:
 116:.\main.c      ****         moveLeftLip(1000);
 500              		.loc 1 116 0 discriminator 1
 501 003c 4FF47A70 		mov	r0, #1000
 502 0040 FFF7FEFF 		bl	moveLeftLip
 503              	.LVL61:
 117:.\main.c      ****         CyDelay(1500);
 504              		.loc 1 117 0 discriminator 1
 505 0044 40F2DC50 		movw	r0, #1500
 506 0048 FFF7FEFF 		bl	CyDelay
 507              	.LVL62:
 118:.\main.c      ****         
 119:.\main.c      ****         sadRightEyebrow(200);
 508              		.loc 1 119 0 discriminator 1
ARM GAS  C:\Users\suman\AppData\Local\Temp\ccrFBylt.s 			page 12


 509 004c C820     		movs	r0, #200
 510 004e FFF7FEFF 		bl	sadRightEyebrow
 511              	.LVL63:
 120:.\main.c      ****         sadLeftEyebrow(200);
 512              		.loc 1 120 0 discriminator 1
 513 0052 C820     		movs	r0, #200
 514 0054 FFF7FEFF 		bl	sadLeftEyebrow
 515              	.LVL64:
 121:.\main.c      ****         CyDelay(1500);
 516              		.loc 1 121 0 discriminator 1
 517 0058 40F2DC50 		movw	r0, #1500
 518 005c FFF7FEFF 		bl	CyDelay
 519              	.LVL65:
 122:.\main.c      ****         moveEyesLeft(500);
 520              		.loc 1 122 0 discriminator 1
 521 0060 4FF4FA70 		mov	r0, #500
 522 0064 FFF7FEFF 		bl	moveEyesLeft
 523              	.LVL66:
 123:.\main.c      ****         moveEyesRight(500);
 524              		.loc 1 123 0 discriminator 1
 525 0068 4FF4FA70 		mov	r0, #500
 526 006c FFF7FEFF 		bl	moveEyesRight
 527              	.LVL67:
 124:.\main.c      ****         CyDelay(1500);
 528              		.loc 1 124 0 discriminator 1
 529 0070 40F2DC50 		movw	r0, #1500
 530 0074 FFF7FEFF 		bl	CyDelay
 531              	.LVL68:
 125:.\main.c      ****         moveRightLip(200);
 532              		.loc 1 125 0 discriminator 1
 533 0078 C820     		movs	r0, #200
 534 007a FFF7FEFF 		bl	moveRightLip
 535              	.LVL69:
 126:.\main.c      ****         moveLeftLip(200);
 536              		.loc 1 126 0 discriminator 1
 537 007e C820     		movs	r0, #200
 538 0080 FFF7FEFF 		bl	moveLeftLip
 539              	.LVL70:
 127:.\main.c      ****         CyDelay(1500); 
 540              		.loc 1 127 0 discriminator 1
 541 0084 40F2DC50 		movw	r0, #1500
 542 0088 FFF7FEFF 		bl	CyDelay
 543              	.LVL71:
 128:.\main.c      ****         
 129:.\main.c      ****         moveNeck();
 544              		.loc 1 129 0 discriminator 1
 545 008c FFF7FEFF 		bl	moveNeck
 546              	.LVL72:
 130:.\main.c      ****         tiltNeck();
 547              		.loc 1 130 0 discriminator 1
 548 0090 FFF7FEFF 		bl	tiltNeck
 549              	.LVL73:
 131:.\main.c      ****         rotateHead();
 550              		.loc 1 131 0 discriminator 1
 551 0094 FFF7FEFF 		bl	rotateHead
 552              	.LVL74:
 132:.\main.c      ****         CyDelay(1500); 
ARM GAS  C:\Users\suman\AppData\Local\Temp\ccrFBylt.s 			page 13


 553              		.loc 1 132 0 discriminator 1
 554 0098 40F2DC50 		movw	r0, #1500
 555 009c FFF7FEFF 		bl	CyDelay
 556              	.LVL75:
 133:.\main.c      ****         moveJaw();
 557              		.loc 1 133 0 discriminator 1
 558 00a0 FFF7FEFF 		bl	moveJaw
 559              	.LVL76:
 134:.\main.c      ****     }
 560              		.loc 1 134 0 discriminator 1
 561 00a4 B0E7     		b	.L28
 562              		.cfi_endproc
 563              	.LFE76:
 564              		.size	main, .-main
 565 00a6 00BF     		.text
 566              	.Letext0:
 567              		.file 2 "f:\\apps\\psoc creator\\3.3\\psoc creator\\import\\gnu\\arm\\4.9.3\\arm-none-eabi\\includ
 568              		.file 3 "f:\\apps\\psoc creator\\3.3\\psoc creator\\import\\gnu\\arm\\4.9.3\\arm-none-eabi\\includ
 569              		.file 4 "Generated_Source\\PSoC5/cytypes.h"
 570              		.file 5 "Generated_Source\\PSoC5/Right_Eyebrow.h"
 571              		.file 6 "Generated_Source\\PSoC5/Left_Eyebrow.h"
 572              		.file 7 "Generated_Source\\PSoC5/Right_Eye.h"
 573              		.file 8 "Generated_Source\\PSoC5/Left_Eye.h"
 574              		.file 9 "Generated_Source\\PSoC5/Neck.h"
 575              		.file 10 "Generated_Source\\PSoC5/CyLib.h"
 576              		.file 11 "Generated_Source\\PSoC5/Base_Jaw.h"
 577              		.file 12 "Generated_Source\\PSoC5/Jaw.h"
 578              		.file 13 "Generated_Source\\PSoC5/Lip.h"
 579              		.file 14 "Generated_Source\\PSoC5/core_cm3.h"
 580              		.section	.debug_info,"",%progbits
 581              	.Ldebug_info0:
 582 0000 FD070000 		.4byte	0x7fd
 583 0004 0400     		.2byte	0x4
 584 0006 00000000 		.4byte	.Ldebug_abbrev0
 585 000a 04       		.byte	0x4
 586 000b 01       		.uleb128 0x1
 587 000c E5010000 		.4byte	.LASF55
 588 0010 01       		.byte	0x1
 589 0011 0F010000 		.4byte	.LASF56
 590 0015 F2020000 		.4byte	.LASF57
 591 0019 00000000 		.4byte	.Ldebug_ranges0+0
 592 001d 00000000 		.4byte	0
 593 0021 00000000 		.4byte	.Ldebug_line0
 594 0025 02       		.uleb128 0x2
 595 0026 01       		.byte	0x1
 596 0027 06       		.byte	0x6
 597 0028 E8030000 		.4byte	.LASF0
 598 002c 02       		.uleb128 0x2
 599 002d 01       		.byte	0x1
 600 002e 08       		.byte	0x8
 601 002f 83020000 		.4byte	.LASF1
 602 0033 02       		.uleb128 0x2
 603 0034 02       		.byte	0x2
 604 0035 05       		.byte	0x5
 605 0036 97010000 		.4byte	.LASF2
 606 003a 02       		.uleb128 0x2
 607 003b 02       		.byte	0x2
ARM GAS  C:\Users\suman\AppData\Local\Temp\ccrFBylt.s 			page 14


 608 003c 07       		.byte	0x7
 609 003d 2B010000 		.4byte	.LASF3
 610 0041 03       		.uleb128 0x3
 611 0042 5A000000 		.4byte	.LASF9
 612 0046 02       		.byte	0x2
 613 0047 3F       		.byte	0x3f
 614 0048 4C000000 		.4byte	0x4c
 615 004c 02       		.uleb128 0x2
 616 004d 04       		.byte	0x4
 617 004e 05       		.byte	0x5
 618 004f D6030000 		.4byte	.LASF4
 619 0053 02       		.uleb128 0x2
 620 0054 04       		.byte	0x4
 621 0055 07       		.byte	0x7
 622 0056 7A010000 		.4byte	.LASF5
 623 005a 02       		.uleb128 0x2
 624 005b 08       		.byte	0x8
 625 005c 05       		.byte	0x5
 626 005d 67030000 		.4byte	.LASF6
 627 0061 02       		.uleb128 0x2
 628 0062 08       		.byte	0x8
 629 0063 07       		.byte	0x7
 630 0064 CC020000 		.4byte	.LASF7
 631 0068 04       		.uleb128 0x4
 632 0069 04       		.byte	0x4
 633 006a 05       		.byte	0x5
 634 006b 696E7400 		.ascii	"int\000"
 635 006f 02       		.uleb128 0x2
 636 0070 04       		.byte	0x4
 637 0071 07       		.byte	0x7
 638 0072 91020000 		.4byte	.LASF8
 639 0076 03       		.uleb128 0x3
 640 0077 56030000 		.4byte	.LASF10
 641 007b 03       		.byte	0x3
 642 007c 2C       		.byte	0x2c
 643 007d 41000000 		.4byte	0x41
 644 0081 05       		.uleb128 0x5
 645 0082 A1010000 		.4byte	.LASF11
 646 0086 04       		.byte	0x4
 647 0087 9301     		.2byte	0x193
 648 0089 3A000000 		.4byte	0x3a
 649 008d 05       		.uleb128 0x5
 650 008e DE010000 		.4byte	.LASF12
 651 0092 04       		.byte	0x4
 652 0093 9401     		.2byte	0x194
 653 0095 53000000 		.4byte	0x53
 654 0099 02       		.uleb128 0x2
 655 009a 04       		.byte	0x4
 656 009b 04       		.byte	0x4
 657 009c BF000000 		.4byte	.LASF13
 658 00a0 02       		.uleb128 0x2
 659 00a1 08       		.byte	0x8
 660 00a2 04       		.byte	0x4
 661 00a3 91000000 		.4byte	.LASF14
 662 00a7 02       		.uleb128 0x2
 663 00a8 01       		.byte	0x1
 664 00a9 08       		.byte	0x8
ARM GAS  C:\Users\suman\AppData\Local\Temp\ccrFBylt.s 			page 15


 665 00aa 75030000 		.4byte	.LASF15
 666 00ae 02       		.uleb128 0x2
 667 00af 04       		.byte	0x4
 668 00b0 07       		.byte	0x7
 669 00b1 5E030000 		.4byte	.LASF16
 670 00b5 06       		.uleb128 0x6
 671 00b6 B7030000 		.4byte	.LASF17
 672 00ba 01       		.byte	0x1
 673 00bb 03       		.byte	0x3
 674 00bc 00000000 		.4byte	.LFB63
 675 00c0 12000000 		.4byte	.LFE63-.LFB63
 676 00c4 01       		.uleb128 0x1
 677 00c5 9C       		.byte	0x9c
 678 00c6 FE000000 		.4byte	0xfe
 679 00ca 07       		.uleb128 0x7
 680 00cb 54000000 		.4byte	.LASF19
 681 00cf 01       		.byte	0x1
 682 00d0 03       		.byte	0x3
 683 00d1 68000000 		.4byte	0x68
 684 00d5 00000000 		.4byte	.LLST0
 685 00d9 08       		.uleb128 0x8
 686 00da 0A000000 		.4byte	.LVL2
 687 00de C2060000 		.4byte	0x6c2
 688 00e2 ED000000 		.4byte	0xed
 689 00e6 09       		.uleb128 0x9
 690 00e7 01       		.uleb128 0x1
 691 00e8 50       		.byte	0x50
 692 00e9 02       		.uleb128 0x2
 693 00ea 74       		.byte	0x74
 694 00eb 00       		.sleb128 0
 695 00ec 00       		.byte	0
 696 00ed 0A       		.uleb128 0xa
 697 00ee 10000000 		.4byte	.LVL3
 698 00f2 D3060000 		.4byte	0x6d3
 699 00f6 09       		.uleb128 0x9
 700 00f7 01       		.uleb128 0x1
 701 00f8 50       		.byte	0x50
 702 00f9 02       		.uleb128 0x2
 703 00fa 74       		.byte	0x74
 704 00fb 00       		.sleb128 0
 705 00fc 00       		.byte	0
 706 00fd 00       		.byte	0
 707 00fe 06       		.uleb128 0x6
 708 00ff E3020000 		.4byte	.LASF18
 709 0103 01       		.byte	0x1
 710 0104 08       		.byte	0x8
 711 0105 00000000 		.4byte	.LFB64
 712 0109 12000000 		.4byte	.LFE64-.LFB64
 713 010d 01       		.uleb128 0x1
 714 010e 9C       		.byte	0x9c
 715 010f 47010000 		.4byte	0x147
 716 0113 07       		.uleb128 0x7
 717 0114 54000000 		.4byte	.LASF19
 718 0118 01       		.byte	0x1
 719 0119 08       		.byte	0x8
 720 011a 68000000 		.4byte	0x68
 721 011e 21000000 		.4byte	.LLST1
ARM GAS  C:\Users\suman\AppData\Local\Temp\ccrFBylt.s 			page 16


 722 0122 08       		.uleb128 0x8
 723 0123 0A000000 		.4byte	.LVL6
 724 0127 E4060000 		.4byte	0x6e4
 725 012b 36010000 		.4byte	0x136
 726 012f 09       		.uleb128 0x9
 727 0130 01       		.uleb128 0x1
 728 0131 50       		.byte	0x50
 729 0132 02       		.uleb128 0x2
 730 0133 74       		.byte	0x74
 731 0134 00       		.sleb128 0
 732 0135 00       		.byte	0
 733 0136 0A       		.uleb128 0xa
 734 0137 10000000 		.4byte	.LVL7
 735 013b F5060000 		.4byte	0x6f5
 736 013f 09       		.uleb128 0x9
 737 0140 01       		.uleb128 0x1
 738 0141 50       		.byte	0x50
 739 0142 02       		.uleb128 0x2
 740 0143 74       		.byte	0x74
 741 0144 00       		.sleb128 0
 742 0145 00       		.byte	0
 743 0146 00       		.byte	0
 744 0147 06       		.uleb128 0x6
 745 0148 64010000 		.4byte	.LASF20
 746 014c 01       		.byte	0x1
 747 014d 0D       		.byte	0xd
 748 014e 00000000 		.4byte	.LFB65
 749 0152 12000000 		.4byte	.LFE65-.LFB65
 750 0156 01       		.uleb128 0x1
 751 0157 9C       		.byte	0x9c
 752 0158 90010000 		.4byte	0x190
 753 015c 07       		.uleb128 0x7
 754 015d 54000000 		.4byte	.LASF19
 755 0161 01       		.byte	0x1
 756 0162 0D       		.byte	0xd
 757 0163 68000000 		.4byte	0x68
 758 0167 42000000 		.4byte	.LLST2
 759 016b 08       		.uleb128 0x8
 760 016c 0A000000 		.4byte	.LVL10
 761 0170 06070000 		.4byte	0x706
 762 0174 7F010000 		.4byte	0x17f
 763 0178 09       		.uleb128 0x9
 764 0179 01       		.uleb128 0x1
 765 017a 50       		.byte	0x50
 766 017b 02       		.uleb128 0x2
 767 017c 74       		.byte	0x74
 768 017d 00       		.sleb128 0
 769 017e 00       		.byte	0
 770 017f 0A       		.uleb128 0xa
 771 0180 10000000 		.4byte	.LVL11
 772 0184 17070000 		.4byte	0x717
 773 0188 09       		.uleb128 0x9
 774 0189 01       		.uleb128 0x1
 775 018a 50       		.byte	0x50
 776 018b 02       		.uleb128 0x2
 777 018c 74       		.byte	0x74
 778 018d 00       		.sleb128 0
ARM GAS  C:\Users\suman\AppData\Local\Temp\ccrFBylt.s 			page 17


 779 018e 00       		.byte	0
 780 018f 00       		.byte	0
 781 0190 06       		.uleb128 0x6
 782 0191 A7000000 		.4byte	.LASF21
 783 0195 01       		.byte	0x1
 784 0196 12       		.byte	0x12
 785 0197 00000000 		.4byte	.LFB66
 786 019b 12000000 		.4byte	.LFE66-.LFB66
 787 019f 01       		.uleb128 0x1
 788 01a0 9C       		.byte	0x9c
 789 01a1 D9010000 		.4byte	0x1d9
 790 01a5 07       		.uleb128 0x7
 791 01a6 54000000 		.4byte	.LASF19
 792 01aa 01       		.byte	0x1
 793 01ab 12       		.byte	0x12
 794 01ac 68000000 		.4byte	0x68
 795 01b0 63000000 		.4byte	.LLST3
 796 01b4 08       		.uleb128 0x8
 797 01b5 0A000000 		.4byte	.LVL14
 798 01b9 28070000 		.4byte	0x728
 799 01bd C8010000 		.4byte	0x1c8
 800 01c1 09       		.uleb128 0x9
 801 01c2 01       		.uleb128 0x1
 802 01c3 50       		.byte	0x50
 803 01c4 02       		.uleb128 0x2
 804 01c5 74       		.byte	0x74
 805 01c6 00       		.sleb128 0
 806 01c7 00       		.byte	0
 807 01c8 0A       		.uleb128 0xa
 808 01c9 10000000 		.4byte	.LVL15
 809 01cd 39070000 		.4byte	0x739
 810 01d1 09       		.uleb128 0x9
 811 01d2 01       		.uleb128 0x1
 812 01d3 50       		.byte	0x50
 813 01d4 02       		.uleb128 0x2
 814 01d5 74       		.byte	0x74
 815 01d6 00       		.sleb128 0
 816 01d7 00       		.byte	0
 817 01d8 00       		.byte	0
 818 01d9 0B       		.uleb128 0xb
 819 01da 71010000 		.4byte	.LASF22
 820 01de 01       		.byte	0x1
 821 01df 17       		.byte	0x17
 822 01e0 00000000 		.4byte	.LFB67
 823 01e4 14000000 		.4byte	.LFE67-.LFB67
 824 01e8 01       		.uleb128 0x1
 825 01e9 9C       		.byte	0x9c
 826 01ea 15020000 		.4byte	0x215
 827 01ee 08       		.uleb128 0x8
 828 01ef 0A000000 		.4byte	.LVL16
 829 01f3 47010000 		.4byte	0x147
 830 01f7 03020000 		.4byte	0x203
 831 01fb 09       		.uleb128 0x9
 832 01fc 01       		.uleb128 0x1
 833 01fd 50       		.byte	0x50
 834 01fe 03       		.uleb128 0x3
 835 01ff 0A       		.byte	0xa
ARM GAS  C:\Users\suman\AppData\Local\Temp\ccrFBylt.s 			page 18


 836 0200 E803     		.2byte	0x3e8
 837 0202 00       		.byte	0
 838 0203 0A       		.uleb128 0xa
 839 0204 12000000 		.4byte	.LVL17
 840 0208 90010000 		.4byte	0x190
 841 020c 09       		.uleb128 0x9
 842 020d 01       		.uleb128 0x1
 843 020e 50       		.byte	0x50
 844 020f 03       		.uleb128 0x3
 845 0210 0A       		.byte	0xa
 846 0211 E803     		.2byte	0x3e8
 847 0213 00       		.byte	0
 848 0214 00       		.byte	0
 849 0215 0B       		.uleb128 0xb
 850 0216 88000000 		.4byte	.LASF23
 851 021a 01       		.byte	0x1
 852 021b 1C       		.byte	0x1c
 853 021c 00000000 		.4byte	.LFB68
 854 0220 2C000000 		.4byte	.LFE68-.LFB68
 855 0224 01       		.uleb128 0x1
 856 0225 9C       		.byte	0x9c
 857 0226 90020000 		.4byte	0x290
 858 022a 08       		.uleb128 0x8
 859 022b 0A000000 		.4byte	.LVL18
 860 022f 4A070000 		.4byte	0x74a
 861 0233 3F020000 		.4byte	0x23f
 862 0237 09       		.uleb128 0x9
 863 0238 01       		.uleb128 0x1
 864 0239 50       		.byte	0x50
 865 023a 03       		.uleb128 0x3
 866 023b 0A       		.byte	0xa
 867 023c BC02     		.2byte	0x2bc
 868 023e 00       		.byte	0
 869 023f 08       		.uleb128 0x8
 870 0240 12000000 		.4byte	.LVL19
 871 0244 5B070000 		.4byte	0x75b
 872 0248 54020000 		.4byte	0x254
 873 024c 09       		.uleb128 0x9
 874 024d 01       		.uleb128 0x1
 875 024e 50       		.byte	0x50
 876 024f 03       		.uleb128 0x3
 877 0250 0A       		.byte	0xa
 878 0251 BC02     		.2byte	0x2bc
 879 0253 00       		.byte	0
 880 0254 08       		.uleb128 0x8
 881 0255 1A000000 		.4byte	.LVL20
 882 0259 6C070000 		.4byte	0x76c
 883 025d 69020000 		.4byte	0x269
 884 0261 09       		.uleb128 0x9
 885 0262 01       		.uleb128 0x1
 886 0263 50       		.byte	0x50
 887 0264 03       		.uleb128 0x3
 888 0265 0A       		.byte	0xa
 889 0266 D007     		.2byte	0x7d0
 890 0268 00       		.byte	0
 891 0269 08       		.uleb128 0x8
 892 026a 22000000 		.4byte	.LVL21
ARM GAS  C:\Users\suman\AppData\Local\Temp\ccrFBylt.s 			page 19


 893 026e 4A070000 		.4byte	0x74a
 894 0272 7E020000 		.4byte	0x27e
 895 0276 09       		.uleb128 0x9
 896 0277 01       		.uleb128 0x1
 897 0278 50       		.byte	0x50
 898 0279 03       		.uleb128 0x3
 899 027a 0A       		.byte	0xa
 900 027b E803     		.2byte	0x3e8
 901 027d 00       		.byte	0
 902 027e 0A       		.uleb128 0xa
 903 027f 2A000000 		.4byte	.LVL22
 904 0283 5B070000 		.4byte	0x75b
 905 0287 09       		.uleb128 0x9
 906 0288 01       		.uleb128 0x1
 907 0289 50       		.byte	0x50
 908 028a 03       		.uleb128 0x3
 909 028b 0A       		.byte	0xa
 910 028c E803     		.2byte	0x3e8
 911 028e 00       		.byte	0
 912 028f 00       		.byte	0
 913 0290 0B       		.uleb128 0xb
 914 0291 7A030000 		.4byte	.LASF24
 915 0295 01       		.byte	0x1
 916 0296 26       		.byte	0x26
 917 0297 00000000 		.4byte	.LFB69
 918 029b 1C000000 		.4byte	.LFE69-.LFB69
 919 029f 01       		.uleb128 0x1
 920 02a0 9C       		.byte	0x9c
 921 02a1 E1020000 		.4byte	0x2e1
 922 02a5 08       		.uleb128 0x8
 923 02a6 0A000000 		.4byte	.LVL23
 924 02aa 7D070000 		.4byte	0x77d
 925 02ae BA020000 		.4byte	0x2ba
 926 02b2 09       		.uleb128 0x9
 927 02b3 01       		.uleb128 0x1
 928 02b4 50       		.byte	0x50
 929 02b5 03       		.uleb128 0x3
 930 02b6 0A       		.byte	0xa
 931 02b7 BC02     		.2byte	0x2bc
 932 02b9 00       		.byte	0
 933 02ba 08       		.uleb128 0x8
 934 02bb 12000000 		.4byte	.LVL24
 935 02bf 6C070000 		.4byte	0x76c
 936 02c3 CF020000 		.4byte	0x2cf
 937 02c7 09       		.uleb128 0x9
 938 02c8 01       		.uleb128 0x1
 939 02c9 50       		.byte	0x50
 940 02ca 03       		.uleb128 0x3
 941 02cb 0A       		.byte	0xa
 942 02cc B80B     		.2byte	0xbb8
 943 02ce 00       		.byte	0
 944 02cf 0A       		.uleb128 0xa
 945 02d0 1A000000 		.4byte	.LVL25
 946 02d4 7D070000 		.4byte	0x77d
 947 02d8 09       		.uleb128 0x9
 948 02d9 01       		.uleb128 0x1
 949 02da 50       		.byte	0x50
ARM GAS  C:\Users\suman\AppData\Local\Temp\ccrFBylt.s 			page 20


 950 02db 03       		.uleb128 0x3
 951 02dc 0A       		.byte	0xa
 952 02dd E803     		.2byte	0x3e8
 953 02df 00       		.byte	0
 954 02e0 00       		.byte	0
 955 02e1 0B       		.uleb128 0xb
 956 02e2 DF030000 		.4byte	.LASF25
 957 02e6 01       		.byte	0x1
 958 02e7 2C       		.byte	0x2c
 959 02e8 00000000 		.4byte	.LFB70
 960 02ec 3C000000 		.4byte	.LFE70-.LFB70
 961 02f0 01       		.uleb128 0x1
 962 02f1 9C       		.byte	0x9c
 963 02f2 86030000 		.4byte	0x386
 964 02f6 08       		.uleb128 0x8
 965 02f7 0A000000 		.4byte	.LVL26
 966 02fb 4A070000 		.4byte	0x74a
 967 02ff 0B030000 		.4byte	0x30b
 968 0303 09       		.uleb128 0x9
 969 0304 01       		.uleb128 0x1
 970 0305 50       		.byte	0x50
 971 0306 03       		.uleb128 0x3
 972 0307 0A       		.byte	0xa
 973 0308 BC02     		.2byte	0x2bc
 974 030a 00       		.byte	0
 975 030b 08       		.uleb128 0x8
 976 030c 12000000 		.4byte	.LVL27
 977 0310 6C070000 		.4byte	0x76c
 978 0314 20030000 		.4byte	0x320
 979 0318 09       		.uleb128 0x9
 980 0319 01       		.uleb128 0x1
 981 031a 50       		.byte	0x50
 982 031b 03       		.uleb128 0x3
 983 031c 0A       		.byte	0xa
 984 031d E803     		.2byte	0x3e8
 985 031f 00       		.byte	0
 986 0320 08       		.uleb128 0x8
 987 0321 1A000000 		.4byte	.LVL28
 988 0325 4A070000 		.4byte	0x74a
 989 0329 35030000 		.4byte	0x335
 990 032d 09       		.uleb128 0x9
 991 032e 01       		.uleb128 0x1
 992 032f 50       		.byte	0x50
 993 0330 03       		.uleb128 0x3
 994 0331 0A       		.byte	0xa
 995 0332 E803     		.2byte	0x3e8
 996 0334 00       		.byte	0
 997 0335 08       		.uleb128 0x8
 998 0336 22000000 		.4byte	.LVL29
 999 033a 6C070000 		.4byte	0x76c
 1000 033e 4A030000 		.4byte	0x34a
 1001 0342 09       		.uleb128 0x9
 1002 0343 01       		.uleb128 0x1
 1003 0344 50       		.byte	0x50
 1004 0345 03       		.uleb128 0x3
 1005 0346 0A       		.byte	0xa
 1006 0347 E803     		.2byte	0x3e8
ARM GAS  C:\Users\suman\AppData\Local\Temp\ccrFBylt.s 			page 21


 1007 0349 00       		.byte	0
 1008 034a 08       		.uleb128 0x8
 1009 034b 2A000000 		.4byte	.LVL30
 1010 034f 5B070000 		.4byte	0x75b
 1011 0353 5F030000 		.4byte	0x35f
 1012 0357 09       		.uleb128 0x9
 1013 0358 01       		.uleb128 0x1
 1014 0359 50       		.byte	0x50
 1015 035a 03       		.uleb128 0x3
 1016 035b 0A       		.byte	0xa
 1017 035c BC02     		.2byte	0x2bc
 1018 035e 00       		.byte	0
 1019 035f 08       		.uleb128 0x8
 1020 0360 32000000 		.4byte	.LVL31
 1021 0364 6C070000 		.4byte	0x76c
 1022 0368 74030000 		.4byte	0x374
 1023 036c 09       		.uleb128 0x9
 1024 036d 01       		.uleb128 0x1
 1025 036e 50       		.byte	0x50
 1026 036f 03       		.uleb128 0x3
 1027 0370 0A       		.byte	0xa
 1028 0371 E803     		.2byte	0x3e8
 1029 0373 00       		.byte	0
 1030 0374 0A       		.uleb128 0xa
 1031 0375 3A000000 		.4byte	.LVL32
 1032 0379 5B070000 		.4byte	0x75b
 1033 037d 09       		.uleb128 0x9
 1034 037e 01       		.uleb128 0x1
 1035 037f 50       		.byte	0x50
 1036 0380 03       		.uleb128 0x3
 1037 0381 0A       		.byte	0xa
 1038 0382 E803     		.2byte	0x3e8
 1039 0384 00       		.byte	0
 1040 0385 00       		.byte	0
 1041 0386 0B       		.uleb128 0xb
 1042 0387 98030000 		.4byte	.LASF26
 1043 038b 01       		.byte	0x1
 1044 038c 36       		.byte	0x36
 1045 038d 00000000 		.4byte	.LFB71
 1046 0391 22000000 		.4byte	.LFE71-.LFB71
 1047 0395 01       		.uleb128 0x1
 1048 0396 9C       		.byte	0x9c
 1049 0397 EB030000 		.4byte	0x3eb
 1050 039b 08       		.uleb128 0x8
 1051 039c 08000000 		.4byte	.LVL33
 1052 03a0 8E070000 		.4byte	0x78e
 1053 03a4 AF030000 		.4byte	0x3af
 1054 03a8 09       		.uleb128 0x9
 1055 03a9 01       		.uleb128 0x1
 1056 03aa 50       		.byte	0x50
 1057 03ab 02       		.uleb128 0x2
 1058 03ac 08       		.byte	0x8
 1059 03ad C8       		.byte	0xc8
 1060 03ae 00       		.byte	0
 1061 03af 08       		.uleb128 0x8
 1062 03b0 10000000 		.4byte	.LVL34
 1063 03b4 6C070000 		.4byte	0x76c
ARM GAS  C:\Users\suman\AppData\Local\Temp\ccrFBylt.s 			page 22


 1064 03b8 C4030000 		.4byte	0x3c4
 1065 03bc 09       		.uleb128 0x9
 1066 03bd 01       		.uleb128 0x1
 1067 03be 50       		.byte	0x50
 1068 03bf 03       		.uleb128 0x3
 1069 03c0 0A       		.byte	0xa
 1070 03c1 E803     		.2byte	0x3e8
 1071 03c3 00       		.byte	0
 1072 03c4 08       		.uleb128 0x8
 1073 03c5 18000000 		.4byte	.LVL35
 1074 03c9 8E070000 		.4byte	0x78e
 1075 03cd D9030000 		.4byte	0x3d9
 1076 03d1 09       		.uleb128 0x9
 1077 03d2 01       		.uleb128 0x1
 1078 03d3 50       		.byte	0x50
 1079 03d4 03       		.uleb128 0x3
 1080 03d5 0A       		.byte	0xa
 1081 03d6 E803     		.2byte	0x3e8
 1082 03d8 00       		.byte	0
 1083 03d9 0A       		.uleb128 0xa
 1084 03da 20000000 		.4byte	.LVL36
 1085 03de 6C070000 		.4byte	0x76c
 1086 03e2 09       		.uleb128 0x9
 1087 03e3 01       		.uleb128 0x1
 1088 03e4 50       		.byte	0x50
 1089 03e5 03       		.uleb128 0x3
 1090 03e6 0A       		.byte	0xa
 1091 03e7 E803     		.2byte	0x3e8
 1092 03e9 00       		.byte	0
 1093 03ea 00       		.byte	0
 1094 03eb 06       		.uleb128 0x6
 1095 03ec FE030000 		.4byte	.LASF27
 1096 03f0 01       		.byte	0x1
 1097 03f1 3D       		.byte	0x3d
 1098 03f2 00000000 		.4byte	.LFB72
 1099 03f6 0A000000 		.4byte	.LFE72-.LFB72
 1100 03fa 01       		.uleb128 0x1
 1101 03fb 9C       		.byte	0x9c
 1102 03fc 21040000 		.4byte	0x421
 1103 0400 07       		.uleb128 0x7
 1104 0401 54000000 		.4byte	.LASF19
 1105 0405 01       		.byte	0x1
 1106 0406 3D       		.byte	0x3d
 1107 0407 68000000 		.4byte	0x68
 1108 040b 84000000 		.4byte	.LLST4
 1109 040f 0A       		.uleb128 0xa
 1110 0410 08000000 		.4byte	.LVL39
 1111 0414 9F070000 		.4byte	0x79f
 1112 0418 09       		.uleb128 0x9
 1113 0419 01       		.uleb128 0x1
 1114 041a 50       		.byte	0x50
 1115 041b 03       		.uleb128 0x3
 1116 041c F3       		.byte	0xf3
 1117 041d 01       		.uleb128 0x1
 1118 041e 50       		.byte	0x50
 1119 041f 00       		.byte	0
 1120 0420 00       		.byte	0
ARM GAS  C:\Users\suman\AppData\Local\Temp\ccrFBylt.s 			page 23


 1121 0421 06       		.uleb128 0x6
 1122 0422 4A030000 		.4byte	.LASF28
 1123 0426 01       		.byte	0x1
 1124 0427 41       		.byte	0x41
 1125 0428 00000000 		.4byte	.LFB73
 1126 042c 0A000000 		.4byte	.LFE73-.LFB73
 1127 0430 01       		.uleb128 0x1
 1128 0431 9C       		.byte	0x9c
 1129 0432 57040000 		.4byte	0x457
 1130 0436 07       		.uleb128 0x7
 1131 0437 54000000 		.4byte	.LASF19
 1132 043b 01       		.byte	0x1
 1133 043c 41       		.byte	0x41
 1134 043d 68000000 		.4byte	0x68
 1135 0441 A5000000 		.4byte	.LLST5
 1136 0445 0A       		.uleb128 0xa
 1137 0446 08000000 		.4byte	.LVL42
 1138 044a B0070000 		.4byte	0x7b0
 1139 044e 09       		.uleb128 0x9
 1140 044f 01       		.uleb128 0x1
 1141 0450 50       		.byte	0x50
 1142 0451 03       		.uleb128 0x3
 1143 0452 F3       		.byte	0xf3
 1144 0453 01       		.uleb128 0x1
 1145 0454 50       		.byte	0x50
 1146 0455 00       		.byte	0
 1147 0456 00       		.byte	0
 1148 0457 0B       		.uleb128 0xb
 1149 0458 3B000000 		.4byte	.LASF29
 1150 045c 01       		.byte	0x1
 1151 045d 45       		.byte	0x45
 1152 045e 00000000 		.4byte	.LFB74
 1153 0462 24000000 		.4byte	.LFE74-.LFB74
 1154 0466 01       		.uleb128 0x1
 1155 0467 9C       		.byte	0x9c
 1156 0468 B5040000 		.4byte	0x4b5
 1157 046c 0C       		.uleb128 0xc
 1158 046d 06000000 		.4byte	.LVL43
 1159 0471 C1070000 		.4byte	0x7c1
 1160 0475 0C       		.uleb128 0xc
 1161 0476 0A000000 		.4byte	.LVL44
 1162 047a C8070000 		.4byte	0x7c8
 1163 047e 0C       		.uleb128 0xc
 1164 047f 0E000000 		.4byte	.LVL45
 1165 0483 CF070000 		.4byte	0x7cf
 1166 0487 0C       		.uleb128 0xc
 1167 0488 12000000 		.4byte	.LVL46
 1168 048c D6070000 		.4byte	0x7d6
 1169 0490 0C       		.uleb128 0xc
 1170 0491 16000000 		.4byte	.LVL47
 1171 0495 DD070000 		.4byte	0x7dd
 1172 0499 0C       		.uleb128 0xc
 1173 049a 1A000000 		.4byte	.LVL48
 1174 049e E4070000 		.4byte	0x7e4
 1175 04a2 0C       		.uleb128 0xc
 1176 04a3 1E000000 		.4byte	.LVL49
 1177 04a7 EB070000 		.4byte	0x7eb
ARM GAS  C:\Users\suman\AppData\Local\Temp\ccrFBylt.s 			page 24


 1178 04ab 0C       		.uleb128 0xc
 1179 04ac 22000000 		.4byte	.LVL50
 1180 04b0 F2070000 		.4byte	0x7f2
 1181 04b4 00       		.byte	0
 1182 04b5 0B       		.uleb128 0xb
 1183 04b6 64000000 		.4byte	.LASF30
 1184 04ba 01       		.byte	0x1
 1185 04bb 4F       		.byte	0x4f
 1186 04bc 00000000 		.4byte	.LFB75
 1187 04c0 08000000 		.4byte	.LFE75-.LFB75
 1188 04c4 01       		.uleb128 0x1
 1189 04c5 9C       		.byte	0x9c
 1190 04c6 D4040000 		.4byte	0x4d4
 1191 04ca 0C       		.uleb128 0xc
 1192 04cb 06000000 		.4byte	.LVL51
 1193 04cf F9070000 		.4byte	0x7f9
 1194 04d3 00       		.byte	0
 1195 04d4 0D       		.uleb128 0xd
 1196 04d5 38030000 		.4byte	.LASF58
 1197 04d9 01       		.byte	0x1
 1198 04da 52       		.byte	0x52
 1199 04db 68000000 		.4byte	0x68
 1200 04df 00000000 		.4byte	.LFB76
 1201 04e3 A6000000 		.4byte	.LFE76-.LFB76
 1202 04e7 01       		.uleb128 0x1
 1203 04e8 9C       		.byte	0x9c
 1204 04e9 B1060000 		.4byte	0x6b1
 1205 04ed 0E       		.uleb128 0xe
 1206 04ee 8C010000 		.4byte	.LASF59
 1207 04f2 01       		.byte	0x1
 1208 04f3 55       		.byte	0x55
 1209 04f4 68000000 		.4byte	0x68
 1210 04f8 E803     		.2byte	0x3e8
 1211 04fa 0C       		.uleb128 0xc
 1212 04fb 08000000 		.4byte	.LVL53
 1213 04ff 57040000 		.4byte	0x457
 1214 0503 08       		.uleb128 0x8
 1215 0504 10000000 		.4byte	.LVL54
 1216 0508 B5000000 		.4byte	0xb5
 1217 050c 18050000 		.4byte	0x518
 1218 0510 09       		.uleb128 0x9
 1219 0511 01       		.uleb128 0x1
 1220 0512 50       		.byte	0x50
 1221 0513 03       		.uleb128 0x3
 1222 0514 0A       		.byte	0xa
 1223 0515 F401     		.2byte	0x1f4
 1224 0517 00       		.byte	0
 1225 0518 08       		.uleb128 0x8
 1226 0519 18000000 		.4byte	.LVL55
 1227 051d FE000000 		.4byte	0xfe
 1228 0521 2D050000 		.4byte	0x52d
 1229 0525 09       		.uleb128 0x9
 1230 0526 01       		.uleb128 0x1
 1231 0527 50       		.byte	0x50
 1232 0528 03       		.uleb128 0x3
 1233 0529 0A       		.byte	0xa
 1234 052a F401     		.2byte	0x1f4
ARM GAS  C:\Users\suman\AppData\Local\Temp\ccrFBylt.s 			page 25


 1235 052c 00       		.byte	0
 1236 052d 08       		.uleb128 0x8
 1237 052e 20000000 		.4byte	.LVL56
 1238 0532 6C070000 		.4byte	0x76c
 1239 0536 42050000 		.4byte	0x542
 1240 053a 09       		.uleb128 0x9
 1241 053b 01       		.uleb128 0x1
 1242 053c 50       		.byte	0x50
 1243 053d 03       		.uleb128 0x3
 1244 053e 0A       		.byte	0xa
 1245 053f DC05     		.2byte	0x5dc
 1246 0541 00       		.byte	0
 1247 0542 08       		.uleb128 0x8
 1248 0543 26000000 		.4byte	.LVL57
 1249 0547 47010000 		.4byte	0x147
 1250 054b 56050000 		.4byte	0x556
 1251 054f 09       		.uleb128 0x9
 1252 0550 01       		.uleb128 0x1
 1253 0551 50       		.byte	0x50
 1254 0552 02       		.uleb128 0x2
 1255 0553 08       		.byte	0x8
 1256 0554 C8       		.byte	0xc8
 1257 0555 00       		.byte	0
 1258 0556 08       		.uleb128 0x8
 1259 0557 2C000000 		.4byte	.LVL58
 1260 055b 90010000 		.4byte	0x190
 1261 055f 6A050000 		.4byte	0x56a
 1262 0563 09       		.uleb128 0x9
 1263 0564 01       		.uleb128 0x1
 1264 0565 50       		.byte	0x50
 1265 0566 02       		.uleb128 0x2
 1266 0567 08       		.byte	0x8
 1267 0568 C8       		.byte	0xc8
 1268 0569 00       		.byte	0
 1269 056a 08       		.uleb128 0x8
 1270 056b 34000000 		.4byte	.LVL59
 1271 056f 6C070000 		.4byte	0x76c
 1272 0573 7F050000 		.4byte	0x57f
 1273 0577 09       		.uleb128 0x9
 1274 0578 01       		.uleb128 0x1
 1275 0579 50       		.byte	0x50
 1276 057a 03       		.uleb128 0x3
 1277 057b 0A       		.byte	0xa
 1278 057c DC05     		.2byte	0x5dc
 1279 057e 00       		.byte	0
 1280 057f 08       		.uleb128 0x8
 1281 0580 3C000000 		.4byte	.LVL60
 1282 0584 EB030000 		.4byte	0x3eb
 1283 0588 94050000 		.4byte	0x594
 1284 058c 09       		.uleb128 0x9
 1285 058d 01       		.uleb128 0x1
 1286 058e 50       		.byte	0x50
 1287 058f 03       		.uleb128 0x3
 1288 0590 0A       		.byte	0xa
 1289 0591 E803     		.2byte	0x3e8
 1290 0593 00       		.byte	0
 1291 0594 08       		.uleb128 0x8
ARM GAS  C:\Users\suman\AppData\Local\Temp\ccrFBylt.s 			page 26


 1292 0595 44000000 		.4byte	.LVL61
 1293 0599 21040000 		.4byte	0x421
 1294 059d A9050000 		.4byte	0x5a9
 1295 05a1 09       		.uleb128 0x9
 1296 05a2 01       		.uleb128 0x1
 1297 05a3 50       		.byte	0x50
 1298 05a4 03       		.uleb128 0x3
 1299 05a5 0A       		.byte	0xa
 1300 05a6 E803     		.2byte	0x3e8
 1301 05a8 00       		.byte	0
 1302 05a9 08       		.uleb128 0x8
 1303 05aa 4C000000 		.4byte	.LVL62
 1304 05ae 6C070000 		.4byte	0x76c
 1305 05b2 BE050000 		.4byte	0x5be
 1306 05b6 09       		.uleb128 0x9
 1307 05b7 01       		.uleb128 0x1
 1308 05b8 50       		.byte	0x50
 1309 05b9 03       		.uleb128 0x3
 1310 05ba 0A       		.byte	0xa
 1311 05bb DC05     		.2byte	0x5dc
 1312 05bd 00       		.byte	0
 1313 05be 08       		.uleb128 0x8
 1314 05bf 52000000 		.4byte	.LVL63
 1315 05c3 B5000000 		.4byte	0xb5
 1316 05c7 D2050000 		.4byte	0x5d2
 1317 05cb 09       		.uleb128 0x9
 1318 05cc 01       		.uleb128 0x1
 1319 05cd 50       		.byte	0x50
 1320 05ce 02       		.uleb128 0x2
 1321 05cf 08       		.byte	0x8
 1322 05d0 C8       		.byte	0xc8
 1323 05d1 00       		.byte	0
 1324 05d2 08       		.uleb128 0x8
 1325 05d3 58000000 		.4byte	.LVL64
 1326 05d7 FE000000 		.4byte	0xfe
 1327 05db E6050000 		.4byte	0x5e6
 1328 05df 09       		.uleb128 0x9
 1329 05e0 01       		.uleb128 0x1
 1330 05e1 50       		.byte	0x50
 1331 05e2 02       		.uleb128 0x2
 1332 05e3 08       		.byte	0x8
 1333 05e4 C8       		.byte	0xc8
 1334 05e5 00       		.byte	0
 1335 05e6 08       		.uleb128 0x8
 1336 05e7 60000000 		.4byte	.LVL65
 1337 05eb 6C070000 		.4byte	0x76c
 1338 05ef FB050000 		.4byte	0x5fb
 1339 05f3 09       		.uleb128 0x9
 1340 05f4 01       		.uleb128 0x1
 1341 05f5 50       		.byte	0x50
 1342 05f6 03       		.uleb128 0x3
 1343 05f7 0A       		.byte	0xa
 1344 05f8 DC05     		.2byte	0x5dc
 1345 05fa 00       		.byte	0
 1346 05fb 08       		.uleb128 0x8
 1347 05fc 68000000 		.4byte	.LVL66
 1348 0600 47010000 		.4byte	0x147
ARM GAS  C:\Users\suman\AppData\Local\Temp\ccrFBylt.s 			page 27


 1349 0604 10060000 		.4byte	0x610
 1350 0608 09       		.uleb128 0x9
 1351 0609 01       		.uleb128 0x1
 1352 060a 50       		.byte	0x50
 1353 060b 03       		.uleb128 0x3
 1354 060c 0A       		.byte	0xa
 1355 060d F401     		.2byte	0x1f4
 1356 060f 00       		.byte	0
 1357 0610 08       		.uleb128 0x8
 1358 0611 70000000 		.4byte	.LVL67
 1359 0615 90010000 		.4byte	0x190
 1360 0619 25060000 		.4byte	0x625
 1361 061d 09       		.uleb128 0x9
 1362 061e 01       		.uleb128 0x1
 1363 061f 50       		.byte	0x50
 1364 0620 03       		.uleb128 0x3
 1365 0621 0A       		.byte	0xa
 1366 0622 F401     		.2byte	0x1f4
 1367 0624 00       		.byte	0
 1368 0625 08       		.uleb128 0x8
 1369 0626 78000000 		.4byte	.LVL68
 1370 062a 6C070000 		.4byte	0x76c
 1371 062e 3A060000 		.4byte	0x63a
 1372 0632 09       		.uleb128 0x9
 1373 0633 01       		.uleb128 0x1
 1374 0634 50       		.byte	0x50
 1375 0635 03       		.uleb128 0x3
 1376 0636 0A       		.byte	0xa
 1377 0637 DC05     		.2byte	0x5dc
 1378 0639 00       		.byte	0
 1379 063a 08       		.uleb128 0x8
 1380 063b 7E000000 		.4byte	.LVL69
 1381 063f EB030000 		.4byte	0x3eb
 1382 0643 4E060000 		.4byte	0x64e
 1383 0647 09       		.uleb128 0x9
 1384 0648 01       		.uleb128 0x1
 1385 0649 50       		.byte	0x50
 1386 064a 02       		.uleb128 0x2
 1387 064b 08       		.byte	0x8
 1388 064c C8       		.byte	0xc8
 1389 064d 00       		.byte	0
 1390 064e 08       		.uleb128 0x8
 1391 064f 84000000 		.4byte	.LVL70
 1392 0653 21040000 		.4byte	0x421
 1393 0657 62060000 		.4byte	0x662
 1394 065b 09       		.uleb128 0x9
 1395 065c 01       		.uleb128 0x1
 1396 065d 50       		.byte	0x50
 1397 065e 02       		.uleb128 0x2
 1398 065f 08       		.byte	0x8
 1399 0660 C8       		.byte	0xc8
 1400 0661 00       		.byte	0
 1401 0662 08       		.uleb128 0x8
 1402 0663 8C000000 		.4byte	.LVL71
 1403 0667 6C070000 		.4byte	0x76c
 1404 066b 77060000 		.4byte	0x677
 1405 066f 09       		.uleb128 0x9
ARM GAS  C:\Users\suman\AppData\Local\Temp\ccrFBylt.s 			page 28


 1406 0670 01       		.uleb128 0x1
 1407 0671 50       		.byte	0x50
 1408 0672 03       		.uleb128 0x3
 1409 0673 0A       		.byte	0xa
 1410 0674 DC05     		.2byte	0x5dc
 1411 0676 00       		.byte	0
 1412 0677 0C       		.uleb128 0xc
 1413 0678 90000000 		.4byte	.LVL72
 1414 067c 15020000 		.4byte	0x215
 1415 0680 0C       		.uleb128 0xc
 1416 0681 94000000 		.4byte	.LVL73
 1417 0685 E1020000 		.4byte	0x2e1
 1418 0689 0C       		.uleb128 0xc
 1419 068a 98000000 		.4byte	.LVL74
 1420 068e 90020000 		.4byte	0x290
 1421 0692 08       		.uleb128 0x8
 1422 0693 A0000000 		.4byte	.LVL75
 1423 0697 6C070000 		.4byte	0x76c
 1424 069b A7060000 		.4byte	0x6a7
 1425 069f 09       		.uleb128 0x9
 1426 06a0 01       		.uleb128 0x1
 1427 06a1 50       		.byte	0x50
 1428 06a2 03       		.uleb128 0x3
 1429 06a3 0A       		.byte	0xa
 1430 06a4 DC05     		.2byte	0x5dc
 1431 06a6 00       		.byte	0
 1432 06a7 0C       		.uleb128 0xc
 1433 06a8 A4000000 		.4byte	.LVL76
 1434 06ac 86030000 		.4byte	0x386
 1435 06b0 00       		.byte	0
 1436 06b1 0F       		.uleb128 0xf
 1437 06b2 3D030000 		.4byte	.LASF60
 1438 06b6 0E       		.byte	0xe
 1439 06b7 9606     		.2byte	0x696
 1440 06b9 BD060000 		.4byte	0x6bd
 1441 06bd 10       		.uleb128 0x10
 1442 06be 76000000 		.4byte	0x76
 1443 06c2 11       		.uleb128 0x11
 1444 06c3 C5000000 		.4byte	.LASF31
 1445 06c7 05       		.byte	0x5
 1446 06c8 C7       		.byte	0xc7
 1447 06c9 D3060000 		.4byte	0x6d3
 1448 06cd 12       		.uleb128 0x12
 1449 06ce 81000000 		.4byte	0x81
 1450 06d2 00       		.byte	0
 1451 06d3 11       		.uleb128 0x11
 1452 06d4 E1000000 		.4byte	.LASF32
 1453 06d8 05       		.byte	0x5
 1454 06d9 CA       		.byte	0xca
 1455 06da E4060000 		.4byte	0x6e4
 1456 06de 12       		.uleb128 0x12
 1457 06df 81000000 		.4byte	0x81
 1458 06e3 00       		.byte	0
 1459 06e4 11       		.uleb128 0x11
 1460 06e5 A8010000 		.4byte	.LASF33
 1461 06e9 06       		.byte	0x6
 1462 06ea C7       		.byte	0xc7
ARM GAS  C:\Users\suman\AppData\Local\Temp\ccrFBylt.s 			page 29


 1463 06eb F5060000 		.4byte	0x6f5
 1464 06ef 12       		.uleb128 0x12
 1465 06f0 81000000 		.4byte	0x81
 1466 06f4 00       		.byte	0
 1467 06f5 11       		.uleb128 0x11
 1468 06f6 C3010000 		.4byte	.LASF34
 1469 06fa 06       		.byte	0x6
 1470 06fb CA       		.byte	0xca
 1471 06fc 06070000 		.4byte	0x706
 1472 0700 12       		.uleb128 0x12
 1473 0701 81000000 		.4byte	0x81
 1474 0705 00       		.byte	0
 1475 0706 11       		.uleb128 0x11
 1476 0707 00000000 		.4byte	.LASF35
 1477 070b 07       		.byte	0x7
 1478 070c C7       		.byte	0xc7
 1479 070d 17070000 		.4byte	0x717
 1480 0711 12       		.uleb128 0x12
 1481 0712 81000000 		.4byte	0x81
 1482 0716 00       		.byte	0
 1483 0717 11       		.uleb128 0x11
 1484 0718 9E020000 		.4byte	.LASF36
 1485 071c 08       		.byte	0x8
 1486 071d C7       		.byte	0xc7
 1487 071e 28070000 		.4byte	0x728
 1488 0722 12       		.uleb128 0x12
 1489 0723 81000000 		.4byte	0x81
 1490 0727 00       		.byte	0
 1491 0728 11       		.uleb128 0x11
 1492 0729 18000000 		.4byte	.LASF37
 1493 072d 07       		.byte	0x7
 1494 072e CA       		.byte	0xca
 1495 072f 39070000 		.4byte	0x739
 1496 0733 12       		.uleb128 0x12
 1497 0734 81000000 		.4byte	0x81
 1498 0738 00       		.byte	0
 1499 0739 11       		.uleb128 0x11
 1500 073a B5020000 		.4byte	.LASF38
 1501 073e 08       		.byte	0x8
 1502 073f CA       		.byte	0xca
 1503 0740 4A070000 		.4byte	0x74a
 1504 0744 12       		.uleb128 0x12
 1505 0745 81000000 		.4byte	0x81
 1506 0749 00       		.byte	0
 1507 074a 11       		.uleb128 0x11
 1508 074b 85030000 		.4byte	.LASF39
 1509 074f 09       		.byte	0x9
 1510 0750 C7       		.byte	0xc7
 1511 0751 5B070000 		.4byte	0x75b
 1512 0755 12       		.uleb128 0x12
 1513 0756 81000000 		.4byte	0x81
 1514 075a 00       		.byte	0
 1515 075b 11       		.uleb128 0x11
 1516 075c 25030000 		.4byte	.LASF40
 1517 0760 09       		.byte	0x9
 1518 0761 CA       		.byte	0xca
 1519 0762 6C070000 		.4byte	0x76c
ARM GAS  C:\Users\suman\AppData\Local\Temp\ccrFBylt.s 			page 30


 1520 0766 12       		.uleb128 0x12
 1521 0767 81000000 		.4byte	0x81
 1522 076b 00       		.byte	0
 1523 076c 11       		.uleb128 0x11
 1524 076d 0B040000 		.4byte	.LASF41
 1525 0771 0A       		.byte	0xa
 1526 0772 76       		.byte	0x76
 1527 0773 7D070000 		.4byte	0x77d
 1528 0777 12       		.uleb128 0x12
 1529 0778 8D000000 		.4byte	0x8d
 1530 077c 00       		.byte	0
 1531 077d 11       		.uleb128 0x11
 1532 077e A0030000 		.4byte	.LASF42
 1533 0782 0B       		.byte	0xb
 1534 0783 C7       		.byte	0xc7
 1535 0784 8E070000 		.4byte	0x78e
 1536 0788 12       		.uleb128 0x12
 1537 0789 81000000 		.4byte	0x81
 1538 078d 00       		.byte	0
 1539 078e 11       		.uleb128 0x11
 1540 078f 76000000 		.4byte	.LASF43
 1541 0793 0C       		.byte	0xc
 1542 0794 C7       		.byte	0xc7
 1543 0795 9F070000 		.4byte	0x79f
 1544 0799 12       		.uleb128 0x12
 1545 079a 81000000 		.4byte	0x81
 1546 079e 00       		.byte	0
 1547 079f 11       		.uleb128 0x11
 1548 07a0 52010000 		.4byte	.LASF44
 1549 07a4 0D       		.byte	0xd
 1550 07a5 C7       		.byte	0xc7
 1551 07a6 B0070000 		.4byte	0x7b0
 1552 07aa 12       		.uleb128 0x12
 1553 07ab 81000000 		.4byte	0x81
 1554 07af 00       		.byte	0
 1555 07b0 11       		.uleb128 0x11
 1556 07b1 FD000000 		.4byte	.LASF45
 1557 07b5 0D       		.byte	0xd
 1558 07b6 CA       		.byte	0xca
 1559 07b7 C1070000 		.4byte	0x7c1
 1560 07bb 12       		.uleb128 0x12
 1561 07bc 81000000 		.4byte	0x81
 1562 07c0 00       		.byte	0
 1563 07c1 13       		.uleb128 0x13
 1564 07c2 3E010000 		.4byte	.LASF46
 1565 07c6 05       		.byte	0x5
 1566 07c7 92       		.byte	0x92
 1567 07c8 13       		.uleb128 0x13
 1568 07c9 13040000 		.4byte	.LASF47
 1569 07cd 06       		.byte	0x6
 1570 07ce 92       		.byte	0x92
 1571 07cf 13       		.uleb128 0x13
 1572 07d0 73020000 		.4byte	.LASF48
 1573 07d4 07       		.byte	0x7
 1574 07d5 92       		.byte	0x92
 1575 07d6 13       		.uleb128 0x13
 1576 07d7 C7030000 		.4byte	.LASF49
ARM GAS  C:\Users\suman\AppData\Local\Temp\ccrFBylt.s 			page 31


 1577 07db 08       		.byte	0x8
 1578 07dc 92       		.byte	0x92
 1579 07dd 13       		.uleb128 0x13
 1580 07de 30000000 		.4byte	.LASF50
 1581 07e2 09       		.byte	0x9
 1582 07e3 92       		.byte	0x92
 1583 07e4 13       		.uleb128 0x13
 1584 07e5 98000000 		.4byte	.LASF51
 1585 07e9 0B       		.byte	0xb
 1586 07ea 92       		.byte	0x92
 1587 07eb 13       		.uleb128 0x13
 1588 07ec F4030000 		.4byte	.LASF52
 1589 07f0 0D       		.byte	0xd
 1590 07f1 92       		.byte	0x92
 1591 07f2 13       		.uleb128 0x13
 1592 07f3 B5000000 		.4byte	.LASF53
 1593 07f7 0C       		.byte	0xc
 1594 07f8 92       		.byte	0x92
 1595 07f9 13       		.uleb128 0x13
 1596 07fa 18010000 		.4byte	.LASF54
 1597 07fe 05       		.byte	0x5
 1598 07ff 93       		.byte	0x93
 1599 0800 00       		.byte	0
 1600              		.section	.debug_abbrev,"",%progbits
 1601              	.Ldebug_abbrev0:
 1602 0000 01       		.uleb128 0x1
 1603 0001 11       		.uleb128 0x11
 1604 0002 01       		.byte	0x1
 1605 0003 25       		.uleb128 0x25
 1606 0004 0E       		.uleb128 0xe
 1607 0005 13       		.uleb128 0x13
 1608 0006 0B       		.uleb128 0xb
 1609 0007 03       		.uleb128 0x3
 1610 0008 0E       		.uleb128 0xe
 1611 0009 1B       		.uleb128 0x1b
 1612 000a 0E       		.uleb128 0xe
 1613 000b 55       		.uleb128 0x55
 1614 000c 17       		.uleb128 0x17
 1615 000d 11       		.uleb128 0x11
 1616 000e 01       		.uleb128 0x1
 1617 000f 10       		.uleb128 0x10
 1618 0010 17       		.uleb128 0x17
 1619 0011 00       		.byte	0
 1620 0012 00       		.byte	0
 1621 0013 02       		.uleb128 0x2
 1622 0014 24       		.uleb128 0x24
 1623 0015 00       		.byte	0
 1624 0016 0B       		.uleb128 0xb
 1625 0017 0B       		.uleb128 0xb
 1626 0018 3E       		.uleb128 0x3e
 1627 0019 0B       		.uleb128 0xb
 1628 001a 03       		.uleb128 0x3
 1629 001b 0E       		.uleb128 0xe
 1630 001c 00       		.byte	0
 1631 001d 00       		.byte	0
 1632 001e 03       		.uleb128 0x3
 1633 001f 16       		.uleb128 0x16
ARM GAS  C:\Users\suman\AppData\Local\Temp\ccrFBylt.s 			page 32


 1634 0020 00       		.byte	0
 1635 0021 03       		.uleb128 0x3
 1636 0022 0E       		.uleb128 0xe
 1637 0023 3A       		.uleb128 0x3a
 1638 0024 0B       		.uleb128 0xb
 1639 0025 3B       		.uleb128 0x3b
 1640 0026 0B       		.uleb128 0xb
 1641 0027 49       		.uleb128 0x49
 1642 0028 13       		.uleb128 0x13
 1643 0029 00       		.byte	0
 1644 002a 00       		.byte	0
 1645 002b 04       		.uleb128 0x4
 1646 002c 24       		.uleb128 0x24
 1647 002d 00       		.byte	0
 1648 002e 0B       		.uleb128 0xb
 1649 002f 0B       		.uleb128 0xb
 1650 0030 3E       		.uleb128 0x3e
 1651 0031 0B       		.uleb128 0xb
 1652 0032 03       		.uleb128 0x3
 1653 0033 08       		.uleb128 0x8
 1654 0034 00       		.byte	0
 1655 0035 00       		.byte	0
 1656 0036 05       		.uleb128 0x5
 1657 0037 16       		.uleb128 0x16
 1658 0038 00       		.byte	0
 1659 0039 03       		.uleb128 0x3
 1660 003a 0E       		.uleb128 0xe
 1661 003b 3A       		.uleb128 0x3a
 1662 003c 0B       		.uleb128 0xb
 1663 003d 3B       		.uleb128 0x3b
 1664 003e 05       		.uleb128 0x5
 1665 003f 49       		.uleb128 0x49
 1666 0040 13       		.uleb128 0x13
 1667 0041 00       		.byte	0
 1668 0042 00       		.byte	0
 1669 0043 06       		.uleb128 0x6
 1670 0044 2E       		.uleb128 0x2e
 1671 0045 01       		.byte	0x1
 1672 0046 3F       		.uleb128 0x3f
 1673 0047 19       		.uleb128 0x19
 1674 0048 03       		.uleb128 0x3
 1675 0049 0E       		.uleb128 0xe
 1676 004a 3A       		.uleb128 0x3a
 1677 004b 0B       		.uleb128 0xb
 1678 004c 3B       		.uleb128 0x3b
 1679 004d 0B       		.uleb128 0xb
 1680 004e 27       		.uleb128 0x27
 1681 004f 19       		.uleb128 0x19
 1682 0050 11       		.uleb128 0x11
 1683 0051 01       		.uleb128 0x1
 1684 0052 12       		.uleb128 0x12
 1685 0053 06       		.uleb128 0x6
 1686 0054 40       		.uleb128 0x40
 1687 0055 18       		.uleb128 0x18
 1688 0056 9742     		.uleb128 0x2117
 1689 0058 19       		.uleb128 0x19
 1690 0059 01       		.uleb128 0x1
ARM GAS  C:\Users\suman\AppData\Local\Temp\ccrFBylt.s 			page 33


 1691 005a 13       		.uleb128 0x13
 1692 005b 00       		.byte	0
 1693 005c 00       		.byte	0
 1694 005d 07       		.uleb128 0x7
 1695 005e 05       		.uleb128 0x5
 1696 005f 00       		.byte	0
 1697 0060 03       		.uleb128 0x3
 1698 0061 0E       		.uleb128 0xe
 1699 0062 3A       		.uleb128 0x3a
 1700 0063 0B       		.uleb128 0xb
 1701 0064 3B       		.uleb128 0x3b
 1702 0065 0B       		.uleb128 0xb
 1703 0066 49       		.uleb128 0x49
 1704 0067 13       		.uleb128 0x13
 1705 0068 02       		.uleb128 0x2
 1706 0069 17       		.uleb128 0x17
 1707 006a 00       		.byte	0
 1708 006b 00       		.byte	0
 1709 006c 08       		.uleb128 0x8
 1710 006d 898201   		.uleb128 0x4109
 1711 0070 01       		.byte	0x1
 1712 0071 11       		.uleb128 0x11
 1713 0072 01       		.uleb128 0x1
 1714 0073 31       		.uleb128 0x31
 1715 0074 13       		.uleb128 0x13
 1716 0075 01       		.uleb128 0x1
 1717 0076 13       		.uleb128 0x13
 1718 0077 00       		.byte	0
 1719 0078 00       		.byte	0
 1720 0079 09       		.uleb128 0x9
 1721 007a 8A8201   		.uleb128 0x410a
 1722 007d 00       		.byte	0
 1723 007e 02       		.uleb128 0x2
 1724 007f 18       		.uleb128 0x18
 1725 0080 9142     		.uleb128 0x2111
 1726 0082 18       		.uleb128 0x18
 1727 0083 00       		.byte	0
 1728 0084 00       		.byte	0
 1729 0085 0A       		.uleb128 0xa
 1730 0086 898201   		.uleb128 0x4109
 1731 0089 01       		.byte	0x1
 1732 008a 11       		.uleb128 0x11
 1733 008b 01       		.uleb128 0x1
 1734 008c 31       		.uleb128 0x31
 1735 008d 13       		.uleb128 0x13
 1736 008e 00       		.byte	0
 1737 008f 00       		.byte	0
 1738 0090 0B       		.uleb128 0xb
 1739 0091 2E       		.uleb128 0x2e
 1740 0092 01       		.byte	0x1
 1741 0093 3F       		.uleb128 0x3f
 1742 0094 19       		.uleb128 0x19
 1743 0095 03       		.uleb128 0x3
 1744 0096 0E       		.uleb128 0xe
 1745 0097 3A       		.uleb128 0x3a
 1746 0098 0B       		.uleb128 0xb
 1747 0099 3B       		.uleb128 0x3b
ARM GAS  C:\Users\suman\AppData\Local\Temp\ccrFBylt.s 			page 34


 1748 009a 0B       		.uleb128 0xb
 1749 009b 11       		.uleb128 0x11
 1750 009c 01       		.uleb128 0x1
 1751 009d 12       		.uleb128 0x12
 1752 009e 06       		.uleb128 0x6
 1753 009f 40       		.uleb128 0x40
 1754 00a0 18       		.uleb128 0x18
 1755 00a1 9742     		.uleb128 0x2117
 1756 00a3 19       		.uleb128 0x19
 1757 00a4 01       		.uleb128 0x1
 1758 00a5 13       		.uleb128 0x13
 1759 00a6 00       		.byte	0
 1760 00a7 00       		.byte	0
 1761 00a8 0C       		.uleb128 0xc
 1762 00a9 898201   		.uleb128 0x4109
 1763 00ac 00       		.byte	0
 1764 00ad 11       		.uleb128 0x11
 1765 00ae 01       		.uleb128 0x1
 1766 00af 31       		.uleb128 0x31
 1767 00b0 13       		.uleb128 0x13
 1768 00b1 00       		.byte	0
 1769 00b2 00       		.byte	0
 1770 00b3 0D       		.uleb128 0xd
 1771 00b4 2E       		.uleb128 0x2e
 1772 00b5 01       		.byte	0x1
 1773 00b6 3F       		.uleb128 0x3f
 1774 00b7 19       		.uleb128 0x19
 1775 00b8 03       		.uleb128 0x3
 1776 00b9 0E       		.uleb128 0xe
 1777 00ba 3A       		.uleb128 0x3a
 1778 00bb 0B       		.uleb128 0xb
 1779 00bc 3B       		.uleb128 0x3b
 1780 00bd 0B       		.uleb128 0xb
 1781 00be 27       		.uleb128 0x27
 1782 00bf 19       		.uleb128 0x19
 1783 00c0 49       		.uleb128 0x49
 1784 00c1 13       		.uleb128 0x13
 1785 00c2 11       		.uleb128 0x11
 1786 00c3 01       		.uleb128 0x1
 1787 00c4 12       		.uleb128 0x12
 1788 00c5 06       		.uleb128 0x6
 1789 00c6 40       		.uleb128 0x40
 1790 00c7 18       		.uleb128 0x18
 1791 00c8 9742     		.uleb128 0x2117
 1792 00ca 19       		.uleb128 0x19
 1793 00cb 01       		.uleb128 0x1
 1794 00cc 13       		.uleb128 0x13
 1795 00cd 00       		.byte	0
 1796 00ce 00       		.byte	0
 1797 00cf 0E       		.uleb128 0xe
 1798 00d0 34       		.uleb128 0x34
 1799 00d1 00       		.byte	0
 1800 00d2 03       		.uleb128 0x3
 1801 00d3 0E       		.uleb128 0xe
 1802 00d4 3A       		.uleb128 0x3a
 1803 00d5 0B       		.uleb128 0xb
 1804 00d6 3B       		.uleb128 0x3b
ARM GAS  C:\Users\suman\AppData\Local\Temp\ccrFBylt.s 			page 35


 1805 00d7 0B       		.uleb128 0xb
 1806 00d8 49       		.uleb128 0x49
 1807 00d9 13       		.uleb128 0x13
 1808 00da 1C       		.uleb128 0x1c
 1809 00db 05       		.uleb128 0x5
 1810 00dc 00       		.byte	0
 1811 00dd 00       		.byte	0
 1812 00de 0F       		.uleb128 0xf
 1813 00df 34       		.uleb128 0x34
 1814 00e0 00       		.byte	0
 1815 00e1 03       		.uleb128 0x3
 1816 00e2 0E       		.uleb128 0xe
 1817 00e3 3A       		.uleb128 0x3a
 1818 00e4 0B       		.uleb128 0xb
 1819 00e5 3B       		.uleb128 0x3b
 1820 00e6 05       		.uleb128 0x5
 1821 00e7 49       		.uleb128 0x49
 1822 00e8 13       		.uleb128 0x13
 1823 00e9 3F       		.uleb128 0x3f
 1824 00ea 19       		.uleb128 0x19
 1825 00eb 3C       		.uleb128 0x3c
 1826 00ec 19       		.uleb128 0x19
 1827 00ed 00       		.byte	0
 1828 00ee 00       		.byte	0
 1829 00ef 10       		.uleb128 0x10
 1830 00f0 35       		.uleb128 0x35
 1831 00f1 00       		.byte	0
 1832 00f2 49       		.uleb128 0x49
 1833 00f3 13       		.uleb128 0x13
 1834 00f4 00       		.byte	0
 1835 00f5 00       		.byte	0
 1836 00f6 11       		.uleb128 0x11
 1837 00f7 2E       		.uleb128 0x2e
 1838 00f8 01       		.byte	0x1
 1839 00f9 3F       		.uleb128 0x3f
 1840 00fa 19       		.uleb128 0x19
 1841 00fb 03       		.uleb128 0x3
 1842 00fc 0E       		.uleb128 0xe
 1843 00fd 3A       		.uleb128 0x3a
 1844 00fe 0B       		.uleb128 0xb
 1845 00ff 3B       		.uleb128 0x3b
 1846 0100 0B       		.uleb128 0xb
 1847 0101 27       		.uleb128 0x27
 1848 0102 19       		.uleb128 0x19
 1849 0103 3C       		.uleb128 0x3c
 1850 0104 19       		.uleb128 0x19
 1851 0105 01       		.uleb128 0x1
 1852 0106 13       		.uleb128 0x13
 1853 0107 00       		.byte	0
 1854 0108 00       		.byte	0
 1855 0109 12       		.uleb128 0x12
 1856 010a 05       		.uleb128 0x5
 1857 010b 00       		.byte	0
 1858 010c 49       		.uleb128 0x49
 1859 010d 13       		.uleb128 0x13
 1860 010e 00       		.byte	0
 1861 010f 00       		.byte	0
ARM GAS  C:\Users\suman\AppData\Local\Temp\ccrFBylt.s 			page 36


 1862 0110 13       		.uleb128 0x13
 1863 0111 2E       		.uleb128 0x2e
 1864 0112 00       		.byte	0
 1865 0113 3F       		.uleb128 0x3f
 1866 0114 19       		.uleb128 0x19
 1867 0115 03       		.uleb128 0x3
 1868 0116 0E       		.uleb128 0xe
 1869 0117 3A       		.uleb128 0x3a
 1870 0118 0B       		.uleb128 0xb
 1871 0119 3B       		.uleb128 0x3b
 1872 011a 0B       		.uleb128 0xb
 1873 011b 27       		.uleb128 0x27
 1874 011c 19       		.uleb128 0x19
 1875 011d 3C       		.uleb128 0x3c
 1876 011e 19       		.uleb128 0x19
 1877 011f 00       		.byte	0
 1878 0120 00       		.byte	0
 1879 0121 00       		.byte	0
 1880              		.section	.debug_loc,"",%progbits
 1881              	.Ldebug_loc0:
 1882              	.LLST0:
 1883 0000 00000000 		.4byte	.LVL0
 1884 0004 06000000 		.4byte	.LVL1
 1885 0008 0100     		.2byte	0x1
 1886 000a 50       		.byte	0x50
 1887 000b 06000000 		.4byte	.LVL1
 1888 000f 12000000 		.4byte	.LFE63
 1889 0013 0400     		.2byte	0x4
 1890 0015 F3       		.byte	0xf3
 1891 0016 01       		.uleb128 0x1
 1892 0017 50       		.byte	0x50
 1893 0018 9F       		.byte	0x9f
 1894 0019 00000000 		.4byte	0
 1895 001d 00000000 		.4byte	0
 1896              	.LLST1:
 1897 0021 00000000 		.4byte	.LVL4
 1898 0025 06000000 		.4byte	.LVL5
 1899 0029 0100     		.2byte	0x1
 1900 002b 50       		.byte	0x50
 1901 002c 06000000 		.4byte	.LVL5
 1902 0030 12000000 		.4byte	.LFE64
 1903 0034 0400     		.2byte	0x4
 1904 0036 F3       		.byte	0xf3
 1905 0037 01       		.uleb128 0x1
 1906 0038 50       		.byte	0x50
 1907 0039 9F       		.byte	0x9f
 1908 003a 00000000 		.4byte	0
 1909 003e 00000000 		.4byte	0
 1910              	.LLST2:
 1911 0042 00000000 		.4byte	.LVL8
 1912 0046 06000000 		.4byte	.LVL9
 1913 004a 0100     		.2byte	0x1
 1914 004c 50       		.byte	0x50
 1915 004d 06000000 		.4byte	.LVL9
 1916 0051 12000000 		.4byte	.LFE65
 1917 0055 0400     		.2byte	0x4
 1918 0057 F3       		.byte	0xf3
ARM GAS  C:\Users\suman\AppData\Local\Temp\ccrFBylt.s 			page 37


 1919 0058 01       		.uleb128 0x1
 1920 0059 50       		.byte	0x50
 1921 005a 9F       		.byte	0x9f
 1922 005b 00000000 		.4byte	0
 1923 005f 00000000 		.4byte	0
 1924              	.LLST3:
 1925 0063 00000000 		.4byte	.LVL12
 1926 0067 06000000 		.4byte	.LVL13
 1927 006b 0100     		.2byte	0x1
 1928 006d 50       		.byte	0x50
 1929 006e 06000000 		.4byte	.LVL13
 1930 0072 12000000 		.4byte	.LFE66
 1931 0076 0400     		.2byte	0x4
 1932 0078 F3       		.byte	0xf3
 1933 0079 01       		.uleb128 0x1
 1934 007a 50       		.byte	0x50
 1935 007b 9F       		.byte	0x9f
 1936 007c 00000000 		.4byte	0
 1937 0080 00000000 		.4byte	0
 1938              	.LLST4:
 1939 0084 00000000 		.4byte	.LVL37
 1940 0088 04000000 		.4byte	.LVL38
 1941 008c 0100     		.2byte	0x1
 1942 008e 50       		.byte	0x50
 1943 008f 04000000 		.4byte	.LVL38
 1944 0093 0A000000 		.4byte	.LFE72
 1945 0097 0400     		.2byte	0x4
 1946 0099 F3       		.byte	0xf3
 1947 009a 01       		.uleb128 0x1
 1948 009b 50       		.byte	0x50
 1949 009c 9F       		.byte	0x9f
 1950 009d 00000000 		.4byte	0
 1951 00a1 00000000 		.4byte	0
 1952              	.LLST5:
 1953 00a5 00000000 		.4byte	.LVL40
 1954 00a9 04000000 		.4byte	.LVL41
 1955 00ad 0100     		.2byte	0x1
 1956 00af 50       		.byte	0x50
 1957 00b0 04000000 		.4byte	.LVL41
 1958 00b4 0A000000 		.4byte	.LFE73
 1959 00b8 0400     		.2byte	0x4
 1960 00ba F3       		.byte	0xf3
 1961 00bb 01       		.uleb128 0x1
 1962 00bc 50       		.byte	0x50
 1963 00bd 9F       		.byte	0x9f
 1964 00be 00000000 		.4byte	0
 1965 00c2 00000000 		.4byte	0
 1966              		.section	.debug_aranges,"",%progbits
 1967 0000 84000000 		.4byte	0x84
 1968 0004 0200     		.2byte	0x2
 1969 0006 00000000 		.4byte	.Ldebug_info0
 1970 000a 04       		.byte	0x4
 1971 000b 00       		.byte	0
 1972 000c 0000     		.2byte	0
 1973 000e 0000     		.2byte	0
 1974 0010 00000000 		.4byte	.LFB63
 1975 0014 12000000 		.4byte	.LFE63-.LFB63
ARM GAS  C:\Users\suman\AppData\Local\Temp\ccrFBylt.s 			page 38


 1976 0018 00000000 		.4byte	.LFB64
 1977 001c 12000000 		.4byte	.LFE64-.LFB64
 1978 0020 00000000 		.4byte	.LFB65
 1979 0024 12000000 		.4byte	.LFE65-.LFB65
 1980 0028 00000000 		.4byte	.LFB66
 1981 002c 12000000 		.4byte	.LFE66-.LFB66
 1982 0030 00000000 		.4byte	.LFB67
 1983 0034 14000000 		.4byte	.LFE67-.LFB67
 1984 0038 00000000 		.4byte	.LFB68
 1985 003c 2C000000 		.4byte	.LFE68-.LFB68
 1986 0040 00000000 		.4byte	.LFB69
 1987 0044 1C000000 		.4byte	.LFE69-.LFB69
 1988 0048 00000000 		.4byte	.LFB70
 1989 004c 3C000000 		.4byte	.LFE70-.LFB70
 1990 0050 00000000 		.4byte	.LFB71
 1991 0054 22000000 		.4byte	.LFE71-.LFB71
 1992 0058 00000000 		.4byte	.LFB72
 1993 005c 0A000000 		.4byte	.LFE72-.LFB72
 1994 0060 00000000 		.4byte	.LFB73
 1995 0064 0A000000 		.4byte	.LFE73-.LFB73
 1996 0068 00000000 		.4byte	.LFB74
 1997 006c 24000000 		.4byte	.LFE74-.LFB74
 1998 0070 00000000 		.4byte	.LFB75
 1999 0074 08000000 		.4byte	.LFE75-.LFB75
 2000 0078 00000000 		.4byte	.LFB76
 2001 007c A6000000 		.4byte	.LFE76-.LFB76
 2002 0080 00000000 		.4byte	0
 2003 0084 00000000 		.4byte	0
 2004              		.section	.debug_ranges,"",%progbits
 2005              	.Ldebug_ranges0:
 2006 0000 00000000 		.4byte	.LFB63
 2007 0004 12000000 		.4byte	.LFE63
 2008 0008 00000000 		.4byte	.LFB64
 2009 000c 12000000 		.4byte	.LFE64
 2010 0010 00000000 		.4byte	.LFB65
 2011 0014 12000000 		.4byte	.LFE65
 2012 0018 00000000 		.4byte	.LFB66
 2013 001c 12000000 		.4byte	.LFE66
 2014 0020 00000000 		.4byte	.LFB67
 2015 0024 14000000 		.4byte	.LFE67
 2016 0028 00000000 		.4byte	.LFB68
 2017 002c 2C000000 		.4byte	.LFE68
 2018 0030 00000000 		.4byte	.LFB69
 2019 0034 1C000000 		.4byte	.LFE69
 2020 0038 00000000 		.4byte	.LFB70
 2021 003c 3C000000 		.4byte	.LFE70
 2022 0040 00000000 		.4byte	.LFB71
 2023 0044 22000000 		.4byte	.LFE71
 2024 0048 00000000 		.4byte	.LFB72
 2025 004c 0A000000 		.4byte	.LFE72
 2026 0050 00000000 		.4byte	.LFB73
 2027 0054 0A000000 		.4byte	.LFE73
 2028 0058 00000000 		.4byte	.LFB74
 2029 005c 24000000 		.4byte	.LFE74
 2030 0060 00000000 		.4byte	.LFB75
 2031 0064 08000000 		.4byte	.LFE75
 2032 0068 00000000 		.4byte	.LFB76
ARM GAS  C:\Users\suman\AppData\Local\Temp\ccrFBylt.s 			page 39


 2033 006c A6000000 		.4byte	.LFE76
 2034 0070 00000000 		.4byte	0
 2035 0074 00000000 		.4byte	0
 2036              		.section	.debug_line,"",%progbits
 2037              	.Ldebug_line0:
 2038 0000 0E030000 		.section	.debug_str,"MS",%progbits,1
 2038      02009201 
 2038      00000201 
 2038      FB0E0D00 
 2038      01010101 
 2039              	.LASF35:
 2040 0000 52696768 		.ascii	"Right_Eye_WriteCompare1\000"
 2040      745F4579 
 2040      655F5772 
 2040      69746543 
 2040      6F6D7061 
 2041              	.LASF37:
 2042 0018 52696768 		.ascii	"Right_Eye_WriteCompare2\000"
 2042      745F4579 
 2042      655F5772 
 2042      69746543 
 2042      6F6D7061 
 2043              	.LASF50:
 2044 0030 4E65636B 		.ascii	"Neck_Start\000"
 2044      5F537461 
 2044      727400
 2045              	.LASF29:
 2046 003b 696E6974 		.ascii	"initializeAllComponenets\000"
 2046      69616C69 
 2046      7A65416C 
 2046      6C436F6D 
 2046      706F6E65 
 2047              	.LASF19:
 2048 0054 76616C75 		.ascii	"value\000"
 2048      6500
 2049              	.LASF9:
 2050 005a 5F5F696E 		.ascii	"__int32_t\000"
 2050      7433325F 
 2050      7400
 2051              	.LASF30:
 2052 0064 73746F70 		.ascii	"stopAllComponents\000"
 2052      416C6C43 
 2052      6F6D706F 
 2052      6E656E74 
 2052      7300
 2053              	.LASF43:
 2054 0076 4A61775F 		.ascii	"Jaw_WriteCompare1\000"
 2054      57726974 
 2054      65436F6D 
 2054      70617265 
 2054      3100
 2055              	.LASF23:
 2056 0088 6D6F7665 		.ascii	"moveNeck\000"
 2056      4E65636B 
 2056      00
 2057              	.LASF14:
 2058 0091 646F7562 		.ascii	"double\000"
ARM GAS  C:\Users\suman\AppData\Local\Temp\ccrFBylt.s 			page 40


 2058      6C6500
 2059              	.LASF51:
 2060 0098 42617365 		.ascii	"Base_Jaw_Start\000"
 2060      5F4A6177 
 2060      5F537461 
 2060      727400
 2061              	.LASF21:
 2062 00a7 6D6F7665 		.ascii	"moveEyesRight\000"
 2062      45796573 
 2062      52696768 
 2062      7400
 2063              	.LASF53:
 2064 00b5 4A61775F 		.ascii	"Jaw_Start\000"
 2064      53746172 
 2064      7400
 2065              	.LASF13:
 2066 00bf 666C6F61 		.ascii	"float\000"
 2066      7400
 2067              	.LASF31:
 2068 00c5 52696768 		.ascii	"Right_Eyebrow_WriteCompare1\000"
 2068      745F4579 
 2068      6562726F 
 2068      775F5772 
 2068      69746543 
 2069              	.LASF32:
 2070 00e1 52696768 		.ascii	"Right_Eyebrow_WriteCompare2\000"
 2070      745F4579 
 2070      6562726F 
 2070      775F5772 
 2070      69746543 
 2071              	.LASF45:
 2072 00fd 4C69705F 		.ascii	"Lip_WriteCompare2\000"
 2072      57726974 
 2072      65436F6D 
 2072      70617265 
 2072      3200
 2073              	.LASF56:
 2074 010f 2E5C6D61 		.ascii	".\\main.c\000"
 2074      696E2E63 
 2074      00
 2075              	.LASF54:
 2076 0118 52696768 		.ascii	"Right_Eyebrow_Stop\000"
 2076      745F4579 
 2076      6562726F 
 2076      775F5374 
 2076      6F7000
 2077              	.LASF3:
 2078 012b 73686F72 		.ascii	"short unsigned int\000"
 2078      7420756E 
 2078      7369676E 
 2078      65642069 
 2078      6E7400
 2079              	.LASF46:
 2080 013e 52696768 		.ascii	"Right_Eyebrow_Start\000"
 2080      745F4579 
 2080      6562726F 
 2080      775F5374 
ARM GAS  C:\Users\suman\AppData\Local\Temp\ccrFBylt.s 			page 41


 2080      61727400 
 2081              	.LASF44:
 2082 0152 4C69705F 		.ascii	"Lip_WriteCompare1\000"
 2082      57726974 
 2082      65436F6D 
 2082      70617265 
 2082      3100
 2083              	.LASF20:
 2084 0164 6D6F7665 		.ascii	"moveEyesLeft\000"
 2084      45796573 
 2084      4C656674 
 2084      00
 2085              	.LASF22:
 2086 0171 6D6F7665 		.ascii	"moveEyes\000"
 2086      45796573 
 2086      00
 2087              	.LASF5:
 2088 017a 6C6F6E67 		.ascii	"long unsigned int\000"
 2088      20756E73 
 2088      69676E65 
 2088      6420696E 
 2088      7400
 2089              	.LASF59:
 2090 018c 636F6D70 		.ascii	"compareVal\000"
 2090      61726556 
 2090      616C00
 2091              	.LASF2:
 2092 0197 73686F72 		.ascii	"short int\000"
 2092      7420696E 
 2092      7400
 2093              	.LASF11:
 2094 01a1 75696E74 		.ascii	"uint16\000"
 2094      313600
 2095              	.LASF33:
 2096 01a8 4C656674 		.ascii	"Left_Eyebrow_WriteCompare1\000"
 2096      5F457965 
 2096      62726F77 
 2096      5F577269 
 2096      7465436F 
 2097              	.LASF34:
 2098 01c3 4C656674 		.ascii	"Left_Eyebrow_WriteCompare2\000"
 2098      5F457965 
 2098      62726F77 
 2098      5F577269 
 2098      7465436F 
 2099              	.LASF12:
 2100 01de 75696E74 		.ascii	"uint32\000"
 2100      333200
 2101              	.LASF55:
 2102 01e5 474E5520 		.ascii	"GNU C 4.9.3 20150303 (release) [ARM/embedded-4_9-br"
 2102      4320342E 
 2102      392E3320 
 2102      32303135 
 2102      30333033 
 2103 0218 616E6368 		.ascii	"anch revision 221220] -mcpu=cortex-m3 -mthumb -g -O"
 2103      20726576 
 2103      6973696F 
ARM GAS  C:\Users\suman\AppData\Local\Temp\ccrFBylt.s 			page 42


 2103      6E203232 
 2103      31323230 
 2104 024b 67202D66 		.ascii	"g -ffunction-sections -ffat-lto-objects\000"
 2104      66756E63 
 2104      74696F6E 
 2104      2D736563 
 2104      74696F6E 
 2105              	.LASF48:
 2106 0273 52696768 		.ascii	"Right_Eye_Start\000"
 2106      745F4579 
 2106      655F5374 
 2106      61727400 
 2107              	.LASF1:
 2108 0283 756E7369 		.ascii	"unsigned char\000"
 2108      676E6564 
 2108      20636861 
 2108      7200
 2109              	.LASF8:
 2110 0291 756E7369 		.ascii	"unsigned int\000"
 2110      676E6564 
 2110      20696E74 
 2110      00
 2111              	.LASF36:
 2112 029e 4C656674 		.ascii	"Left_Eye_WriteCompare1\000"
 2112      5F457965 
 2112      5F577269 
 2112      7465436F 
 2112      6D706172 
 2113              	.LASF38:
 2114 02b5 4C656674 		.ascii	"Left_Eye_WriteCompare2\000"
 2114      5F457965 
 2114      5F577269 
 2114      7465436F 
 2114      6D706172 
 2115              	.LASF7:
 2116 02cc 6C6F6E67 		.ascii	"long long unsigned int\000"
 2116      206C6F6E 
 2116      6720756E 
 2116      7369676E 
 2116      65642069 
 2117              	.LASF18:
 2118 02e3 7361644C 		.ascii	"sadLeftEyebrow\000"
 2118      65667445 
 2118      79656272 
 2118      6F7700
 2119              	.LASF57:
 2120 02f2 463A5C50 		.ascii	"F:\\Projects\\PSOCCreator\\Workspace01\\Design01.cy"
 2120      726F6A65 
 2120      6374735C 
 2120      50534F43 
 2120      43726561 
 2121 0321 64736E00 		.ascii	"dsn\000"
 2122              	.LASF40:
 2123 0325 4E65636B 		.ascii	"Neck_WriteCompare2\000"
 2123      5F577269 
 2123      7465436F 
 2123      6D706172 
ARM GAS  C:\Users\suman\AppData\Local\Temp\ccrFBylt.s 			page 43


 2123      653200
 2124              	.LASF58:
 2125 0338 6D61696E 		.ascii	"main\000"
 2125      00
 2126              	.LASF60:
 2127 033d 49544D5F 		.ascii	"ITM_RxBuffer\000"
 2127      52784275 
 2127      66666572 
 2127      00
 2128              	.LASF28:
 2129 034a 6D6F7665 		.ascii	"moveLeftLip\000"
 2129      4C656674 
 2129      4C697000 
 2130              	.LASF10:
 2131 0356 696E7433 		.ascii	"int32_t\000"
 2131      325F7400 
 2132              	.LASF16:
 2133 035e 73697A65 		.ascii	"sizetype\000"
 2133      74797065 
 2133      00
 2134              	.LASF6:
 2135 0367 6C6F6E67 		.ascii	"long long int\000"
 2135      206C6F6E 
 2135      6720696E 
 2135      7400
 2136              	.LASF15:
 2137 0375 63686172 		.ascii	"char\000"
 2137      00
 2138              	.LASF24:
 2139 037a 726F7461 		.ascii	"rotateHead\000"
 2139      74654865 
 2139      616400
 2140              	.LASF39:
 2141 0385 4E65636B 		.ascii	"Neck_WriteCompare1\000"
 2141      5F577269 
 2141      7465436F 
 2141      6D706172 
 2141      653100
 2142              	.LASF26:
 2143 0398 6D6F7665 		.ascii	"moveJaw\000"
 2143      4A617700 
 2144              	.LASF42:
 2145 03a0 42617365 		.ascii	"Base_Jaw_WriteCompare1\000"
 2145      5F4A6177 
 2145      5F577269 
 2145      7465436F 
 2145      6D706172 
 2146              	.LASF17:
 2147 03b7 73616452 		.ascii	"sadRightEyebrow\000"
 2147      69676874 
 2147      45796562 
 2147      726F7700 
 2148              	.LASF49:
 2149 03c7 4C656674 		.ascii	"Left_Eye_Start\000"
 2149      5F457965 
 2149      5F537461 
 2149      727400
ARM GAS  C:\Users\suman\AppData\Local\Temp\ccrFBylt.s 			page 44


 2150              	.LASF4:
 2151 03d6 6C6F6E67 		.ascii	"long int\000"
 2151      20696E74 
 2151      00
 2152              	.LASF25:
 2153 03df 74696C74 		.ascii	"tiltNeck\000"
 2153      4E65636B 
 2153      00
 2154              	.LASF0:
 2155 03e8 7369676E 		.ascii	"signed char\000"
 2155      65642063 
 2155      68617200 
 2156              	.LASF52:
 2157 03f4 4C69705F 		.ascii	"Lip_Start\000"
 2157      53746172 
 2157      7400
 2158              	.LASF27:
 2159 03fe 6D6F7665 		.ascii	"moveRightLip\000"
 2159      52696768 
 2159      744C6970 
 2159      00
 2160              	.LASF41:
 2161 040b 43794465 		.ascii	"CyDelay\000"
 2161      6C617900 
 2162              	.LASF47:
 2163 0413 4C656674 		.ascii	"Left_Eyebrow_Start\000"
 2163      5F457965 
 2163      62726F77 
 2163      5F537461 
 2163      727400
 2164              		.ident	"GCC: (GNU Tools for ARM Embedded Processors) 4.9.3 20150303 (release) [ARM/embedded-4_9-br
